{"C:\\Users\\xiggy\\YOUTUBE-TRANSCRIPT-APP\\frontend\\src\\App.js": {"path":"C:\\Users\\xiggy\\YOUTUBE-TRANSCRIPT-APP\\frontend\\src\\App.js","statementMap":{"0":{"start":{"line":18,"column":2},"end":{"line":46,"column":4}}},"fnMap":{"0":{"name":"App","decl":{"start":{"line":17,"column":24},"end":{"line":17,"column":27}},"loc":{"start":{"line":17,"column":30},"end":{"line":47,"column":1}},"line":17}},"branchMap":{},"s":{"0":0},"f":{"0":0},"b":{}}
,"C:\\Users\\xiggy\\YOUTUBE-TRANSCRIPT-APP\\frontend\\src\\index.js": {"path":"C:\\Users\\xiggy\\YOUTUBE-TRANSCRIPT-APP\\frontend\\src\\index.js","statementMap":{"0":{"start":{"line":12,"column":13},"end":{"line":12,"column":65}},"1":{"start":{"line":13,"column":0},"end":{"line":35,"column":2}}},"fnMap":{},"branchMap":{},"s":{"0":0,"1":0},"f":{},"b":{}}
,"C:\\Users\\xiggy\\YOUTUBE-TRANSCRIPT-APP\\frontend\\src\\site.config.js": {"path":"C:\\Users\\xiggy\\YOUTUBE-TRANSCRIPT-APP\\frontend\\src\\site.config.js","statementMap":{},"fnMap":{},"branchMap":{},"s":{},"f":{},"b":{}}
,"C:\\Users\\xiggy\\YOUTUBE-TRANSCRIPT-APP\\frontend\\src\\components\\AuthDebug.js": {"path":"C:\\Users\\xiggy\\YOUTUBE-TRANSCRIPT-APP\\frontend\\src\\components\\AuthDebug.js","statementMap":{"0":{"start":{"line":5,"column":21},"end":{"line":5,"column":48}},"1":{"start":{"line":7,"column":18},"end":{"line":243,"column":1}},"2":{"start":{"line":8,"column":86},"end":{"line":8,"column":95}},"3":{"start":{"line":9,"column":36},"end":{"line":9,"column":48}},"4":{"start":{"line":10,"column":40},"end":{"line":10,"column":52}},"5":{"start":{"line":11,"column":46},"end":{"line":11,"column":61}},"6":{"start":{"line":14,"column":2},"end":{"line":46,"column":48}},"7":{"start":{"line":15,"column":28},"end":{"line":40,"column":5}},"8":{"start":{"line":16,"column":25},"end":{"line":16,"column":54}},"9":{"start":{"line":17,"column":24},"end":{"line":17,"column":52}},"10":{"start":{"line":19,"column":6},"end":{"line":39,"column":9}},"11":{"start":{"line":42,"column":4},"end":{"line":42,"column":22}},"12":{"start":{"line":43,"column":21},"end":{"line":43,"column":55}},"13":{"start":{"line":45,"column":4},"end":{"line":45,"column":41}},"14":{"start":{"line":45,"column":17},"end":{"line":45,"column":40}},"15":{"start":{"line":49,"column":29},"end":{"line":129,"column":3}},"16":{"start":{"line":50,"column":4},"end":{"line":50,"column":28}},"17":{"start":{"line":51,"column":20},"end":{"line":51,"column":22}},"18":{"start":{"line":53,"column":4},"end":{"line":125,"column":5}},"19":{"start":{"line":55,"column":6},"end":{"line":55,"column":53}},"20":{"start":{"line":56,"column":6},"end":{"line":71,"column":7}},"21":{"start":{"line":57,"column":25},"end":{"line":60,"column":10}},"22":{"start":{"line":61,"column":8},"end":{"line":65,"column":10}},"23":{"start":{"line":67,"column":8},"end":{"line":70,"column":10}},"24":{"start":{"line":74,"column":6},"end":{"line":74,"column":43}},"25":{"start":{"line":75,"column":6},"end":{"line":94,"column":7}},"26":{"start":{"line":76,"column":25},"end":{"line":83,"column":10}},"27":{"start":{"line":84,"column":8},"end":{"line":88,"column":10}},"28":{"start":{"line":90,"column":8},"end":{"line":93,"column":10}},"29":{"start":{"line":97,"column":6},"end":{"line":113,"column":7}},"30":{"start":{"line":98,"column":8},"end":{"line":98,"column":51}},"31":{"start":{"line":99,"column":8},"end":{"line":112,"column":9}},"32":{"start":{"line":100,"column":27},"end":{"line":100,"column":53}},"33":{"start":{"line":101,"column":10},"end":{"line":104,"column":12}},"34":{"start":{"line":106,"column":10},"end":{"line":111,"column":12}},"35":{"start":{"line":116,"column":6},"end":{"line":116,"column":60}},"36":{"start":{"line":117,"column":6},"end":{"line":120,"column":8}},"37":{"start":{"line":123,"column":6},"end":{"line":123,"column":56}},"38":{"start":{"line":124,"column":6},"end":{"line":124,"column":42}},"39":{"start":{"line":127,"column":4},"end":{"line":127,"column":28}},"40":{"start":{"line":128,"column":4},"end":{"line":128,"column":29}},"41":{"start":{"line":132,"column":20},"end":{"line":153,"column":3}},"42":{"start":{"line":133,"column":21},"end":{"line":133,"column":51}},"43":{"start":{"line":134,"column":21},"end":{"line":134,"column":51}},"44":{"start":{"line":136,"column":4},"end":{"line":136,"column":39}},"45":{"start":{"line":136,"column":32},"end":{"line":136,"column":39}},"46":{"start":{"line":138,"column":4},"end":{"line":152,"column":5}},"47":{"start":{"line":139,"column":23},"end":{"line":139,"column":37}},"48":{"start":{"line":140,"column":6},"end":{"line":140,"column":44}},"49":{"start":{"line":141,"column":6},"end":{"line":141,"column":44}},"50":{"start":{"line":143,"column":23},"end":{"line":147,"column":8}},"51":{"start":{"line":149,"column":6},"end":{"line":149,"column":95}},"52":{"start":{"line":151,"column":6},"end":{"line":151,"column":83}},"53":{"start":{"line":156,"column":26},"end":{"line":161,"column":3}},"54":{"start":{"line":157,"column":4},"end":{"line":160,"column":5}},"55":{"start":{"line":158,"column":6},"end":{"line":158,"column":18}},"56":{"start":{"line":159,"column":6},"end":{"line":159,"column":44}},"57":{"start":{"line":163,"column":2},"end":{"line":242,"column":4}},"58":{"start":{"line":168,"column":25},"end":{"line":168,"column":85}},"59":{"start":{"line":225,"column":14},"end":{"line":229,"column":20}},"60":{"start":{"line":246,"column":27},"end":{"line":271,"column":1}},"61":{"start":{"line":247,"column":36},"end":{"line":247,"column":51}},"62":{"start":{"line":250,"column":2},"end":{"line":252,"column":3}},"63":{"start":{"line":251,"column":4},"end":{"line":251,"column":16}},"64":{"start":{"line":254,"column":2},"end":{"line":270,"column":4}},"65":{"start":{"line":257,"column":23},"end":{"line":257,"column":47}}},"fnMap":{"0":{"name":"(anonymous_0)","decl":{"start":{"line":7,"column":18},"end":{"line":7,"column":19}},"loc":{"start":{"line":7,"column":24},"end":{"line":243,"column":1}},"line":7},"1":{"name":"(anonymous_1)","decl":{"start":{"line":14,"column":12},"end":{"line":14,"column":13}},"loc":{"start":{"line":14,"column":18},"end":{"line":46,"column":3}},"line":14},"2":{"name":"(anonymous_2)","decl":{"start":{"line":15,"column":28},"end":{"line":15,"column":29}},"loc":{"start":{"line":15,"column":34},"end":{"line":40,"column":5}},"line":15},"3":{"name":"(anonymous_3)","decl":{"start":{"line":45,"column":11},"end":{"line":45,"column":12}},"loc":{"start":{"line":45,"column":17},"end":{"line":45,"column":40}},"line":45},"4":{"name":"(anonymous_4)","decl":{"start":{"line":49,"column":29},"end":{"line":49,"column":30}},"loc":{"start":{"line":49,"column":41},"end":{"line":129,"column":3}},"line":49},"5":{"name":"(anonymous_5)","decl":{"start":{"line":132,"column":20},"end":{"line":132,"column":21}},"loc":{"start":{"line":132,"column":32},"end":{"line":153,"column":3}},"line":132},"6":{"name":"(anonymous_6)","decl":{"start":{"line":156,"column":26},"end":{"line":156,"column":27}},"loc":{"start":{"line":156,"column":32},"end":{"line":161,"column":3}},"line":156},"7":{"name":"(anonymous_7)","decl":{"start":{"line":168,"column":19},"end":{"line":168,"column":20}},"loc":{"start":{"line":168,"column":25},"end":{"line":168,"column":85}},"line":168},"8":{"name":"(anonymous_8)","decl":{"start":{"line":224,"column":45},"end":{"line":224,"column":46}},"loc":{"start":{"line":225,"column":14},"end":{"line":229,"column":20}},"line":225},"9":{"name":"(anonymous_9)","decl":{"start":{"line":246,"column":27},"end":{"line":246,"column":28}},"loc":{"start":{"line":246,"column":33},"end":{"line":271,"column":1}},"line":246},"10":{"name":"(anonymous_10)","decl":{"start":{"line":257,"column":17},"end":{"line":257,"column":18}},"loc":{"start":{"line":257,"column":23},"end":{"line":257,"column":47}},"line":257}},"branchMap":{"0":{"loc":{"start":{"line":22,"column":22},"end":{"line":22,"column":67}},"type":"cond-expr","locations":[{"start":{"line":22,"column":30},"end":{"line":22,"column":60}},{"start":{"line":22,"column":63},"end":{"line":22,"column":67}}],"line":22},"1":{"loc":{"start":{"line":27,"column":27},"end":{"line":27,"column":82}},"type":"cond-expr","locations":[{"start":{"line":27,"column":40},"end":{"line":27,"column":75}},{"start":{"line":27,"column":78},"end":{"line":27,"column":82}}],"line":27},"2":{"loc":{"start":{"line":28,"column":26},"end":{"line":28,"column":66}},"type":"cond-expr","locations":[{"start":{"line":28,"column":38},"end":{"line":28,"column":59}},{"start":{"line":28,"column":62},"end":{"line":28,"column":66}}],"line":28},"3":{"loc":{"start":{"line":38,"column":24},"end":{"line":38,"column":72}},"type":"binary-expr","locations":[{"start":{"line":38,"column":24},"end":{"line":38,"column":59}},{"start":{"line":38,"column":63},"end":{"line":38,"column":72}}],"line":38},"4":{"loc":{"start":{"line":97,"column":6},"end":{"line":113,"column":7}},"type":"if","locations":[{"start":{"line":97,"column":6},"end":{"line":113,"column":7}},{"start":{},"end":{}}],"line":97},"5":{"loc":{"start":{"line":136,"column":4},"end":{"line":136,"column":39}},"type":"if","locations":[{"start":{"line":136,"column":4},"end":{"line":136,"column":39}},{"start":{},"end":{}}],"line":136},"6":{"loc":{"start":{"line":136,"column":8},"end":{"line":136,"column":30}},"type":"binary-expr","locations":[{"start":{"line":136,"column":8},"end":{"line":136,"column":17}},{"start":{"line":136,"column":21},"end":{"line":136,"column":30}}],"line":136},"7":{"loc":{"start":{"line":151,"column":34},"end":{"line":151,"column":79}},"type":"binary-expr","locations":[{"start":{"line":151,"column":34},"end":{"line":151,"column":62}},{"start":{"line":151,"column":66},"end":{"line":151,"column":79}}],"line":151},"8":{"loc":{"start":{"line":157,"column":4},"end":{"line":160,"column":5}},"type":"if","locations":[{"start":{"line":157,"column":4},"end":{"line":160,"column":5}},{"start":{},"end":{}}],"line":157},"9":{"loc":{"start":{"line":179,"column":41},"end":{"line":179,"column":105}},"type":"cond-expr","locations":[{"start":{"line":179,"column":76},"end":{"line":179,"column":90}},{"start":{"line":179,"column":93},"end":{"line":179,"column":105}}],"line":179},"10":{"loc":{"start":{"line":180,"column":45},"end":{"line":180,"column":92}},"type":"cond-expr","locations":[{"start":{"line":180,"column":80},"end":{"line":180,"column":85}},{"start":{"line":180,"column":88},"end":{"line":180,"column":92}}],"line":180},"11":{"loc":{"start":{"line":183,"column":36},"end":{"line":183,"column":77}},"type":"binary-expr","locations":[{"start":{"line":183,"column":36},"end":{"line":183,"column":67}},{"start":{"line":183,"column":71},"end":{"line":183,"column":77}}],"line":183},"12":{"loc":{"start":{"line":186,"column":37},"end":{"line":186,"column":69}},"type":"binary-expr","locations":[{"start":{"line":186,"column":37},"end":{"line":186,"column":59}},{"start":{"line":186,"column":63},"end":{"line":186,"column":69}}],"line":186},"13":{"loc":{"start":{"line":189,"column":39},"end":{"line":189,"column":80}},"type":"cond-expr","locations":[{"start":{"line":189,"column":68},"end":{"line":189,"column":73}},{"start":{"line":189,"column":76},"end":{"line":189,"column":80}}],"line":189},"14":{"loc":{"start":{"line":201,"column":11},"end":{"line":201,"column":71}},"type":"cond-expr","locations":[{"start":{"line":201,"column":28},"end":{"line":201,"column":46}},{"start":{"line":201,"column":49},"end":{"line":201,"column":71}}],"line":201},"15":{"loc":{"start":{"line":220,"column":7},"end":{"line":233,"column":7}},"type":"binary-expr","locations":[{"start":{"line":220,"column":7},"end":{"line":220,"column":42}},{"start":{"line":221,"column":8},"end":{"line":232,"column":14}}],"line":220},"16":{"loc":{"start":{"line":225,"column":56},"end":{"line":225,"column":102}},"type":"cond-expr","locations":[{"start":{"line":225,"column":73},"end":{"line":225,"column":87}},{"start":{"line":225,"column":90},"end":{"line":225,"column":102}}],"line":225},"17":{"loc":{"start":{"line":226,"column":42},"end":{"line":226,"column":74}},"type":"cond-expr","locations":[{"start":{"line":226,"column":59},"end":{"line":226,"column":65}},{"start":{"line":226,"column":68},"end":{"line":226,"column":74}}],"line":226},"18":{"loc":{"start":{"line":227,"column":17},"end":{"line":227,"column":88}},"type":"binary-expr","locations":[{"start":{"line":227,"column":17},"end":{"line":227,"column":29}},{"start":{"line":227,"column":33},"end":{"line":227,"column":88}}],"line":227},"19":{"loc":{"start":{"line":228,"column":17},"end":{"line":228,"column":93}},"type":"binary-expr","locations":[{"start":{"line":228,"column":17},"end":{"line":228,"column":31}},{"start":{"line":228,"column":35},"end":{"line":228,"column":93}}],"line":228},"20":{"loc":{"start":{"line":238,"column":39},"end":{"line":238,"column":72}},"type":"cond-expr","locations":[{"start":{"line":238,"column":60},"end":{"line":238,"column":65}},{"start":{"line":238,"column":68},"end":{"line":238,"column":72}}],"line":238},"21":{"loc":{"start":{"line":250,"column":2},"end":{"line":252,"column":3}},"type":"if","locations":[{"start":{"line":250,"column":2},"end":{"line":252,"column":3}},{"start":{},"end":{}}],"line":250},"22":{"loc":{"start":{"line":264,"column":7},"end":{"line":268,"column":7}},"type":"binary-expr","locations":[{"start":{"line":264,"column":7},"end":{"line":264,"column":16}},{"start":{"line":265,"column":8},"end":{"line":267,"column":14}}],"line":264}},"s":{"0":0,"1":0,"2":0,"3":0,"4":0,"5":0,"6":0,"7":0,"8":0,"9":0,"10":0,"11":0,"12":0,"13":0,"14":0,"15":0,"16":0,"17":0,"18":0,"19":0,"20":0,"21":0,"22":0,"23":0,"24":0,"25":0,"26":0,"27":0,"28":0,"29":0,"30":0,"31":0,"32":0,"33":0,"34":0,"35":0,"36":0,"37":0,"38":0,"39":0,"40":0,"41":0,"42":0,"43":0,"44":0,"45":0,"46":0,"47":0,"48":0,"49":0,"50":0,"51":0,"52":0,"53":0,"54":0,"55":0,"56":0,"57":0,"58":0,"59":0,"60":0,"61":0,"62":0,"63":0,"64":0,"65":0},"f":{"0":0,"1":0,"2":0,"3":0,"4":0,"5":0,"6":0,"7":0,"8":0,"9":0,"10":0},"b":{"0":[0,0],"1":[0,0],"2":[0,0],"3":[0,0],"4":[0,0],"5":[0,0],"6":[0,0],"7":[0,0],"8":[0,0],"9":[0,0],"10":[0,0],"11":[0,0],"12":[0,0],"13":[0,0],"14":[0,0],"15":[0,0],"16":[0,0],"17":[0,0],"18":[0,0],"19":[0,0],"20":[0,0],"21":[0,0],"22":[0,0]}}
,"C:\\Users\\xiggy\\YOUTUBE-TRANSCRIPT-APP\\frontend\\src\\components\\BatchResultCell.js": {"path":"C:\\Users\\xiggy\\YOUTUBE-TRANSCRIPT-APP\\frontend\\src\\components\\BatchResultCell.js","statementMap":{"0":{"start":{"line":4,"column":24},"end":{"line":153,"column":1}},"1":{"start":{"line":5,"column":24},"end":{"line":13,"column":3}},"2":{"start":{"line":6,"column":4},"end":{"line":12,"column":5}},"3":{"start":{"line":7,"column":24},"end":{"line":7,"column":35}},"4":{"start":{"line":8,"column":21},"end":{"line":8,"column":32}},"5":{"start":{"line":9,"column":25},"end":{"line":9,"column":36}},"6":{"start":{"line":10,"column":21},"end":{"line":10,"column":33}},"7":{"start":{"line":11,"column":15},"end":{"line":11,"column":26}},"8":{"start":{"line":15,"column":25},"end":{"line":22,"column":3}},"9":{"start":{"line":16,"column":4},"end":{"line":16,"column":32}},"10":{"start":{"line":16,"column":22},"end":{"line":16,"column":32}},"11":{"start":{"line":17,"column":15},"end":{"line":17,"column":42}},"12":{"start":{"line":18,"column":4},"end":{"line":20,"column":5}},"13":{"start":{"line":19,"column":6},"end":{"line":19,"column":51}},"14":{"start":{"line":21,"column":4},"end":{"line":21,"column":32}},"15":{"start":{"line":24,"column":32},"end":{"line":95,"column":3}},"16":{"start":{"line":25,"column":55},"end":{"line":25,"column":59}},"17":{"start":{"line":27,"column":4},"end":{"line":27,"column":36}},"18":{"start":{"line":27,"column":25},"end":{"line":27,"column":36}},"19":{"start":{"line":29,"column":4},"end":{"line":94,"column":6}},"20":{"start":{"line":97,"column":29},"end":{"line":115,"column":3}},"21":{"start":{"line":98,"column":32},"end":{"line":98,"column":36}},"22":{"start":{"line":100,"column":4},"end":{"line":114,"column":6}},"23":{"start":{"line":117,"column":29},"end":{"line":139,"column":3}},"24":{"start":{"line":118,"column":24},"end":{"line":118,"column":28}},"25":{"start":{"line":120,"column":4},"end":{"line":138,"column":6}},"26":{"start":{"line":132,"column":25},"end":{"line":132,"column":49}},"27":{"start":{"line":142,"column":2},"end":{"line":152,"column":3}},"28":{"start":{"line":144,"column":6},"end":{"line":144,"column":37}},"29":{"start":{"line":146,"column":6},"end":{"line":146,"column":34}},"30":{"start":{"line":149,"column":6},"end":{"line":149,"column":34}},"31":{"start":{"line":151,"column":6},"end":{"line":151,"column":54}}},"fnMap":{"0":{"name":"(anonymous_0)","decl":{"start":{"line":4,"column":24},"end":{"line":4,"column":25}},"loc":{"start":{"line":4,"column":38},"end":{"line":153,"column":1}},"line":4},"1":{"name":"(anonymous_1)","decl":{"start":{"line":5,"column":24},"end":{"line":5,"column":25}},"loc":{"start":{"line":5,"column":36},"end":{"line":13,"column":3}},"line":5},"2":{"name":"(anonymous_2)","decl":{"start":{"line":15,"column":25},"end":{"line":15,"column":26}},"loc":{"start":{"line":15,"column":42},"end":{"line":22,"column":3}},"line":15},"3":{"name":"(anonymous_3)","decl":{"start":{"line":24,"column":32},"end":{"line":24,"column":33}},"loc":{"start":{"line":24,"column":38},"end":{"line":95,"column":3}},"line":24},"4":{"name":"(anonymous_4)","decl":{"start":{"line":97,"column":29},"end":{"line":97,"column":30}},"loc":{"start":{"line":97,"column":35},"end":{"line":115,"column":3}},"line":97},"5":{"name":"(anonymous_5)","decl":{"start":{"line":117,"column":29},"end":{"line":117,"column":30}},"loc":{"start":{"line":117,"column":35},"end":{"line":139,"column":3}},"line":117},"6":{"name":"(anonymous_6)","decl":{"start":{"line":132,"column":19},"end":{"line":132,"column":20}},"loc":{"start":{"line":132,"column":25},"end":{"line":132,"column":49}},"line":132}},"branchMap":{"0":{"loc":{"start":{"line":6,"column":4},"end":{"line":12,"column":5}},"type":"switch","locations":[{"start":{"line":7,"column":6},"end":{"line":7,"column":35}},{"start":{"line":8,"column":6},"end":{"line":8,"column":32}},{"start":{"line":9,"column":6},"end":{"line":9,"column":36}},{"start":{"line":10,"column":6},"end":{"line":10,"column":33}},{"start":{"line":11,"column":6},"end":{"line":11,"column":26}}],"line":6},"1":{"loc":{"start":{"line":16,"column":4},"end":{"line":16,"column":32}},"type":"if","locations":[{"start":{"line":16,"column":4},"end":{"line":16,"column":32}},{"start":{},"end":{}}],"line":16},"2":{"loc":{"start":{"line":18,"column":4},"end":{"line":20,"column":5}},"type":"if","locations":[{"start":{"line":18,"column":4},"end":{"line":20,"column":5}},{"start":{},"end":{}}],"line":18},"3":{"loc":{"start":{"line":27,"column":4},"end":{"line":27,"column":36}},"type":"if","locations":[{"start":{"line":27,"column":4},"end":{"line":27,"column":36}},{"start":{},"end":{}}],"line":27},"4":{"loc":{"start":{"line":32,"column":11},"end":{"line":41,"column":11}},"type":"binary-expr","locations":[{"start":{"line":32,"column":11},"end":{"line":32,"column":36}},{"start":{"line":33,"column":12},"end":{"line":40,"column":16}}],"line":32},"5":{"loc":{"start":{"line":42,"column":11},"end":{"line":51,"column":11}},"type":"binary-expr","locations":[{"start":{"line":42,"column":11},"end":{"line":42,"column":30}},{"start":{"line":43,"column":12},"end":{"line":50,"column":16}}],"line":42},"6":{"loc":{"start":{"line":52,"column":11},"end":{"line":61,"column":11}},"type":"binary-expr","locations":[{"start":{"line":52,"column":11},"end":{"line":52,"column":31}},{"start":{"line":53,"column":12},"end":{"line":60,"column":16}}],"line":52},"7":{"loc":{"start":{"line":62,"column":11},"end":{"line":71,"column":11}},"type":"binary-expr","locations":[{"start":{"line":62,"column":11},"end":{"line":62,"column":31}},{"start":{"line":63,"column":12},"end":{"line":70,"column":16}}],"line":62},"8":{"loc":{"start":{"line":72,"column":11},"end":{"line":81,"column":11}},"type":"binary-expr","locations":[{"start":{"line":72,"column":11},"end":{"line":72,"column":32}},{"start":{"line":73,"column":12},"end":{"line":80,"column":16}}],"line":72},"9":{"loc":{"start":{"line":83,"column":9},"end":{"line":87,"column":9}},"type":"binary-expr","locations":[{"start":{"line":83,"column":9},"end":{"line":83,"column":18}},{"start":{"line":84,"column":10},"end":{"line":86,"column":16}}],"line":83},"10":{"loc":{"start":{"line":88,"column":9},"end":{"line":92,"column":9}},"type":"binary-expr","locations":[{"start":{"line":88,"column":9},"end":{"line":88,"column":20}},{"start":{"line":89,"column":10},"end":{"line":91,"column":16}}],"line":88},"11":{"loc":{"start":{"line":107,"column":11},"end":{"line":111,"column":11}},"type":"binary-expr","locations":[{"start":{"line":107,"column":11},"end":{"line":107,"column":18}},{"start":{"line":108,"column":12},"end":{"line":110,"column":19}}],"line":107},"12":{"loc":{"start":{"line":126,"column":9},"end":{"line":130,"column":9}},"type":"binary-expr","locations":[{"start":{"line":126,"column":9},"end":{"line":126,"column":16}},{"start":{"line":127,"column":10},"end":{"line":129,"column":16}}],"line":126},"13":{"loc":{"start":{"line":142,"column":2},"end":{"line":152,"column":3}},"type":"switch","locations":[{"start":{"line":143,"column":4},"end":{"line":144,"column":37}},{"start":{"line":145,"column":4},"end":{"line":146,"column":34}},{"start":{"line":147,"column":4},"end":{"line":147,"column":22}},{"start":{"line":148,"column":4},"end":{"line":149,"column":34}},{"start":{"line":150,"column":4},"end":{"line":151,"column":54}}],"line":142}},"s":{"0":0,"1":0,"2":0,"3":0,"4":0,"5":0,"6":0,"7":0,"8":0,"9":0,"10":0,"11":0,"12":0,"13":0,"14":0,"15":0,"16":0,"17":0,"18":0,"19":0,"20":0,"21":0,"22":0,"23":0,"24":0,"25":0,"26":0,"27":0,"28":0,"29":0,"30":0,"31":0},"f":{"0":0,"1":0,"2":0,"3":0,"4":0,"5":0,"6":0},"b":{"0":[0,0,0,0,0],"1":[0,0],"2":[0,0],"3":[0,0],"4":[0,0],"5":[0,0],"6":[0,0],"7":[0,0],"8":[0,0],"9":[0,0],"10":[0,0],"11":[0,0],"12":[0,0],"13":[0,0,0,0,0]}}
,"C:\\Users\\xiggy\\YOUTUBE-TRANSCRIPT-APP\\frontend\\src\\components\\CTAButton.js": {"path":"C:\\Users\\xiggy\\YOUTUBE-TRANSCRIPT-APP\\frontend\\src\\components\\CTAButton.js","statementMap":{"0":{"start":{"line":2,"column":2},"end":{"line":6,"column":4}}},"fnMap":{"0":{"name":"CTAButton","decl":{"start":{"line":1,"column":24},"end":{"line":1,"column":33}},"loc":{"start":{"line":1,"column":71},"end":{"line":7,"column":1}},"line":1}},"branchMap":{"0":{"loc":{"start":{"line":1,"column":36},"end":{"line":1,"column":45}},"type":"default-arg","locations":[{"start":{"line":1,"column":39},"end":{"line":1,"column":45}}],"line":1},"1":{"loc":{"start":{"line":1,"column":48},"end":{"line":1,"column":67}},"type":"default-arg","locations":[{"start":{"line":1,"column":54},"end":{"line":1,"column":67}}],"line":1}},"s":{"0":0},"f":{"0":0},"b":{"0":[0],"1":[0]}}
,"C:\\Users\\xiggy\\YOUTUBE-TRANSCRIPT-APP\\frontend\\src\\components\\ConfirmModal.jsx": {"path":"C:\\Users\\xiggy\\YOUTUBE-TRANSCRIPT-APP\\frontend\\src\\components\\ConfirmModal.jsx","statementMap":{"0":{"start":{"line":18,"column":28},"end":{"line":18,"column":40}},"1":{"start":{"line":19,"column":38},"end":{"line":19,"column":53}},"2":{"start":{"line":21,"column":2},"end":{"line":26,"column":15}},"3":{"start":{"line":22,"column":4},"end":{"line":25,"column":5}},"4":{"start":{"line":23,"column":6},"end":{"line":23,"column":19}},"5":{"start":{"line":24,"column":6},"end":{"line":24,"column":27}},"6":{"start":{"line":28,"column":2},"end":{"line":28,"column":27}},"7":{"start":{"line":28,"column":15},"end":{"line":28,"column":27}},"8":{"start":{"line":30,"column":20},"end":{"line":30,"column":64}},"9":{"start":{"line":30,"column":28},"end":{"line":30,"column":63}},"10":{"start":{"line":31,"column":20},"end":{"line":31,"column":66}},"11":{"start":{"line":32,"column":18},"end":{"line":32,"column":90}},"12":{"start":{"line":35,"column":4},"end":{"line":39,"column":56}},"13":{"start":{"line":41,"column":24},"end":{"line":49,"column":3}},"14":{"start":{"line":42,"column":4},"end":{"line":42,"column":39}},"15":{"start":{"line":42,"column":32},"end":{"line":42,"column":39}},"16":{"start":{"line":43,"column":4},"end":{"line":43,"column":24}},"17":{"start":{"line":44,"column":4},"end":{"line":48,"column":5}},"18":{"start":{"line":45,"column":6},"end":{"line":45,"column":26}},"19":{"start":{"line":47,"column":6},"end":{"line":47,"column":27}},"20":{"start":{"line":51,"column":22},"end":{"line":54,"column":3}},"21":{"start":{"line":52,"column":4},"end":{"line":52,"column":27}},"22":{"start":{"line":52,"column":20},"end":{"line":52,"column":27}},"23":{"start":{"line":53,"column":4},"end":{"line":53,"column":16}},"24":{"start":{"line":56,"column":2},"end":{"line":114,"column":4}},"25":{"start":{"line":75,"column":18},"end":{"line":75,"column":38}},"26":{"start":{"line":88,"column":31},"end":{"line":88,"column":55}}},"fnMap":{"0":{"name":"ConfirmModal","decl":{"start":{"line":6,"column":24},"end":{"line":6,"column":36}},"loc":{"start":{"line":17,"column":3},"end":{"line":115,"column":1}},"line":17},"1":{"name":"(anonymous_1)","decl":{"start":{"line":21,"column":12},"end":{"line":21,"column":13}},"loc":{"start":{"line":21,"column":18},"end":{"line":26,"column":3}},"line":21},"2":{"name":"(anonymous_2)","decl":{"start":{"line":30,"column":20},"end":{"line":30,"column":21}},"loc":{"start":{"line":30,"column":28},"end":{"line":30,"column":63}},"line":30},"3":{"name":"(anonymous_3)","decl":{"start":{"line":41,"column":24},"end":{"line":41,"column":25}},"loc":{"start":{"line":41,"column":36},"end":{"line":49,"column":3}},"line":41},"4":{"name":"(anonymous_4)","decl":{"start":{"line":51,"column":22},"end":{"line":51,"column":23}},"loc":{"start":{"line":51,"column":28},"end":{"line":54,"column":3}},"line":51},"5":{"name":"(anonymous_5)","decl":{"start":{"line":74,"column":29},"end":{"line":74,"column":30}},"loc":{"start":{"line":75,"column":18},"end":{"line":75,"column":38}},"line":75},"6":{"name":"(anonymous_6)","decl":{"start":{"line":88,"column":24},"end":{"line":88,"column":25}},"loc":{"start":{"line":88,"column":31},"end":{"line":88,"column":55}},"line":88}},"branchMap":{"0":{"loc":{"start":{"line":10,"column":2},"end":{"line":10,"column":25}},"type":"default-arg","locations":[{"start":{"line":10,"column":10},"end":{"line":10,"column":25}}],"line":10},"1":{"loc":{"start":{"line":11,"column":2},"end":{"line":11,"column":14}},"type":"default-arg","locations":[{"start":{"line":11,"column":12},"end":{"line":11,"column":14}}],"line":11},"2":{"loc":{"start":{"line":12,"column":2},"end":{"line":12,"column":19}},"type":"default-arg","locations":[{"start":{"line":12,"column":17},"end":{"line":12,"column":19}}],"line":12},"3":{"loc":{"start":{"line":13,"column":2},"end":{"line":13,"column":26}},"type":"default-arg","locations":[{"start":{"line":13,"column":17},"end":{"line":13,"column":26}}],"line":13},"4":{"loc":{"start":{"line":14,"column":2},"end":{"line":14,"column":24}},"type":"default-arg","locations":[{"start":{"line":14,"column":16},"end":{"line":14,"column":24}}],"line":14},"5":{"loc":{"start":{"line":15,"column":2},"end":{"line":15,"column":16}},"type":"default-arg","locations":[{"start":{"line":15,"column":11},"end":{"line":15,"column":16}}],"line":15},"6":{"loc":{"start":{"line":16,"column":2},"end":{"line":16,"column":22}},"type":"default-arg","locations":[{"start":{"line":16,"column":18},"end":{"line":16,"column":22}}],"line":16},"7":{"loc":{"start":{"line":22,"column":4},"end":{"line":25,"column":5}},"type":"if","locations":[{"start":{"line":22,"column":4},"end":{"line":25,"column":5}},{"start":{},"end":{}}],"line":22},"8":{"loc":{"start":{"line":28,"column":2},"end":{"line":28,"column":27}},"type":"if","locations":[{"start":{"line":28,"column":2},"end":{"line":28,"column":27}},{"start":{},"end":{}}],"line":28},"9":{"loc":{"start":{"line":30,"column":28},"end":{"line":30,"column":63}},"type":"cond-expr","locations":[{"start":{"line":30,"column":44},"end":{"line":30,"column":45}},{"start":{"line":30,"column":48},"end":{"line":30,"column":63}}],"line":30},"10":{"loc":{"start":{"line":31,"column":20},"end":{"line":31,"column":66}},"type":"binary-expr","locations":[{"start":{"line":31,"column":20},"end":{"line":31,"column":32}},{"start":{"line":31,"column":36},"end":{"line":31,"column":66}}],"line":31},"11":{"loc":{"start":{"line":32,"column":18},"end":{"line":32,"column":90}},"type":"binary-expr","locations":[{"start":{"line":32,"column":18},"end":{"line":32,"column":28}},{"start":{"line":32,"column":32},"end":{"line":32,"column":90}}],"line":32},"12":{"loc":{"start":{"line":35,"column":4},"end":{"line":39,"column":56}},"type":"cond-expr","locations":[{"start":{"line":36,"column":8},"end":{"line":36,"column":62}},{"start":{"line":37,"column":8},"end":{"line":39,"column":56}}],"line":35},"13":{"loc":{"start":{"line":37,"column":8},"end":{"line":39,"column":56}},"type":"cond-expr","locations":[{"start":{"line":38,"column":8},"end":{"line":38,"column":59}},{"start":{"line":39,"column":8},"end":{"line":39,"column":56}}],"line":37},"14":{"loc":{"start":{"line":42,"column":4},"end":{"line":42,"column":39}},"type":"if","locations":[{"start":{"line":42,"column":4},"end":{"line":42,"column":39}},{"start":{},"end":{}}],"line":42},"15":{"loc":{"start":{"line":42,"column":8},"end":{"line":42,"column":30}},"type":"binary-expr","locations":[{"start":{"line":42,"column":8},"end":{"line":42,"column":16}},{"start":{"line":42,"column":20},"end":{"line":42,"column":30}}],"line":42},"16":{"loc":{"start":{"line":52,"column":4},"end":{"line":52,"column":27}},"type":"if","locations":[{"start":{"line":52,"column":4},"end":{"line":52,"column":27}},{"start":{},"end":{}}],"line":52},"17":{"loc":{"start":{"line":63,"column":13},"end":{"line":67,"column":13}},"type":"binary-expr","locations":[{"start":{"line":63,"column":13},"end":{"line":63,"column":25}},{"start":{"line":64,"column":14},"end":{"line":66,"column":18}}],"line":63},"18":{"loc":{"start":{"line":70,"column":11},"end":{"line":79,"column":11}},"type":"binary-expr","locations":[{"start":{"line":70,"column":11},"end":{"line":70,"column":29}},{"start":{"line":71,"column":12},"end":{"line":78,"column":18}}],"line":70},"19":{"loc":{"start":{"line":71,"column":31},"end":{"line":71,"column":111}},"type":"cond-expr","locations":[{"start":{"line":71,"column":52},"end":{"line":71,"column":82}},{"start":{"line":71,"column":85},"end":{"line":71,"column":111}}],"line":71},"20":{"loc":{"start":{"line":83,"column":15},"end":{"line":83,"column":84}},"type":"cond-expr","locations":[{"start":{"line":83,"column":30},"end":{"line":83,"column":64}},{"start":{"line":83,"column":67},"end":{"line":83,"column":84}}],"line":83},"21":{"loc":{"start":{"line":99,"column":22},"end":{"line":99,"column":44}},"type":"binary-expr","locations":[{"start":{"line":99,"column":22},"end":{"line":99,"column":30}},{"start":{"line":99,"column":34},"end":{"line":99,"column":44}}],"line":99},"22":{"loc":{"start":{"line":102,"column":13},"end":{"line":102,"column":54}},"type":"cond-expr","locations":[{"start":{"line":102,"column":26},"end":{"line":102,"column":39}},{"start":{"line":102,"column":42},"end":{"line":102,"column":54}}],"line":102}},"s":{"0":49,"1":49,"2":49,"3":2,"4":1,"5":1,"6":49,"7":2,"8":47,"9":94,"10":47,"11":47,"12":47,"13":47,"14":1,"15":0,"16":1,"17":1,"18":1,"19":1,"20":47,"21":0,"22":0,"23":0,"24":47,"25":94,"26":45},"f":{"0":49,"1":2,"2":94,"3":1,"4":0,"5":94,"6":45},"b":{"0":[0],"1":[0],"2":[0],"3":[0],"4":[0],"5":[0],"6":[49],"7":[1,1],"8":[2,47],"9":[94,0],"10":[47,47],"11":[47,47],"12":[47,0],"13":[0,0],"14":[0,1],"15":[1,1],"16":[0,0],"17":[47,47],"18":[47,47],"19":[47,0],"20":[47,0],"21":[47,2],"22":[1,46]},"_coverageSchema":"1a1c01bbd47fc00a2c39e90264f33305004495a9","hash":"08df0ddf247ab01233d2588389fa840440672b52"}
,"C:\\Users\\xiggy\\YOUTUBE-TRANSCRIPT-APP\\frontend\\src\\components\\ErrorBoundary.jsx": {"path":"C:\\Users\\xiggy\\YOUTUBE-TRANSCRIPT-APP\\frontend\\src\\components\\ErrorBoundary.jsx","statementMap":{"0":{"start":{"line":4,"column":23},"end":{"line":4,"column":36}},"1":{"start":{"line":4,"column":37},"end":{"line":4,"column":70}},"2":{"start":{"line":5,"column":38},"end":{"line":5,"column":64}},"3":{"start":{"line":6,"column":33},"end":{"line":6,"column":71}},"4":{"start":{"line":8,"column":4},"end":{"line":15,"column":5}},"5":{"start":{"line":9,"column":6},"end":{"line":14,"column":8}},"6":{"start":{"line":16,"column":4},"end":{"line":16,"column":31}}},"fnMap":{"0":{"name":"(anonymous_0)","decl":{"start":{"line":4,"column":2},"end":{"line":4,"column":3}},"loc":{"start":{"line":4,"column":21},"end":{"line":4,"column":72}},"line":4},"1":{"name":"(anonymous_1)","decl":{"start":{"line":5,"column":2},"end":{"line":5,"column":3}},"loc":{"start":{"line":5,"column":36},"end":{"line":5,"column":66}},"line":5},"2":{"name":"(anonymous_2)","decl":{"start":{"line":6,"column":2},"end":{"line":6,"column":3}},"loc":{"start":{"line":6,"column":31},"end":{"line":6,"column":73}},"line":6},"3":{"name":"(anonymous_3)","decl":{"start":{"line":7,"column":2},"end":{"line":7,"column":3}},"loc":{"start":{"line":7,"column":11},"end":{"line":17,"column":3}},"line":7}},"branchMap":{"0":{"loc":{"start":{"line":8,"column":4},"end":{"line":15,"column":5}},"type":"if","locations":[{"start":{"line":8,"column":4},"end":{"line":15,"column":5}},{"start":{},"end":{}}],"line":8}},"s":{"0":0,"1":0,"2":0,"3":0,"4":0,"5":0,"6":0},"f":{"0":0,"1":0,"2":0,"3":0},"b":{"0":[0,0]}}
,"C:\\Users\\xiggy\\YOUTUBE-TRANSCRIPT-APP\\frontend\\src\\components\\Header.js": {"path":"C:\\Users\\xiggy\\YOUTUBE-TRANSCRIPT-APP\\frontend\\src\\components\\Header.js","statementMap":{"0":{"start":{"line":13,"column":15},"end":{"line":137,"column":1}},"1":{"start":{"line":14,"column":38},"end":{"line":14,"column":53}},"2":{"start":{"line":15,"column":27},"end":{"line":15,"column":36}},"3":{"start":{"line":16,"column":19},"end":{"line":16,"column":36}},"4":{"start":{"line":17,"column":19},"end":{"line":17,"column":32}},"5":{"start":{"line":18,"column":19},"end":{"line":18,"column":32}},"6":{"start":{"line":20,"column":23},"end":{"line":26,"column":3}},"7":{"start":{"line":21,"column":4},"end":{"line":24,"column":5}},"8":{"start":{"line":22,"column":6},"end":{"line":22,"column":15}},"9":{"start":{"line":23,"column":6},"end":{"line":23,"column":25}},"10":{"start":{"line":25,"column":4},"end":{"line":25,"column":25}},"11":{"start":{"line":28,"column":23},"end":{"line":30,"column":3}},"12":{"start":{"line":29,"column":4},"end":{"line":29,"column":38}},"13":{"start":{"line":32,"column":19},"end":{"line":36,"column":3}},"14":{"start":{"line":38,"column":2},"end":{"line":136,"column":4}},"15":{"start":{"line":71,"column":29},"end":{"line":71,"column":55}},"16":{"start":{"line":96,"column":16},"end":{"line":111,"column":23}},"17":{"start":{"line":99,"column":33},"end":{"line":99,"column":53}}},"fnMap":{"0":{"name":"(anonymous_0)","decl":{"start":{"line":13,"column":15},"end":{"line":13,"column":16}},"loc":{"start":{"line":13,"column":21},"end":{"line":137,"column":1}},"line":13},"1":{"name":"(anonymous_1)","decl":{"start":{"line":20,"column":23},"end":{"line":20,"column":24}},"loc":{"start":{"line":20,"column":29},"end":{"line":26,"column":3}},"line":20},"2":{"name":"(anonymous_2)","decl":{"start":{"line":28,"column":23},"end":{"line":28,"column":24}},"loc":{"start":{"line":28,"column":33},"end":{"line":30,"column":3}},"line":28},"3":{"name":"(anonymous_3)","decl":{"start":{"line":71,"column":23},"end":{"line":71,"column":24}},"loc":{"start":{"line":71,"column":29},"end":{"line":71,"column":55}},"line":71},"4":{"name":"(anonymous_4)","decl":{"start":{"line":95,"column":28},"end":{"line":95,"column":29}},"loc":{"start":{"line":96,"column":16},"end":{"line":111,"column":23}},"line":96},"5":{"name":"(anonymous_5)","decl":{"start":{"line":99,"column":27},"end":{"line":99,"column":28}},"loc":{"start":{"line":99,"column":33},"end":{"line":99,"column":53}},"line":99}},"branchMap":{"0":{"loc":{"start":{"line":21,"column":4},"end":{"line":24,"column":5}},"type":"if","locations":[{"start":{"line":21,"column":4},"end":{"line":24,"column":5}},{"start":{},"end":{}}],"line":21},"1":{"loc":{"start":{"line":61,"column":16},"end":{"line":63,"column":47}},"type":"cond-expr","locations":[{"start":{"line":61,"column":34},"end":{"line":61,"column":65}},{"start":{"line":62,"column":16},"end":{"line":63,"column":47}}],"line":61},"2":{"loc":{"start":{"line":62,"column":16},"end":{"line":63,"column":47}},"type":"cond-expr","locations":[{"start":{"line":62,"column":33},"end":{"line":62,"column":60}},{"start":{"line":63,"column":16},"end":{"line":63,"column":47}}],"line":62},"3":{"loc":{"start":{"line":65,"column":17},"end":{"line":65,"column":73}},"type":"binary-expr","locations":[{"start":{"line":65,"column":17},"end":{"line":65,"column":63}},{"start":{"line":65,"column":67},"end":{"line":65,"column":73}}],"line":65},"4":{"loc":{"start":{"line":76,"column":73},"end":{"line":76,"column":102}},"type":"cond-expr","locations":[{"start":{"line":76,"column":86},"end":{"line":76,"column":97}},{"start":{"line":76,"column":100},"end":{"line":76,"column":102}}],"line":76},"5":{"loc":{"start":{"line":81,"column":17},"end":{"line":85,"column":17}},"type":"cond-expr","locations":[{"start":{"line":82,"column":18},"end":{"line":82,"column":112}},{"start":{"line":84,"column":18},"end":{"line":84,"column":115}}],"line":81},"6":{"loc":{"start":{"line":92,"column":9},"end":{"line":133,"column":9}},"type":"binary-expr","locations":[{"start":{"line":92,"column":9},"end":{"line":92,"column":19}},{"start":{"line":93,"column":10},"end":{"line":132,"column":16}}],"line":92},"7":{"loc":{"start":{"line":101,"column":20},"end":{"line":103,"column":56}},"type":"cond-expr","locations":[{"start":{"line":102,"column":24},"end":{"line":102,"column":70}},{"start":{"line":103,"column":24},"end":{"line":103,"column":56}}],"line":101},"8":{"loc":{"start":{"line":108,"column":19},"end":{"line":110,"column":19}},"type":"binary-expr","locations":[{"start":{"line":108,"column":19},"end":{"line":108,"column":42}},{"start":{"line":109,"column":20},"end":{"line":109,"column":83}}],"line":108}},"s":{"0":0,"1":0,"2":0,"3":0,"4":0,"5":0,"6":0,"7":0,"8":0,"9":0,"10":0,"11":0,"12":0,"13":0,"14":0,"15":0,"16":0,"17":0},"f":{"0":0,"1":0,"2":0,"3":0,"4":0,"5":0},"b":{"0":[0,0],"1":[0,0],"2":[0,0],"3":[0,0],"4":[0,0],"5":[0,0],"6":[0,0],"7":[0,0],"8":[0,0]}}
,"C:\\Users\\xiggy\\YOUTUBE-TRANSCRIPT-APP\\frontend\\src\\components\\Layout.jsx": {"path":"C:\\Users\\xiggy\\YOUTUBE-TRANSCRIPT-APP\\frontend\\src\\components\\Layout.jsx","statementMap":{"0":{"start":{"line":10,"column":27},"end":{"line":10,"column":36}},"1":{"start":{"line":11,"column":19},"end":{"line":11,"column":32}},"2":{"start":{"line":12,"column":26},"end":{"line":12,"column":41}},"3":{"start":{"line":14,"column":23},"end":{"line":17,"column":3}},"4":{"start":{"line":15,"column":4},"end":{"line":15,"column":13}},"5":{"start":{"line":16,"column":4},"end":{"line":16,"column":23}},"6":{"start":{"line":19,"column":2},"end":{"line":80,"column":4}},"7":{"start":{"line":25,"column":27},"end":{"line":25,"column":40}},"8":{"start":{"line":46,"column":50},"end":{"line":46,"column":64}}},"fnMap":{"0":{"name":"Layout","decl":{"start":{"line":9,"column":24},"end":{"line":9,"column":30}},"loc":{"start":{"line":9,"column":33},"end":{"line":81,"column":1}},"line":9},"1":{"name":"(anonymous_1)","decl":{"start":{"line":14,"column":23},"end":{"line":14,"column":24}},"loc":{"start":{"line":14,"column":29},"end":{"line":17,"column":3}},"line":14},"2":{"name":"(anonymous_2)","decl":{"start":{"line":25,"column":21},"end":{"line":25,"column":22}},"loc":{"start":{"line":25,"column":27},"end":{"line":25,"column":40}},"line":25},"3":{"name":"(anonymous_3)","decl":{"start":{"line":46,"column":44},"end":{"line":46,"column":45}},"loc":{"start":{"line":46,"column":50},"end":{"line":46,"column":64}},"line":46}},"branchMap":{"0":{"loc":{"start":{"line":59,"column":74},"end":{"line":59,"column":98}},"type":"binary-expr","locations":[{"start":{"line":59,"column":74},"end":{"line":59,"column":88}},{"start":{"line":59,"column":92},"end":{"line":59,"column":98}}],"line":59}},"s":{"0":0,"1":0,"2":0,"3":0,"4":0,"5":0,"6":0,"7":0,"8":0},"f":{"0":0,"1":0,"2":0,"3":0},"b":{"0":[0,0]}}
,"C:\\Users\\xiggy\\YOUTUBE-TRANSCRIPT-APP\\frontend\\src\\components\\Logo.js": {"path":"C:\\Users\\xiggy\\YOUTUBE-TRANSCRIPT-APP\\frontend\\src\\components\\Logo.js","statementMap":{"0":{"start":{"line":7,"column":13},"end":{"line":39,"column":1}},"1":{"start":{"line":14,"column":15},"end":{"line":19,"column":25}},"2":{"start":{"line":21,"column":2},"end":{"line":38,"column":4}},"3":{"start":{"line":42,"column":27},"end":{"line":42,"column":84}},"4":{"start":{"line":42,"column":34},"end":{"line":42,"column":84}},"5":{"start":{"line":43,"column":25},"end":{"line":43,"column":63}},"6":{"start":{"line":43,"column":32},"end":{"line":43,"column":63}},"7":{"start":{"line":44,"column":26},"end":{"line":44,"column":65}},"8":{"start":{"line":44,"column":33},"end":{"line":44,"column":65}}},"fnMap":{"0":{"name":"(anonymous_0)","decl":{"start":{"line":7,"column":13},"end":{"line":7,"column":14}},"loc":{"start":{"line":13,"column":6},"end":{"line":39,"column":1}},"line":13},"1":{"name":"(anonymous_1)","decl":{"start":{"line":42,"column":27},"end":{"line":42,"column":28}},"loc":{"start":{"line":42,"column":34},"end":{"line":42,"column":84}},"line":42},"2":{"name":"(anonymous_2)","decl":{"start":{"line":43,"column":25},"end":{"line":43,"column":26}},"loc":{"start":{"line":43,"column":32},"end":{"line":43,"column":63}},"line":43},"3":{"name":"(anonymous_3)","decl":{"start":{"line":44,"column":26},"end":{"line":44,"column":27}},"loc":{"start":{"line":44,"column":33},"end":{"line":44,"column":65}},"line":44}},"branchMap":{"0":{"loc":{"start":{"line":8,"column":2},"end":{"line":8,"column":23}},"type":"default-arg","locations":[{"start":{"line":8,"column":14},"end":{"line":8,"column":23}}],"line":8},"1":{"loc":{"start":{"line":9,"column":2},"end":{"line":9,"column":17}},"type":"default-arg","locations":[{"start":{"line":9,"column":13},"end":{"line":9,"column":17}}],"line":9},"2":{"loc":{"start":{"line":10,"column":2},"end":{"line":10,"column":22}},"type":"default-arg","locations":[{"start":{"line":10,"column":13},"end":{"line":10,"column":22}}],"line":10},"3":{"loc":{"start":{"line":11,"column":2},"end":{"line":11,"column":29}},"type":"default-arg","locations":[{"start":{"line":11,"column":14},"end":{"line":11,"column":29}}],"line":11},"4":{"loc":{"start":{"line":12,"column":2},"end":{"line":12,"column":21}},"type":"default-arg","locations":[{"start":{"line":12,"column":12},"end":{"line":12,"column":21}}],"line":12},"5":{"loc":{"start":{"line":14,"column":15},"end":{"line":19,"column":25}},"type":"binary-expr","locations":[{"start":{"line":14,"column":15},"end":{"line":19,"column":12}},{"start":{"line":19,"column":16},"end":{"line":19,"column":25}}],"line":14},"6":{"loc":{"start":{"line":34,"column":7},"end":{"line":36,"column":7}},"type":"binary-expr","locations":[{"start":{"line":34,"column":7},"end":{"line":34,"column":15}},{"start":{"line":35,"column":8},"end":{"line":35,"column":101}}],"line":34}},"s":{"0":0,"1":0,"2":0,"3":0,"4":0,"5":0,"6":0,"7":0,"8":0},"f":{"0":0,"1":0,"2":0,"3":0},"b":{"0":[0],"1":[0],"2":[0],"3":[0],"4":[0],"5":[0,0],"6":[0,0]}}
,"C:\\Users\\xiggy\\YOUTUBE-TRANSCRIPT-APP\\frontend\\src\\components\\MarketingFooter.js": {"path":"C:\\Users\\xiggy\\YOUTUBE-TRANSCRIPT-APP\\frontend\\src\\components\\MarketingFooter.js","statementMap":{"0":{"start":{"line":4,"column":2},"end":{"line":34,"column":4}}},"fnMap":{"0":{"name":"MarketingFooter","decl":{"start":{"line":3,"column":24},"end":{"line":3,"column":39}},"loc":{"start":{"line":3,"column":42},"end":{"line":35,"column":1}},"line":3}},"branchMap":{},"s":{"0":0},"f":{"0":0},"b":{}}
,"C:\\Users\\xiggy\\YOUTUBE-TRANSCRIPT-APP\\frontend\\src\\components\\MobileNavDrawer.jsx": {"path":"C:\\Users\\xiggy\\YOUTUBE-TRANSCRIPT-APP\\frontend\\src\\components\\MobileNavDrawer.jsx","statementMap":{"0":{"start":{"line":6,"column":2},"end":{"line":42,"column":4}}},"fnMap":{"0":{"name":"MobileNavDrawer","decl":{"start":{"line":5,"column":24},"end":{"line":5,"column":39}},"loc":{"start":{"line":5,"column":59},"end":{"line":43,"column":1}},"line":5}},"branchMap":{"0":{"loc":{"start":{"line":8,"column":39},"end":{"line":8,"column":72}},"type":"cond-expr","locations":[{"start":{"line":8,"column":46},"end":{"line":8,"column":48}},{"start":{"line":8,"column":51},"end":{"line":8,"column":72}}],"line":8},"1":{"loc":{"start":{"line":14,"column":70},"end":{"line":14,"column":104}},"type":"cond-expr","locations":[{"start":{"line":14,"column":77},"end":{"line":14,"column":90}},{"start":{"line":14,"column":93},"end":{"line":14,"column":104}}],"line":14},"2":{"loc":{"start":{"line":20,"column":22},"end":{"line":20,"column":66}},"type":"cond-expr","locations":[{"start":{"line":20,"column":29},"end":{"line":20,"column":44}},{"start":{"line":20,"column":47},"end":{"line":20,"column":66}}],"line":20}},"s":{"0":0},"f":{"0":0},"b":{"0":[0,0],"1":[0,0],"2":[0,0]}}
,"C:\\Users\\xiggy\\YOUTUBE-TRANSCRIPT-APP\\frontend\\src\\components\\PaymentForm.js": {"path":"C:\\Users\\xiggy\\YOUTUBE-TRANSCRIPT-APP\\frontend\\src\\components\\PaymentForm.js","statementMap":{"0":{"start":{"line":5,"column":20},"end":{"line":296,"column":1}},"1":{"start":{"line":14,"column":17},"end":{"line":14,"column":28}},"2":{"start":{"line":15,"column":19},"end":{"line":15,"column":32}},"3":{"start":{"line":16,"column":42},"end":{"line":16,"column":57}},"4":{"start":{"line":17,"column":36},"end":{"line":17,"column":50}},"5":{"start":{"line":20,"column":29},"end":{"line":36,"column":3}},"6":{"start":{"line":39,"column":30},"end":{"line":64,"column":3}},"7":{"start":{"line":40,"column":4},"end":{"line":42,"column":5}},"8":{"start":{"line":41,"column":6},"end":{"line":41,"column":23}},"9":{"start":{"line":44,"column":4},"end":{"line":57,"column":5}},"10":{"start":{"line":46,"column":6},"end":{"line":55,"column":7}},"11":{"start":{"line":47,"column":25},"end":{"line":53,"column":10}},"12":{"start":{"line":48,"column":10},"end":{"line":51,"column":11}},"13":{"start":{"line":49,"column":26},"end":{"line":49,"column":53}},"14":{"start":{"line":50,"column":12},"end":{"line":50,"column":42}},"15":{"start":{"line":52,"column":10},"end":{"line":52,"column":47}},"16":{"start":{"line":54,"column":8},"end":{"line":54,"column":35}},"17":{"start":{"line":56,"column":6},"end":{"line":56,"column":30}},"18":{"start":{"line":59,"column":4},"end":{"line":61,"column":5}},"19":{"start":{"line":60,"column":6},"end":{"line":60,"column":31}},"20":{"start":{"line":63,"column":4},"end":{"line":63,"column":39}},"21":{"start":{"line":66,"column":23},"end":{"line":200,"column":3}},"22":{"start":{"line":67,"column":4},"end":{"line":67,"column":27}},"23":{"start":{"line":69,"column":4},"end":{"line":73,"column":5}},"24":{"start":{"line":70,"column":23},"end":{"line":70,"column":77}},"25":{"start":{"line":71,"column":6},"end":{"line":71,"column":28}},"26":{"start":{"line":72,"column":6},"end":{"line":72,"column":13}},"27":{"start":{"line":75,"column":4},"end":{"line":79,"column":5}},"28":{"start":{"line":76,"column":23},"end":{"line":76,"column":63}},"29":{"start":{"line":77,"column":6},"end":{"line":77,"column":28}},"30":{"start":{"line":78,"column":6},"end":{"line":78,"column":13}},"31":{"start":{"line":81,"column":4},"end":{"line":81,"column":26}},"32":{"start":{"line":82,"column":4},"end":{"line":82,"column":23}},"33":{"start":{"line":84,"column":17},"end":{"line":84,"column":49}},"34":{"start":{"line":85,"column":4},"end":{"line":90,"column":5}},"35":{"start":{"line":86,"column":23},"end":{"line":86,"column":47}},"36":{"start":{"line":87,"column":6},"end":{"line":87,"column":28}},"37":{"start":{"line":88,"column":6},"end":{"line":88,"column":29}},"38":{"start":{"line":89,"column":6},"end":{"line":89,"column":13}},"39":{"start":{"line":92,"column":4},"end":{"line":199,"column":5}},"40":{"start":{"line":93,"column":6},"end":{"line":93,"column":71}},"41":{"start":{"line":96,"column":23},"end":{"line":105,"column":8}},"42":{"start":{"line":107,"column":26},"end":{"line":107,"column":47}},"43":{"start":{"line":108,"column":6},"end":{"line":108,"column":52}},"44":{"start":{"line":110,"column":6},"end":{"line":115,"column":7}},"45":{"start":{"line":111,"column":25},"end":{"line":111,"column":57}},"46":{"start":{"line":112,"column":8},"end":{"line":112,"column":50}},"47":{"start":{"line":113,"column":8},"end":{"line":113,"column":31}},"48":{"start":{"line":114,"column":8},"end":{"line":114,"column":34}},"49":{"start":{"line":117,"column":6},"end":{"line":119,"column":7}},"50":{"start":{"line":118,"column":8},"end":{"line":118,"column":69}},"51":{"start":{"line":121,"column":6},"end":{"line":121,"column":59}},"52":{"start":{"line":124,"column":53},"end":{"line":134,"column":7}},"53":{"start":{"line":136,"column":6},"end":{"line":142,"column":7}},"54":{"start":{"line":137,"column":25},"end":{"line":137,"column":78}},"55":{"start":{"line":138,"column":8},"end":{"line":138,"column":62}},"56":{"start":{"line":139,"column":8},"end":{"line":139,"column":31}},"57":{"start":{"line":140,"column":8},"end":{"line":140,"column":37}},"58":{"start":{"line":141,"column":8},"end":{"line":141,"column":15}},"59":{"start":{"line":144,"column":6},"end":{"line":190,"column":7}},"60":{"start":{"line":145,"column":8},"end":{"line":145,"column":55}},"61":{"start":{"line":148,"column":8},"end":{"line":186,"column":9}},"62":{"start":{"line":149,"column":34},"end":{"line":158,"column":12}},"63":{"start":{"line":160,"column":30},"end":{"line":160,"column":58}},"64":{"start":{"line":161,"column":10},"end":{"line":161,"column":69}},"65":{"start":{"line":163,"column":10},"end":{"line":166,"column":11}},"66":{"start":{"line":164,"column":29},"end":{"line":164,"column":61}},"67":{"start":{"line":165,"column":12},"end":{"line":165,"column":38}},"68":{"start":{"line":168,"column":10},"end":{"line":168,"column":71}},"69":{"start":{"line":170,"column":10},"end":{"line":174,"column":13}},"70":{"start":{"line":177,"column":27},"end":{"line":177,"column":80}},"71":{"start":{"line":178,"column":10},"end":{"line":178,"column":65}},"72":{"start":{"line":181,"column":10},"end":{"line":185,"column":13}},"73":{"start":{"line":189,"column":8},"end":{"line":189,"column":79}},"74":{"start":{"line":193,"column":23},"end":{"line":193,"column":67}},"75":{"start":{"line":194,"column":6},"end":{"line":194,"column":62}},"76":{"start":{"line":195,"column":6},"end":{"line":195,"column":29}},"77":{"start":{"line":196,"column":6},"end":{"line":196,"column":35}},"78":{"start":{"line":198,"column":6},"end":{"line":198,"column":29}},"79":{"start":{"line":202,"column":27},"end":{"line":208,"column":3}},"80":{"start":{"line":203,"column":4},"end":{"line":207,"column":5}},"81":{"start":{"line":204,"column":6},"end":{"line":204,"column":40}},"82":{"start":{"line":206,"column":6},"end":{"line":206,"column":25}},"83":{"start":{"line":210,"column":21},"end":{"line":210,"column":55}},"84":{"start":{"line":212,"column":2},"end":{"line":295,"column":4}}},"fnMap":{"0":{"name":"(anonymous_0)","decl":{"start":{"line":5,"column":20},"end":{"line":5,"column":21}},"loc":{"start":{"line":13,"column":6},"end":{"line":296,"column":1}},"line":13},"1":{"name":"(anonymous_1)","decl":{"start":{"line":39,"column":30},"end":{"line":39,"column":31}},"loc":{"start":{"line":39,"column":45},"end":{"line":64,"column":3}},"line":39},"2":{"name":"(anonymous_2)","decl":{"start":{"line":47,"column":46},"end":{"line":47,"column":47}},"loc":{"start":{"line":47,"column":53},"end":{"line":53,"column":9}},"line":47},"3":{"name":"(anonymous_3)","decl":{"start":{"line":66,"column":23},"end":{"line":66,"column":24}},"loc":{"start":{"line":66,"column":40},"end":{"line":200,"column":3}},"line":66},"4":{"name":"(anonymous_4)","decl":{"start":{"line":202,"column":27},"end":{"line":202,"column":28}},"loc":{"start":{"line":202,"column":38},"end":{"line":208,"column":3}},"line":202}},"branchMap":{"0":{"loc":{"start":{"line":40,"column":4},"end":{"line":42,"column":5}},"type":"if","locations":[{"start":{"line":40,"column":4},"end":{"line":42,"column":5}},{"start":{},"end":{}}],"line":40},"1":{"loc":{"start":{"line":44,"column":4},"end":{"line":57,"column":5}},"type":"if","locations":[{"start":{"line":44,"column":4},"end":{"line":57,"column":5}},{"start":{},"end":{}}],"line":44},"2":{"loc":{"start":{"line":46,"column":6},"end":{"line":55,"column":7}},"type":"if","locations":[{"start":{"line":46,"column":6},"end":{"line":55,"column":7}},{"start":{},"end":{}}],"line":46},"3":{"loc":{"start":{"line":48,"column":10},"end":{"line":51,"column":11}},"type":"if","locations":[{"start":{"line":48,"column":10},"end":{"line":51,"column":11}},{"start":{},"end":{}}],"line":48},"4":{"loc":{"start":{"line":48,"column":14},"end":{"line":48,"column":32}},"type":"binary-expr","locations":[{"start":{"line":48,"column":14},"end":{"line":48,"column":21}},{"start":{"line":48,"column":25},"end":{"line":48,"column":32}}],"line":48},"5":{"loc":{"start":{"line":52,"column":17},"end":{"line":52,"column":46}},"type":"binary-expr","locations":[{"start":{"line":52,"column":17},"end":{"line":52,"column":24}},{"start":{"line":52,"column":28},"end":{"line":52,"column":46}}],"line":52},"6":{"loc":{"start":{"line":59,"column":4},"end":{"line":61,"column":5}},"type":"if","locations":[{"start":{"line":59,"column":4},"end":{"line":61,"column":5}},{"start":{},"end":{}}],"line":59},"7":{"loc":{"start":{"line":69,"column":4},"end":{"line":73,"column":5}},"type":"if","locations":[{"start":{"line":69,"column":4},"end":{"line":73,"column":5}},{"start":{},"end":{}}],"line":69},"8":{"loc":{"start":{"line":69,"column":8},"end":{"line":69,"column":28}},"type":"binary-expr","locations":[{"start":{"line":69,"column":8},"end":{"line":69,"column":15}},{"start":{"line":69,"column":19},"end":{"line":69,"column":28}}],"line":69},"9":{"loc":{"start":{"line":75,"column":4},"end":{"line":79,"column":5}},"type":"if","locations":[{"start":{"line":75,"column":4},"end":{"line":79,"column":5}},{"start":{},"end":{}}],"line":75},"10":{"loc":{"start":{"line":85,"column":4},"end":{"line":90,"column":5}},"type":"if","locations":[{"start":{"line":85,"column":4},"end":{"line":90,"column":5}},{"start":{},"end":{}}],"line":85},"11":{"loc":{"start":{"line":110,"column":6},"end":{"line":115,"column":7}},"type":"if","locations":[{"start":{"line":110,"column":6},"end":{"line":115,"column":7}},{"start":{},"end":{}}],"line":110},"12":{"loc":{"start":{"line":117,"column":6},"end":{"line":119,"column":7}},"type":"if","locations":[{"start":{"line":117,"column":6},"end":{"line":119,"column":7}},{"start":{},"end":{}}],"line":117},"13":{"loc":{"start":{"line":136,"column":6},"end":{"line":142,"column":7}},"type":"if","locations":[{"start":{"line":136,"column":6},"end":{"line":142,"column":7}},{"start":{},"end":{}}],"line":136},"14":{"loc":{"start":{"line":137,"column":25},"end":{"line":137,"column":78}},"type":"binary-expr","locations":[{"start":{"line":137,"column":25},"end":{"line":137,"column":45}},{"start":{"line":137,"column":49},"end":{"line":137,"column":78}}],"line":137},"15":{"loc":{"start":{"line":144,"column":6},"end":{"line":190,"column":7}},"type":"if","locations":[{"start":{"line":144,"column":6},"end":{"line":190,"column":7}},{"start":{"line":188,"column":13},"end":{"line":190,"column":7}}],"line":144},"16":{"loc":{"start":{"line":163,"column":10},"end":{"line":166,"column":11}},"type":"if","locations":[{"start":{"line":163,"column":10},"end":{"line":166,"column":11}},{"start":{},"end":{}}],"line":163},"17":{"loc":{"start":{"line":177,"column":27},"end":{"line":177,"column":80}},"type":"binary-expr","locations":[{"start":{"line":177,"column":27},"end":{"line":177,"column":47}},{"start":{"line":177,"column":51},"end":{"line":177,"column":80}}],"line":177},"18":{"loc":{"start":{"line":193,"column":23},"end":{"line":193,"column":67}},"type":"binary-expr","locations":[{"start":{"line":193,"column":23},"end":{"line":193,"column":36}},{"start":{"line":193,"column":40},"end":{"line":193,"column":67}}],"line":193},"19":{"loc":{"start":{"line":203,"column":4},"end":{"line":207,"column":5}},"type":"if","locations":[{"start":{"line":203,"column":4},"end":{"line":207,"column":5}},{"start":{"line":205,"column":11},"end":{"line":207,"column":5}}],"line":203},"20":{"loc":{"start":{"line":210,"column":21},"end":{"line":210,"column":55}},"type":"binary-expr","locations":[{"start":{"line":210,"column":21},"end":{"line":210,"column":33}},{"start":{"line":210,"column":37},"end":{"line":210,"column":55}}],"line":210},"21":{"loc":{"start":{"line":234,"column":9},"end":{"line":238,"column":9}},"type":"binary-expr","locations":[{"start":{"line":234,"column":9},"end":{"line":234,"column":18}},{"start":{"line":235,"column":10},"end":{"line":237,"column":16}}],"line":234},"22":{"loc":{"start":{"line":250,"column":7},"end":{"line":256,"column":7}},"type":"binary-expr","locations":[{"start":{"line":250,"column":7},"end":{"line":250,"column":14}},{"start":{"line":250,"column":18},"end":{"line":250,"column":56}},{"start":{"line":251,"column":8},"end":{"line":255,"column":14}}],"line":250},"23":{"loc":{"start":{"line":278,"column":20},"end":{"line":278,"column":41}},"type":"binary-expr","locations":[{"start":{"line":278,"column":20},"end":{"line":278,"column":27}},{"start":{"line":278,"column":31},"end":{"line":278,"column":41}}],"line":278},"24":{"loc":{"start":{"line":281,"column":11},"end":{"line":291,"column":11}},"type":"cond-expr","locations":[{"start":{"line":282,"column":12},"end":{"line":288,"column":19}},{"start":{"line":290,"column":12},"end":{"line":290,"column":27}}],"line":281}},"s":{"0":0,"1":0,"2":0,"3":0,"4":0,"5":0,"6":0,"7":0,"8":0,"9":0,"10":0,"11":0,"12":0,"13":0,"14":0,"15":0,"16":0,"17":0,"18":0,"19":0,"20":0,"21":0,"22":0,"23":0,"24":0,"25":0,"26":0,"27":0,"28":0,"29":0,"30":0,"31":0,"32":0,"33":0,"34":0,"35":0,"36":0,"37":0,"38":0,"39":0,"40":0,"41":0,"42":0,"43":0,"44":0,"45":0,"46":0,"47":0,"48":0,"49":0,"50":0,"51":0,"52":0,"53":0,"54":0,"55":0,"56":0,"57":0,"58":0,"59":0,"60":0,"61":0,"62":0,"63":0,"64":0,"65":0,"66":0,"67":0,"68":0,"69":0,"70":0,"71":0,"72":0,"73":0,"74":0,"75":0,"76":0,"77":0,"78":0,"79":0,"80":0,"81":0,"82":0,"83":0,"84":0},"f":{"0":0,"1":0,"2":0,"3":0,"4":0},"b":{"0":[0,0],"1":[0,0],"2":[0,0],"3":[0,0],"4":[0,0],"5":[0,0],"6":[0,0],"7":[0,0],"8":[0,0],"9":[0,0],"10":[0,0],"11":[0,0],"12":[0,0],"13":[0,0],"14":[0,0],"15":[0,0],"16":[0,0],"17":[0,0],"18":[0,0],"19":[0,0],"20":[0,0],"21":[0,0],"22":[0,0,0],"23":[0,0],"24":[0,0]}}
,"C:\\Users\\xiggy\\YOUTUBE-TRANSCRIPT-APP\\frontend\\src\\components\\ProtectedRoute.js": {"path":"C:\\Users\\xiggy\\YOUTUBE-TRANSCRIPT-APP\\frontend\\src\\components\\ProtectedRoute.js","statementMap":{"0":{"start":{"line":7,"column":2},"end":{"line":11,"column":4}},"1":{"start":{"line":15,"column":41},"end":{"line":15,"column":50}},"2":{"start":{"line":17,"column":2},"end":{"line":17,"column":43}},"3":{"start":{"line":17,"column":17},"end":{"line":17,"column":43}},"4":{"start":{"line":18,"column":2},"end":{"line":18,"column":71}}},"fnMap":{"0":{"name":"FullPageLoader","decl":{"start":{"line":6,"column":9},"end":{"line":6,"column":23}},"loc":{"start":{"line":6,"column":26},"end":{"line":12,"column":1}},"line":6},"1":{"name":"ProtectedRoute","decl":{"start":{"line":14,"column":24},"end":{"line":14,"column":38}},"loc":{"start":{"line":14,"column":53},"end":{"line":19,"column":1}},"line":14}},"branchMap":{"0":{"loc":{"start":{"line":17,"column":2},"end":{"line":17,"column":43}},"type":"if","locations":[{"start":{"line":17,"column":2},"end":{"line":17,"column":43}},{"start":{},"end":{}}],"line":17},"1":{"loc":{"start":{"line":18,"column":9},"end":{"line":18,"column":70}},"type":"cond-expr","locations":[{"start":{"line":18,"column":27},"end":{"line":18,"column":35}},{"start":{"line":18,"column":38},"end":{"line":18,"column":70}}],"line":18}},"s":{"0":0,"1":0,"2":0,"3":0,"4":0},"f":{"0":0,"1":0},"b":{"0":[0,0],"1":[0,0]}}
,"C:\\Users\\xiggy\\YOUTUBE-TRANSCRIPT-APP\\frontend\\src\\components\\SegmentedRadioGroup.jsx": {"path":"C:\\Users\\xiggy\\YOUTUBE-TRANSCRIPT-APP\\frontend\\src\\components\\SegmentedRadioGroup.jsx","statementMap":{"0":{"start":{"line":7,"column":17},"end":{"line":28,"column":1}},"1":{"start":{"line":32,"column":2},"end":{"line":32,"column":42}},"2":{"start":{"line":32,"column":18},"end":{"line":32,"column":42}},"3":{"start":{"line":33,"column":2},"end":{"line":33,"column":42}},"4":{"start":{"line":33,"column":18},"end":{"line":33,"column":42}},"5":{"start":{"line":34,"column":2},"end":{"line":34,"column":26}},"6":{"start":{"line":49,"column":14},"end":{"line":49,"column":21}},"7":{"start":{"line":50,"column":12},"end":{"line":50,"column":48}},"8":{"start":{"line":52,"column":2},"end":{"line":104,"column":4}},"9":{"start":{"line":70,"column":23},"end":{"line":70,"column":52}},"10":{"start":{"line":71,"column":28},"end":{"line":71,"column":47}},"11":{"start":{"line":72,"column":12},"end":{"line":99,"column":14}},"12":{"start":{"line":81,"column":34},"end":{"line":81,"column":53}}},"fnMap":{"0":{"name":"colsClass","decl":{"start":{"line":30,"column":9},"end":{"line":30,"column":18}},"loc":{"start":{"line":30,"column":25},"end":{"line":35,"column":1}},"line":30},"1":{"name":"SegmentedRadioGroup","decl":{"start":{"line":37,"column":24},"end":{"line":37,"column":43}},"loc":{"start":{"line":48,"column":3},"end":{"line":105,"column":1}},"line":48},"2":{"name":"(anonymous_2)","decl":{"start":{"line":69,"column":23},"end":{"line":69,"column":24}},"loc":{"start":{"line":69,"column":35},"end":{"line":100,"column":11}},"line":69},"3":{"name":"(anonymous_3)","decl":{"start":{"line":81,"column":28},"end":{"line":81,"column":29}},"loc":{"start":{"line":81,"column":34},"end":{"line":81,"column":53}},"line":81}},"branchMap":{"0":{"loc":{"start":{"line":32,"column":2},"end":{"line":32,"column":42}},"type":"if","locations":[{"start":{"line":32,"column":2},"end":{"line":32,"column":42}},{"start":{},"end":{}}],"line":32},"1":{"loc":{"start":{"line":33,"column":2},"end":{"line":33,"column":42}},"type":"if","locations":[{"start":{"line":33,"column":2},"end":{"line":33,"column":42}},{"start":{},"end":{}}],"line":33},"2":{"loc":{"start":{"line":40,"column":2},"end":{"line":40,"column":14}},"type":"default-arg","locations":[{"start":{"line":40,"column":12},"end":{"line":40,"column":14}}],"line":40},"3":{"loc":{"start":{"line":43,"column":2},"end":{"line":43,"column":18}},"type":"default-arg","locations":[{"start":{"line":43,"column":13},"end":{"line":43,"column":18}}],"line":43},"4":{"loc":{"start":{"line":44,"column":2},"end":{"line":44,"column":13}},"type":"default-arg","locations":[{"start":{"line":44,"column":12},"end":{"line":44,"column":13}}],"line":44},"5":{"loc":{"start":{"line":45,"column":2},"end":{"line":45,"column":20}},"type":"default-arg","locations":[{"start":{"line":45,"column":12},"end":{"line":45,"column":20}}],"line":45},"6":{"loc":{"start":{"line":46,"column":2},"end":{"line":46,"column":16}},"type":"default-arg","locations":[{"start":{"line":46,"column":14},"end":{"line":46,"column":16}}],"line":46},"7":{"loc":{"start":{"line":47,"column":2},"end":{"line":47,"column":21}},"type":"default-arg","locations":[{"start":{"line":47,"column":17},"end":{"line":47,"column":21}}],"line":47},"8":{"loc":{"start":{"line":50,"column":12},"end":{"line":50,"column":48}},"type":"binary-expr","locations":[{"start":{"line":50,"column":12},"end":{"line":50,"column":29}},{"start":{"line":50,"column":33},"end":{"line":50,"column":48}}],"line":50},"9":{"loc":{"start":{"line":56,"column":20},"end":{"line":56,"column":68}},"type":"cond-expr","locations":[{"start":{"line":56,"column":31},"end":{"line":56,"column":63}},{"start":{"line":56,"column":66},"end":{"line":56,"column":68}}],"line":56},"10":{"loc":{"start":{"line":58,"column":7},"end":{"line":65,"column":14}},"type":"cond-expr","locations":[{"start":{"line":59,"column":8},"end":{"line":64,"column":17}},{"start":{"line":65,"column":10},"end":{"line":65,"column":14}}],"line":58},"11":{"loc":{"start":{"line":61,"column":54},"end":{"line":61,"column":87}},"type":"cond-expr","locations":[{"start":{"line":61,"column":69},"end":{"line":61,"column":82}},{"start":{"line":61,"column":85},"end":{"line":61,"column":87}}],"line":61},"12":{"loc":{"start":{"line":89,"column":32},"end":{"line":89,"column":119}},"type":"cond-expr","locations":[{"start":{"line":89,"column":42},"end":{"line":89,"column":82}},{"start":{"line":89,"column":85},"end":{"line":89,"column":119}}],"line":89},"13":{"loc":{"start":{"line":93,"column":76},"end":{"line":93,"column":113}},"type":"cond-expr","locations":[{"start":{"line":93,"column":86},"end":{"line":93,"column":102}},{"start":{"line":93,"column":105},"end":{"line":93,"column":113}}],"line":93},"14":{"loc":{"start":{"line":94,"column":70},"end":{"line":94,"column":106}},"type":"cond-expr","locations":[{"start":{"line":94,"column":80},"end":{"line":94,"column":87}},{"start":{"line":94,"column":90},"end":{"line":94,"column":106}}],"line":94},"15":{"loc":{"start":{"line":96,"column":61},"end":{"line":96,"column":83}},"type":"binary-expr","locations":[{"start":{"line":96,"column":61},"end":{"line":96,"column":70}},{"start":{"line":96,"column":74},"end":{"line":96,"column":83}}],"line":96}},"s":{"0":0,"1":0,"2":0,"3":0,"4":0,"5":0,"6":0,"7":0,"8":0,"9":0,"10":0,"11":0,"12":0},"f":{"0":0,"1":0,"2":0,"3":0},"b":{"0":[0,0],"1":[0,0],"2":[0],"3":[0],"4":[0],"5":[0],"6":[0],"7":[0],"8":[0,0],"9":[0,0],"10":[0,0],"11":[0,0],"12":[0,0],"13":[0,0],"14":[0,0],"15":[0,0]}}
,"C:\\Users\\xiggy\\YOUTUBE-TRANSCRIPT-APP\\frontend\\src\\components\\Sidebar.js": {"path":"C:\\Users\\xiggy\\YOUTUBE-TRANSCRIPT-APP\\frontend\\src\\components\\Sidebar.js","statementMap":{"0":{"start":{"line":8,"column":18},"end":{"line":11,"column":1}},"1":{"start":{"line":9,"column":23},"end":{"line":9,"column":36}},"2":{"start":{"line":10,"column":2},"end":{"line":10,"column":58}},"3":{"start":{"line":13,"column":13},"end":{"line":26,"column":1}},"4":{"start":{"line":14,"column":17},"end":{"line":14,"column":30}},"5":{"start":{"line":15,"column":2},"end":{"line":25,"column":4}},"6":{"start":{"line":29,"column":28},"end":{"line":38,"column":1}},"7":{"start":{"line":30,"column":2},"end":{"line":37,"column":4}},"8":{"start":{"line":40,"column":16},"end":{"line":60,"column":1}},"9":{"start":{"line":41,"column":19},"end":{"line":41,"column":28}},"10":{"start":{"line":43,"column":2},"end":{"line":59,"column":4}}},"fnMap":{"0":{"name":"(anonymous_0)","decl":{"start":{"line":8,"column":18},"end":{"line":8,"column":19}},"loc":{"start":{"line":8,"column":26},"end":{"line":11,"column":1}},"line":8},"1":{"name":"(anonymous_1)","decl":{"start":{"line":13,"column":13},"end":{"line":13,"column":14}},"loc":{"start":{"line":13,"column":47},"end":{"line":26,"column":1}},"line":13},"2":{"name":"(anonymous_2)","decl":{"start":{"line":29,"column":28},"end":{"line":29,"column":29}},"loc":{"start":{"line":29,"column":48},"end":{"line":38,"column":1}},"line":29},"3":{"name":"(anonymous_3)","decl":{"start":{"line":40,"column":16},"end":{"line":40,"column":17}},"loc":{"start":{"line":40,"column":22},"end":{"line":60,"column":1}},"line":40}},"branchMap":{"0":{"loc":{"start":{"line":10,"column":9},"end":{"line":10,"column":57}},"type":"binary-expr","locations":[{"start":{"line":10,"column":9},"end":{"line":10,"column":24}},{"start":{"line":10,"column":28},"end":{"line":10,"column":57}}],"line":10},"1":{"loc":{"start":{"line":20,"column":10},"end":{"line":20,"column":80}},"type":"cond-expr","locations":[{"start":{"line":20,"column":19},"end":{"line":20,"column":45}},{"start":{"line":20,"column":48},"end":{"line":20,"column":80}}],"line":20},"2":{"loc":{"start":{"line":55,"column":74},"end":{"line":55,"column":98}},"type":"binary-expr","locations":[{"start":{"line":55,"column":74},"end":{"line":55,"column":88}},{"start":{"line":55,"column":92},"end":{"line":55,"column":98}}],"line":55}},"s":{"0":0,"1":0,"2":0,"3":0,"4":0,"5":0,"6":0,"7":0,"8":0,"9":0,"10":0},"f":{"0":0,"1":0,"2":0,"3":0},"b":{"0":[0,0],"1":[0,0],"2":[0,0]}}
,"C:\\Users\\xiggy\\YOUTUBE-TRANSCRIPT-APP\\frontend\\src\\components\\SubscriptionBanner.js": {"path":"C:\\Users\\xiggy\\YOUTUBE-TRANSCRIPT-APP\\frontend\\src\\components\\SubscriptionBanner.js","statementMap":{"0":{"start":{"line":5,"column":27},"end":{"line":103,"column":1}},"1":{"start":{"line":7,"column":2},"end":{"line":14,"column":3}},"2":{"start":{"line":8,"column":4},"end":{"line":13,"column":6}},"3":{"start":{"line":16,"column":45},"end":{"line":16,"column":63}},"4":{"start":{"line":19,"column":21},"end":{"line":38,"column":3}},"5":{"start":{"line":40,"column":17},"end":{"line":40,"column":56}},"6":{"start":{"line":43,"column":25},"end":{"line":46,"column":3}},"7":{"start":{"line":44,"column":4},"end":{"line":44,"column":86}},"8":{"start":{"line":44,"column":73},"end":{"line":44,"column":86}},"9":{"start":{"line":45,"column":4},"end":{"line":45,"column":62}},"10":{"start":{"line":48,"column":30},"end":{"line":48,"column":55}},"11":{"start":{"line":49,"column":28},"end":{"line":49,"column":51}},"12":{"start":{"line":51,"column":2},"end":{"line":102,"column":4}}},"fnMap":{"0":{"name":"(anonymous_0)","decl":{"start":{"line":5,"column":27},"end":{"line":5,"column":28}},"loc":{"start":{"line":5,"column":71},"end":{"line":103,"column":1}},"line":5},"1":{"name":"(anonymous_1)","decl":{"start":{"line":43,"column":25},"end":{"line":43,"column":26}},"loc":{"start":{"line":43,"column":35},"end":{"line":46,"column":3}},"line":43}},"branchMap":{"0":{"loc":{"start":{"line":7,"column":2},"end":{"line":14,"column":3}},"type":"if","locations":[{"start":{"line":7,"column":2},"end":{"line":14,"column":3}},{"start":{},"end":{}}],"line":7},"1":{"loc":{"start":{"line":40,"column":17},"end":{"line":40,"column":56}},"type":"binary-expr","locations":[{"start":{"line":40,"column":17},"end":{"line":40,"column":35}},{"start":{"line":40,"column":39},"end":{"line":40,"column":56}}],"line":40},"2":{"loc":{"start":{"line":44,"column":4},"end":{"line":44,"column":86}},"type":"if","locations":[{"start":{"line":44,"column":4},"end":{"line":44,"column":86}},{"start":{},"end":{}}],"line":44},"3":{"loc":{"start":{"line":44,"column":8},"end":{"line":44,"column":71}},"type":"binary-expr","locations":[{"start":{"line":44,"column":8},"end":{"line":44,"column":36}},{"start":{"line":44,"column":40},"end":{"line":44,"column":71}}],"line":44},"4":{"loc":{"start":{"line":56,"column":13},"end":{"line":56,"column":93}},"type":"cond-expr","locations":[{"start":{"line":56,"column":31},"end":{"line":56,"column":42}},{"start":{"line":56,"column":45},"end":{"line":56,"column":93}}],"line":56},"5":{"loc":{"start":{"line":56,"column":45},"end":{"line":56,"column":93}},"type":"cond-expr","locations":[{"start":{"line":56,"column":64},"end":{"line":56,"column":76}},{"start":{"line":56,"column":79},"end":{"line":56,"column":93}}],"line":56},"6":{"loc":{"start":{"line":63,"column":35},"end":{"line":63,"column":88}},"type":"cond-expr","locations":[{"start":{"line":63,"column":68},"end":{"line":63,"column":71}},{"start":{"line":63,"column":74},"end":{"line":63,"column":88}}],"line":63},"7":{"loc":{"start":{"line":64,"column":17},"end":{"line":68,"column":17}},"type":"binary-expr","locations":[{"start":{"line":64,"column":17},"end":{"line":64,"column":36}},{"start":{"line":65,"column":18},"end":{"line":67,"column":25}}],"line":64},"8":{"loc":{"start":{"line":72,"column":33},"end":{"line":72,"column":82}},"type":"cond-expr","locations":[{"start":{"line":72,"column":64},"end":{"line":72,"column":67}},{"start":{"line":72,"column":70},"end":{"line":72,"column":82}}],"line":72},"9":{"loc":{"start":{"line":73,"column":17},"end":{"line":77,"column":17}},"type":"binary-expr","locations":[{"start":{"line":73,"column":17},"end":{"line":73,"column":34}},{"start":{"line":74,"column":18},"end":{"line":76,"column":25}}],"line":73},"10":{"loc":{"start":{"line":83,"column":9},"end":{"line":90,"column":9}},"type":"binary-expr","locations":[{"start":{"line":83,"column":9},"end":{"line":83,"column":24}},{"start":{"line":84,"column":10},"end":{"line":89,"column":19}}],"line":83},"11":{"loc":{"start":{"line":92,"column":9},"end":{"line":99,"column":9}},"type":"binary-expr","locations":[{"start":{"line":92,"column":9},"end":{"line":92,"column":25}},{"start":{"line":93,"column":10},"end":{"line":98,"column":19}}],"line":92}},"s":{"0":0,"1":0,"2":0,"3":0,"4":0,"5":0,"6":0,"7":0,"8":0,"9":0,"10":0,"11":0,"12":0},"f":{"0":0,"1":0},"b":{"0":[0,0],"1":[0,0],"2":[0,0],"3":[0,0],"4":[0,0],"5":[0,0],"6":[0,0],"7":[0,0],"8":[0,0],"9":[0,0],"10":[0,0],"11":[0,0]}}
,"C:\\Users\\xiggy\\YOUTUBE-TRANSCRIPT-APP\\frontend\\src\\components\\SubscriptionPlanCard.js": {"path":"C:\\Users\\xiggy\\YOUTUBE-TRANSCRIPT-APP\\frontend\\src\\components\\SubscriptionPlanCard.js","statementMap":{"0":{"start":{"line":5,"column":29},"end":{"line":57,"column":1}},"1":{"start":{"line":6,"column":53},"end":{"line":6,"column":57}},"2":{"start":{"line":8,"column":2},"end":{"line":56,"column":4}},"3":{"start":{"line":30,"column":12},"end":{"line":37,"column":17}},"4":{"start":{"line":43,"column":27},"end":{"line":43,"column":39}}},"fnMap":{"0":{"name":"(anonymous_0)","decl":{"start":{"line":5,"column":29},"end":{"line":5,"column":30}},"loc":{"start":{"line":5,"column":68},"end":{"line":57,"column":1}},"line":5},"1":{"name":"(anonymous_1)","decl":{"start":{"line":29,"column":24},"end":{"line":29,"column":25}},"loc":{"start":{"line":30,"column":12},"end":{"line":37,"column":17}},"line":30},"2":{"name":"(anonymous_2)","decl":{"start":{"line":43,"column":21},"end":{"line":43,"column":22}},"loc":{"start":{"line":43,"column":27},"end":{"line":43,"column":39}},"line":43}},"branchMap":{"0":{"loc":{"start":{"line":10,"column":6},"end":{"line":10,"column":76}},"type":"cond-expr","locations":[{"start":{"line":10,"column":20},"end":{"line":10,"column":49}},{"start":{"line":10,"column":52},"end":{"line":10,"column":76}}],"line":10},"1":{"loc":{"start":{"line":12,"column":7},"end":{"line":16,"column":7}},"type":"binary-expr","locations":[{"start":{"line":12,"column":7},"end":{"line":12,"column":18}},{"start":{"line":13,"column":8},"end":{"line":15,"column":14}}],"line":12},"2":{"loc":{"start":{"line":46,"column":14},"end":{"line":48,"column":59}},"type":"cond-expr","locations":[{"start":{"line":47,"column":18},"end":{"line":47,"column":50}},{"start":{"line":48,"column":18},"end":{"line":48,"column":59}}],"line":46},"3":{"loc":{"start":{"line":51,"column":13},"end":{"line":51,"column":59}},"type":"cond-expr","locations":[{"start":{"line":51,"column":29},"end":{"line":51,"column":43}},{"start":{"line":51,"column":46},"end":{"line":51,"column":59}}],"line":51}},"s":{"0":0,"1":0,"2":0,"3":0,"4":0},"f":{"0":0,"1":0,"2":0},"b":{"0":[0,0],"1":[0,0],"2":[0,0],"3":[0,0]}}
,"C:\\Users\\xiggy\\YOUTUBE-TRANSCRIPT-APP\\frontend\\src\\components\\SubscriptionStatusCard.js": {"path":"C:\\Users\\xiggy\\YOUTUBE-TRANSCRIPT-APP\\frontend\\src\\components\\SubscriptionStatusCard.js","statementMap":{"0":{"start":{"line":5,"column":31},"end":{"line":114,"column":1}},"1":{"start":{"line":6,"column":47},"end":{"line":6,"column":53}},"2":{"start":{"line":9,"column":21},"end":{"line":17,"column":3}},"3":{"start":{"line":10,"column":4},"end":{"line":10,"column":34}},"4":{"start":{"line":10,"column":21},"end":{"line":10,"column":34}},"5":{"start":{"line":11,"column":17},"end":{"line":11,"column":37}},"6":{"start":{"line":12,"column":4},"end":{"line":16,"column":7}},"7":{"start":{"line":20,"column":23},"end":{"line":23,"column":3}},"8":{"start":{"line":21,"column":4},"end":{"line":21,"column":50}},"9":{"start":{"line":21,"column":41},"end":{"line":21,"column":50}},"10":{"start":{"line":22,"column":4},"end":{"line":22,"column":59}},"11":{"start":{"line":25,"column":26},"end":{"line":25,"column":69}},"12":{"start":{"line":26,"column":24},"end":{"line":26,"column":63}},"13":{"start":{"line":29,"column":23},"end":{"line":35,"column":3}},"14":{"start":{"line":30,"column":4},"end":{"line":34,"column":5}},"15":{"start":{"line":31,"column":22},"end":{"line":31,"column":47}},"16":{"start":{"line":32,"column":20},"end":{"line":32,"column":43}},"17":{"start":{"line":33,"column":15},"end":{"line":33,"column":38}},"18":{"start":{"line":37,"column":27},"end":{"line":41,"column":3}},"19":{"start":{"line":38,"column":4},"end":{"line":38,"column":42}},"20":{"start":{"line":38,"column":22},"end":{"line":38,"column":42}},"21":{"start":{"line":39,"column":4},"end":{"line":39,"column":45}},"22":{"start":{"line":39,"column":22},"end":{"line":39,"column":45}},"23":{"start":{"line":40,"column":4},"end":{"line":40,"column":26}},"24":{"start":{"line":43,"column":2},"end":{"line":113,"column":4}}},"fnMap":{"0":{"name":"(anonymous_0)","decl":{"start":{"line":5,"column":31},"end":{"line":5,"column":32}},"loc":{"start":{"line":5,"column":63},"end":{"line":114,"column":1}},"line":5},"1":{"name":"(anonymous_1)","decl":{"start":{"line":9,"column":21},"end":{"line":9,"column":22}},"loc":{"start":{"line":9,"column":37},"end":{"line":17,"column":3}},"line":9},"2":{"name":"(anonymous_2)","decl":{"start":{"line":20,"column":23},"end":{"line":20,"column":24}},"loc":{"start":{"line":20,"column":40},"end":{"line":23,"column":3}},"line":20},"3":{"name":"(anonymous_3)","decl":{"start":{"line":29,"column":23},"end":{"line":29,"column":24}},"loc":{"start":{"line":29,"column":29},"end":{"line":35,"column":3}},"line":29},"4":{"name":"(anonymous_4)","decl":{"start":{"line":37,"column":27},"end":{"line":37,"column":28}},"loc":{"start":{"line":37,"column":40},"end":{"line":41,"column":3}},"line":37}},"branchMap":{"0":{"loc":{"start":{"line":5,"column":42},"end":{"line":5,"column":56}},"type":"default-arg","locations":[{"start":{"line":5,"column":54},"end":{"line":5,"column":56}}],"line":5},"1":{"loc":{"start":{"line":10,"column":4},"end":{"line":10,"column":34}},"type":"if","locations":[{"start":{"line":10,"column":4},"end":{"line":10,"column":34}},{"start":{},"end":{}}],"line":10},"2":{"loc":{"start":{"line":21,"column":4},"end":{"line":21,"column":50}},"type":"if","locations":[{"start":{"line":21,"column":4},"end":{"line":21,"column":50}},{"start":{},"end":{}}],"line":21},"3":{"loc":{"start":{"line":21,"column":8},"end":{"line":21,"column":39}},"type":"binary-expr","locations":[{"start":{"line":21,"column":8},"end":{"line":21,"column":14}},{"start":{"line":21,"column":18},"end":{"line":21,"column":39}}],"line":21},"4":{"loc":{"start":{"line":30,"column":4},"end":{"line":34,"column":5}},"type":"switch","locations":[{"start":{"line":31,"column":6},"end":{"line":31,"column":47}},{"start":{"line":32,"column":6},"end":{"line":32,"column":43}},{"start":{"line":33,"column":6},"end":{"line":33,"column":38}}],"line":30},"5":{"loc":{"start":{"line":38,"column":4},"end":{"line":38,"column":42}},"type":"if","locations":[{"start":{"line":38,"column":4},"end":{"line":38,"column":42}},{"start":{},"end":{}}],"line":38},"6":{"loc":{"start":{"line":39,"column":4},"end":{"line":39,"column":45}},"type":"if","locations":[{"start":{"line":39,"column":4},"end":{"line":39,"column":45}},{"start":{},"end":{}}],"line":39},"7":{"loc":{"start":{"line":54,"column":15},"end":{"line":58,"column":34}},"type":"cond-expr","locations":[{"start":{"line":55,"column":18},"end":{"line":55,"column":29}},{"start":{"line":56,"column":18},"end":{"line":58,"column":34}}],"line":54},"8":{"loc":{"start":{"line":56,"column":18},"end":{"line":58,"column":34}},"type":"cond-expr","locations":[{"start":{"line":57,"column":20},"end":{"line":57,"column":32}},{"start":{"line":58,"co
[...]
}},"type":"cond-expr","locations":[{"start":{"line":239,"column":205},"end":{"line":239,"column":229}},{"start":{"line":239,"column":232},"end":{"line":239,"column":234}}],"line":239},"46":{"loc":{"start":{"line":239,"column":167},"end":{"line":239,"column":201}},"type":"binary-expr","locations":[{"start":{"line":239,"column":167},"end":{"line":239,"column":180}},{"start":{"line":239,"column":184},"end":{"line":239,"column":201}}],"line":239},"47":{"loc":{"start":{"line":241,"column":11},"end":{"line":241,"column":110}},"type":"cond-expr","locations":[{"start":{"line":241,"column":27},"end":{"line":241,"column":42}},{"start":{"line":241,"column":45},"end":{"line":241,"column":110}}],"line":241},"48":{"loc":{"start":{"line":241,"column":45},"end":{"line":241,"column":110}},"type":"cond-expr","locations":[{"start":{"line":241,"column":65},"end":{"line":241,"column":80}},{"start":{"line":241,"column":83},"end":{"line":241,"column":110}}],"line":241},"49":{"loc":{"start":{"line":248,"column":22},"end":{"line":248,"column":58}},"type":"binary-expr","locations":[{"start":{"line":248,"column":22},"end":{"line":248,"column":36}},{"start":{"line":248,"column":40},"end":{"line":248,"column":58}}],"line":248},"50":{"loc":{"start":{"line":269,"column":9},"end":{"line":284,"column":9}},"type":"binary-expr","locations":[{"start":{"line":269,"column":9},"end":{"line":269,"column":26}},{"start":{"line":270,"column":10},"end":{"line":283,"column":16}}],"line":269},"51":{"loc":{"start":{"line":287,"column":9},"end":{"line":309,"column":9}},"type":"binary-expr","locations":[{"start":{"line":287,"column":9},"end":{"line":287,"column":18}},{"start":{"line":288,"column":10},"end":{"line":308,"column":16}}],"line":287},"52":{"loc":{"start":{"line":297,"column":19},"end":{"line":297,"column":144}},"type":"cond-expr","locations":[{"start":{"line":297,"column":89},"end":{"line":297,"column":120}},{"start":{"line":297,"column":123},"end":{"line":297,"column":144}}],"line":297},"53":{"loc":{"start":{"line":297,"column":19},"end":{"line":297,"column":86}},"type":"binary-expr","locations":[{"start":{"line":297,"column":19},"end":{"line":297,"column":54}},{"start":{"line":297,"column":58},"end":{"line":297,"column":86}}],"line":297},"54":{"loc":{"start":{"line":302,"column":19},"end":{"line":304,"column":19}},"type":"binary-expr","locations":[{"start":{"line":302,"column":20},"end":{"line":302,"column":55}},{"start":{"line":302,"column":59},"end":{"line":302,"column":87}},{"start":{"line":303,"column":20},"end":{"line":303,"column":257}}],"line":302},"55":{"loc":{"start":{"line":318,"column":103},"end":{"line":318,"column":117}},"type":"binary-expr","locations":[{"start":{"line":318,"column":103},"end":{"line":318,"column":107}},{"start":{"line":318,"column":111},"end":{"line":318,"column":117}}],"line":318},"56":{"loc":{"start":{"line":336,"column":13},"end":{"line":345,"column":13}},"type":"binary-expr","locations":[{"start":{"line":336,"column":13},"end":{"line":336,"column":28}},{"start":{"line":337,"column":14},"end":{"line":344,"column":20}}],"line":336},"57":{"loc":{"start":{"line":338,"column":76},"end":{"line":338,"column":110}},"type":"binary-expr","locations":[{"start":{"line":338,"column":76},"end":{"line":338,"column":89}},{"start":{"line":338,"column":93},"end":{"line":338,"column":110}}],"line":338},"58":{"loc":{"start":{"line":338,"column":176},"end":{"line":338,"column":359}},"type":"cond-expr","locations":[{"start":{"line":338,"column":215},"end":{"line":338,"column":310}},{"start":{"line":338,"column":313},"end":{"line":338,"column":359}}],"line":338},"59":{"loc":{"start":{"line":338,"column":176},"end":{"line":338,"column":212}},"type":"binary-expr","locations":[{"start":{"line":338,"column":176},"end":{"line":338,"column":190}},{"start":{"line":338,"column":194},"end":{"line":338,"column":212}}],"line":338},"60":{"loc":{"start":{"line":339,"column":19},"end":{"line":339,"column":107}},"type":"cond-expr","locations":[{"start":{"line":339,"column":35},"end":{"line":339,"column":50}},{"start":{"line":339,"column":53},"end":{"line":339,"column":107}}],"line":339},"61":{"loc":{"start":{"line":339,"column":53},"end":{"line":339,"column":107}},"type":"cond-expr","locations":[{"start":{"line":339,"column":73},"end":{"line":339,"column":88}},{"start":{"line":339,"column":91},"end":{"line":339,"column":107}}],"line":339},"62":{"loc":{"start":{"line":341,"column":80},"end":{"line":341,"column":114}},"type":"binary-expr","locations":[{"start":{"line":341,"column":80},"end":{"line":341,"column":93}},{"start":{"line":341,"column":97},"end":{"line":341,"column":114}}],"line":341},"63":{"loc":{"start":{"line":341,"column":180},"end":{"line":341,"column":369}},"type":"cond-expr","locations":[{"start":{"line":341,"column":219},"end":{"line":341,"column":320}},{"start":{"line":341,"column":323},"end":{"line":341,"column":369}}],"line":341},"64":{"loc":{"start":{"line":341,"column":180},"end":{"line":341,"column":216}},"type":"binary-expr","locations":[{"start":{"line":341,"column":180},"end":{"line":341,"column":194}},{"start":{"line":341,"column":198},"end":{"line":341,"column":216}}],"line":341},"65":{"loc":{"start":{"line":342,"column":19},"end":{"line":342,"column":111}},"type":"cond-expr","locations":[{"start":{"line":342,"column":35},"end":{"line":342,"column":50}},{"start":{"line":342,"column":53},"end":{"line":342,"column":111}}],"line":342},"66":{"loc":{"start":{"line":342,"column":53},"end":{"line":342,"column":111}},"type":"cond-expr","locations":[{"start":{"line":342,"column":73},"end":{"line":342,"column":88}},{"start":{"line":342,"column":91},"end":{"line":342,"column":111}}],"line":342},"67":{"loc":{"start":{"line":350,"column":26},"end":{"line":350,"column":60}},"type":"binary-expr","locations":[{"start":{"line":350,"column":26},"end":{"line":350,"column":39}},{"start":{"line":350,"column":43},"end":{"line":350,"column":60}}],"line":350},"68":{"loc":{"start":{"line":352,"column":18},"end":{"line":354,"column":173}},"type":"cond-expr","locations":[{"start":{"line":353,"column":22},"end":{"line":353,"column":166}},{"start":{"line":354,"column":22},"end":{"line":354,"column":173}}],"line":352},"69":{"loc":{"start":{"line":356,"column":23},"end":{"line":356,"column":119}},"type":"cond-expr","locations":[{"start":{"line":356,"column":60},"end":{"line":356,"column":75}},{"start":{"line":356,"column":78},"end":{"line":356,"column":119}}],"line":356},"70":{"loc":{"start":{"line":356,"column":23},"end":{"line":356,"column":57}},"type":"binary-expr","locations":[{"start":{"line":356,"column":23},"end":{"line":356,"column":36}},{"start":{"line":356,"column":40},"end":{"line":356,"column":57}}],"line":356},"71":{"loc":{"start":{"line":368,"column":26},"end":{"line":368,"column":79}},"type":"binary-expr","locations":[{"start":{"line":368,"column":26},"end":{"line":368,"column":41}},{"start":{"line":368,"column":45},"end":{"line":368,"column":58}},{"start":{"line":368,"column":62},"end":{"line":368,"column":79}}],"line":368},"72":{"loc":{"start":{"line":370,"column":18},"end":{"line":372,"column":135}},"type":"cond-expr","locations":[{"start":{"line":371,"column":22},"end":{"line":371,"column":66}},{"start":{"line":372,"column":22},"end":{"line":372,"column":135}}],"line":370},"73":{"loc":{"start":{"line":374,"column":23},"end":{"line":374,"column":97}},"type":"cond-expr","locations":[{"start":{"line":374,"column":41},"end":{"line":374,"column":68}},{"start":{"line":374,"column":71},"end":{"line":374,"column":97}}],"line":374},"74":{"loc":{"start":{"line":380,"column":32},"end":{"line":380,"column":109}},"type":"cond-expr","locations":[{"start":{"line":380,"column":46},"end":{"line":380,"column":64}},{"start":{"line":380,"column":67},"end":{"line":380,"column":109}}],"line":380},"75":{"loc":{"start":{"line":383,"column":18},"end":{"line":385,"column":68}},"type":"cond-expr","locations":[{"start":{"line":384,"column":22},"end":{"line":384,"column":123}},{"start":{"line":385,"column":22},"end":{"line":385,"column":68}}],"line":383},"76":{"loc":{"start":{"line":387,"column":23},"end":{"line":387,"column":105}},"type":"cond-expr","locations":[{"start":{"line":387,"column":37},"end":{"line":387,"column":61}},{"start":{"line":387,"column":64},"end":{"line":387,"column":105}}],"line":387},"77":{"loc":{"start":{"line":400,"column":121},"end":{"line":400,"column":191}},"type":"cond-expr","locations":[{"start":{"line":400,"column":133},"end":{"line":400,"column":171}},{"start":{"line":400,"column":174},"end":{"line":400,"column":191}}],"line":400},"78":{"loc":{"start":{"line":400,"column":195},"end":{"line":400,"column":239}},"type":"cond-expr","locations":[{"start":{"line":400,"column":211},"end":{"line":400,"column":234}},{"start":{"line":400,"column":237},"end":{"line":400,"column":239}}],"line":400},"79":{"loc":{"start":{"line":401,"column":17},"end":{"line":405,"column":17}},"type":"binary-expr","locations":[{"start":{"line":401,"column":18},"end":{"line":401,"column":31}},{"start":{"line":401,"column":35},"end":{"line":401,"column":44}},{"start":{"line":402,"column":18},"end":{"line":404,"column":24}}],"line":401},"80":{"loc":{"start":{"line":402,"column":117},"end":{"line":402,"column":185}},"type":"cond-expr","locations":[{"start":{"line":402,"column":133},"end":{"line":402,"column":158}},{"start":{"line":402,"column":161},"end":{"line":402,"column":185}}],"line":402},"81":{"loc":{"start":{"line":403,"column":21},"end":{"line":403,"column":68}},"type":"cond-expr","locations":[{"start":{"line":403,"column":37},"end":{"line":403,"column":51}},{"start":{"line":403,"column":54},"end":{"line":403,"column":68}}],"line":403},"82":{"loc":{"start":{"line":406,"column":39},"end":{"line":406,"column":82}},"type":"cond-expr","locations":[{"start":{"line":406,"column":70},"end":{"line":406,"column":77}},{"start":{"line":406,"column":80},"end":{"line":406,"column":82}}],"line":406},"83":{"loc":{"start":{"line":406,"column":40},"end":{"line":406,"column":66}},"type":"binary-expr","locations":[{"start":{"line":406,"column":40},"end":{"line":406,"column":49}},{"start":{"line":406,"column":53},"end":{"line":406,"column":66}}],"line":406},"84":{"loc":{"start":{"line":411,"column":23},"end":{"line":411,"column":83}},"type":"binary-expr","locations":[{"start":{"line":411,"column":23},"end":{"line":411,"column":34}},{"start":{"line":411,"column":38},"end":{"line":411,"column":83}}],"line":411},"85":{"loc":{"start":{"line":432,"column":14},"end":{"line":432,"column":237}},"type":"cond-expr","locations":[{"start":{"line":432,"column":32},"end":{"line":432,"column":63}},{"start":{"line":432,"column":66},"end":{"line":432,"column":237}}],"line":432},"86":{"loc":{"start":{"line":432,"column":66},"end":{"line":432,"column":237}},"type":"cond-expr","locations":[{"start":{"line":432,"column":92},"end":{"line":432,"column":163}},{"start":{"line":432,"column":166},"end":{"line":432,"column":237}}],"line":432},"87":{"loc":{"start":{"line":455,"column":63},"end":{"line":455,"column":77}},"type":"binary-expr","locations":[{"start":{"line":455,"column":63},"end":{"line":455,"column":67}},{"start":{"line":455,"column":71},"end":{"line":455,"column":77}}],"line":455}},"s":{"0":0,"1":0,"2":0,"3":0,"4":0,"5":0,"6":0,"7":0,"8":0,"9":0,"10":0,"11":0,"12":0,"13":0,"14":0,"15":0,"16":0,"17":0,"18":0,"19":0,"20":0,"21":0,"22":0,"23":0,"24":0,"25":0,"26":0,"27":0,"28":0,"29":0,"30":0,"31":0,"32":0,"33":0,"34":0,"35":0,"36":0,"37":0,"38":0,"39":0,"40":0,"41":0,"42":0,"43":0,"44":0,"45":0,"46":0,"47":0,"48":0,"49":0,"50":0,"51":0,"52":0,"53":0,"54":0,"55":0,"56":0,"57":0,"58":0,"59":0,"60":0,"61":0,"62":0,"63":0,"64":0,"65":0,"66":0,"67":0,"68":0,"69":0,"70":0,"71":0,"72":0,"73":0,"74":0,"75":0,"76":0,"77":0,"78":0,"79":0,"80":0,"81":0,"82":0,"83":0,"84":0,"85":0,"86":0,"87":0,"88":0,"89":0,"90":0,"91":0,"92":0,"93":0,"94":0,"95":0,"96":0,"97":0,"98":0,"99":0,"100":0,"101":0,"102":0,"103":0,"104":0,"105":0,"106":0,"107":0,"108":0,"109":0,"110":0,"111":0,"112":0,"113":0,"114":0,"115":0,"116":0,"117":0,"118":0,"119":0,"120":0,"121":0,"122":0,"123":0,"124":0,"125":0,"126":0,"127":0,"128":0,"129":0,"130":0,"131":0,"132":0,"133":0,"134":0,"135":0,"136":0,"137":0,"138":0,"139":0,"140":0,"141":0,"142":0,"143":0,"144":0,"145":0,"146":0,"147":0,"148":0,"149":0,"150":0,"151":0,"152":0,"153":0,"154":0,"155":0,"156":0,"157":0},"f":{"0":0,"1":0,"2":0,"3":0,"4":0,"5":0,"6":0,"7":0,"8":0,"9":0,"10":0,"11":0,"12":0,"13":0,"14":0,"15":0,"16":0,"17":0,"18":0,"19":0,"20":0,"21":0,"22":0,"23":0,"24":0,"25":0,"26":0,"27":0},"b":{"0":[0,0,0],"1":[0,0],"2":[0,0],"3":[0,0],"4":[0,0],"5":[0,0],"6":[0,0,0],"7":[0,0],"8":[0,0],"9":[0,0],"10":[0,0],"11":[0,0],"12":[0,0],"13":[0,0],"14":[0,0],"15":[0,0],"16":[0,0],"17":[0,0],"18":[0,0],"19":[0,0],"20":[0,0],"21":[0,0],"22":[0,0],"23":[0,0],"24":[0,0],"25":[0,0],"26":[0,0],"27":[0,0],"28":[0,0],"29":[0,0],"30":[0,0],"31":[0,0],"32":[0,0],"33":[0,0],"34":[0,0],"35":[0,0],"36":[0,0,0,0],"37":[0,0],"38":[0,0],"39":[0,0],"40":[0,0],"41":[0,0],"42":[0,0],"43":[0,0],"44":[0,0],"45":[0,0],"46":[0,0],"47":[0,0],"48":[0,0],"49":[0,0],"50":[0,0],"51":[0,0],"52":[0,0],"53":[0,0],"54":[0,0,0],"55":[0,0],"56":[0,0],"57":[0,0],"58":[0,0],"59":[0,0],"60":[0,0],"61":[0,0],"62":[0,0],"63":[0,0],"64":[0,0],"65":[0,0],"66":[0,0],"67":[0,0],"68":[0,0],"69":[0,0],"70":[0,0],"71":[0,0,0],"72":[0,0],"73":[0,0],"74":[0,0],"75":[0,0],"76":[0,0],"77":[0,0],"78":[0,0],"79":[0,0,0],"80":[0,0],"81":[0,0],"82":[0,0],"83":[0,0],"84":[0,0],"85":[0,0],"86":[0,0],"87":[0,0]}}
,"C:\\Users\\xiggy\\YOUTUBE-TRANSCRIPT-APP\\frontend\\src\\pages\\newFile.js": {"path":"C:\\Users\\xiggy\\YOUTUBE-TRANSCRIPT-APP\\frontend\\src\\pages\\newFile.js","statementMap":{},"fnMap":{},"branchMap":{},"s":{},"f":{},"b":{}}
,"C:\\Users\\xiggy\\YOUTUBE-TRANSCRIPT-APP\\frontend\\src\\utils\\userDisplay.js": {"path":"C:\\Users\\xiggy\\YOUTUBE-TRANSCRIPT-APP\\frontend\\src\\utils\\userDisplay.js","statementMap":{"0":{"start":{"line":4,"column":23},"end":{"line":5,"column":61}},"1":{"start":{"line":5,"column":2},"end":{"line":5,"column":61}},"2":{"start":{"line":7,"column":18},"end":{"line":15,"column":1}},"3":{"start":{"line":8,"column":2},"end":{"line":14,"column":3}},"4":{"start":{"line":9,"column":24},"end":{"line":9,"column":40}},"5":{"start":{"line":10,"column":17},"end":{"line":10,"column":68}},"6":{"start":{"line":11,"column":4},"end":{"line":11,"column":28}},"7":{"start":{"line":13,"column":4},"end":{"line":13,"column":14}},"8":{"start":{"line":17,"column":31},"end":{"line":44,"column":1}},"9":{"start":{"line":20,"column":4},"end":{"line":23,"column":26}},"10":{"start":{"line":24,"column":2},"end":{"line":24,"column":48}},"11":{"start":{"line":24,"column":16},"end":{"line":24,"column":48}},"12":{"start":{"line":27,"column":2},"end":{"line":33,"column":12}},"13":{"start":{"line":28,"column":19},"end":{"line":28,"column":47}},"14":{"start":{"line":29,"column":4},"end":{"line":32,"column":5}},"15":{"start":{"line":30,"column":16},"end":{"line":30,"column":34}},"16":{"start":{"line":31,"column":6},"end":{"line":31,"column":51}},"17":{"start":{"line":31,"column":20},"end":{"line":31,"column":51}},"18":{"start":{"line":36,"column":16},"end":{"line":36,"column":45}},"19":{"start":{"line":37,"column":2},"end":{"line":40,"column":3}},"20":{"start":{"line":38,"column":14},"end":{"line":38,"column":30}},"21":{"start":{"line":39,"column":4},"end":{"line":39,"column":49}},"22":{"start":{"line":39,"column":18},"end":{"line":39,"column":49}},"23":{"start":{"line":43,"column":2},"end":{"line":43,"column":28}},"24":{"start":{"line":46,"column":30},"end":{"line":60,"column":1}},"25":{"start":{"line":48,"column":4},"end":{"line":51,"column":23}},"26":{"start":{"line":53,"column":2},"end":{"line":53,"column":52}},"27":{"start":{"line":53,"column":40},"end":{"line":53,"column":52}},"28":{"start":{"line":56,"column":16},"end":{"line":56,"column":37}},"29":{"start":{"line":57,"column":2},"end":{"line":59,"column":13}}},"fnMap":{"0":{"name":"(anonymous_0)","decl":{"start":{"line":4,"column":23},"end":{"line":4,"column":24}},"loc":{"start":{"line":5,"column":2},"end":{"line":5,"column":61}},"line":5},"1":{"name":"(anonymous_1)","decl":{"start":{"line":7,"column":18},"end":{"line":7,"column":19}},"loc":{"start":{"line":7,"column":29},"end":{"line":15,"column":1}},"line":7},"2":{"name":"(anonymous_2)","decl":{"start":{"line":17,"column":31},"end":{"line":17,"column":32}},"loc":{"start":{"line":17,"column":41},"end":{"line":44,"column":1}},"line":17},"3":{"name":"(anonymous_3)","decl":{"start":{"line":46,"column":30},"end":{"line":46,"column":31}},"loc":{"start":{"line":46,"column":40},"end":{"line":60,"column":1}},"line":46}},"branchMap":{"0":{"loc":{"start":{"line":5,"column":2},"end":{"line":5,"column":61}},"type":"cond-expr","locations":[{"start":{"line":5,"column":30},"end":{"line":5,"column":56}},{"start":{"line":5,"column":59},"end":{"line":5,"column":61}}],"line":5},"1":{"loc":{"start":{"line":20,"column":4},"end":{"line":23,"column":26}},"type":"binary-expr","locations":[{"start":{"line":20,"column":4},"end":{"line":20,"column":15}},{"start":{"line":21,"column":4},"end":{"line":21,"column":21}},{"start":{"line":22,"column":4},"end":{"line":22,"column":24}},{"start":{"line":23,"column":4},"end":{"line":23,"column":26}}],"line":20},"2":{"loc":{"start":{"line":24,"column":2},"end":{"line":24,"column":48}},"type":"if","locations":[{"start":{"line":24,"column":2},"end":{"line":24,"column":48}},{"start":{},"end":{}}],"line":24},"3":{"loc":{"start":{"line":29,"column":4},"end":{"line":32,"column":5}},"type":"if","locations":[{"start":{"line":29,"column":4},"end":{"line":32,"column":5}},{"start":{},"end":{}}],"line":29},"4":{"loc":{"start":{"line":31,"column":6},"end":{"line":31,"column":51}},"type":"if","locations":[{"start":{"line":31,"column":6},"end":{"line":31,"column":51}},{"start":{},"end":{}}],"line":31},"5":{"loc":{"start":{"line":37,"column":2},"end":{"line":40,"column":3}},"type":"if","locations":[{"start":{"line":37,"column":2},"end":{"line":40,"column":3}},{"start":{},"end":{}}],"line":37},"6":{"loc":{"start":{"line":39,"column":4},"end":{"line":39,"column":49}},"type":"if","locations":[{"start":{"line":39,"column":4},"end":{"line":39,"column":49}},{"start":{},"end":{}}],"line":39},"7":{"loc":{"start":{"line":48,"column":4},"end":{"line":51,"column":23}},"type":"binary-expr","locations":[{"start":{"line":48,"column":4},"end":{"line":48,"column":18}},{"start":{"line":49,"column":4},"end":{"line":49,"column":14}},{"start":{"line":50,"column":4},"end":{"line":50,"column":24}},{"start":{"line":51,"column":4},"end":{"line":51,"column":23}}],"line":48},"8":{"loc":{"start":{"line":53,"column":2},"end":{"line":53,"column":52}},"type":"if","locations":[{"start":{"line":53,"column":2},"end":{"line":53,"column":52}},{"start":{},"end":{}}],"line":53},"9":{"loc":{"start":{"line":53,"column":6},"end":{"line":53,"column":38}},"type":"binary-expr","locations":[{"start":{"line":53,"column":6},"end":{"line":53,"column":10}},{"start":{"line":53,"column":14},"end":{"line":53,"column":38}}],"line":53},"10":{"loc":{"start":{"line":57,"column":9},"end":{"line":59,"column":12}},"type":"cond-expr","locations":[{"start":{"line":58,"column":6},"end":{"line":58,"column":25}},{"start":{"line":59,"column":6},"end":{"line":59,"column":12}}],"line":57},"11":{"loc":{"start":{"line":57,"column":9},"end":{"line":57,"column":46}},"type":"binary-expr","locations":[{"start":{"line":57,"column":9},"end":{"line":57,"column":14}},{"start":{"line":57,"column":18},"end":{"line":57,"column":46}}],"line":57}},"s":{"0":0,"1":0,"2":0,"3":0,"4":0,"5":0,"6":0,"7":0,"8":0,"9":0,"10":0,"11":0,"12":0,"13":0,"14":0,"15":0,"16":0,"17":0,"18":0,"19":0,"20":0,"21":0,"22":0,"23":0,"24":0,"25":0,"26":0,"27":0,"28":0,"29":0},"f":{"0":0,"1":0,"2":0,"3":0},"b":{"0":[0,0],"1":[0,0,0,0],"2":[0,0],"3":[0,0],"4":[0,0],"5":[0,0],"6":[0,0],"7":[0,0,0,0],"8":[0,0],"9":[0,0],"10":[0,0],"11":[0,0]}}
}
