TN:
SF:src\App.js
FN:17,App
FNF:1
FNH:0
FNDA:0,App
DA:18,0
LF:1
LH:0
BRF:0
BRH:0
end_of_record
TN:
SF:src\index.js
FNF:0
FNH:0
DA:12,0
DA:13,0
LF:2
LH:0
BRF:0
BRH:0
end_of_record
TN:
SF:src\site.config.js
FNF:0
FNH:0
LF:0
LH:0
BRF:0
BRH:0
end_of_record
TN:
SF:src\components\AuthDebug.js
FN:7,(anonymous_0)
FN:14,(anonymous_1)
FN:15,(anonymous_2)
FN:45,(anonymous_3)
FN:49,(anonymous_4)
FN:132,(anonymous_5)
FN:156,(anonymous_6)
FN:168,(anonymous_7)
FN:224,(anonymous_8)
FN:246,(anonymous_9)
FN:257,(anonymous_10)
FNF:11
FNH:0
FNDA:0,(anonymous_0)
FNDA:0,(anonymous_1)
FNDA:0,(anonymous_2)
FNDA:0,(anonymous_3)
FNDA:0,(anonymous_4)
FNDA:0,(anonymous_5)
FNDA:0,(anonymous_6)
FNDA:0,(anonymous_7)
FNDA:0,(anonymous_8)
FNDA:0,(anonymous_9)
FNDA:0,(anonymous_10)
DA:5,0
DA:7,0
DA:8,0
DA:9,0
DA:10,0
DA:11,0
DA:14,0
DA:15,0
DA:16,0
DA:17,0
DA:19,0
DA:42,0
DA:43,0
DA:45,0
DA:49,0
DA:50,0
DA:51,0
DA:53,0
DA:55,0
DA:56,0
DA:57,0
DA:61,0
DA:67,0
DA:74,0
DA:75,0
DA:76,0
DA:84,0
DA:90,0
DA:97,0
DA:98,0
DA:99,0
DA:100,0
DA:101,0
DA:106,0
DA:116,0
DA:117,0
DA:123,0
DA:124,0
DA:127,0
DA:128,0
DA:132,0
DA:133,0
DA:134,0
DA:136,0
DA:138,0
DA:139,0
DA:140,0
DA:141,0
DA:143,0
DA:149,0
DA:151,0
DA:156,0
DA:157,0
DA:158,0
DA:159,0
DA:163,0
DA:168,0
DA:225,0
DA:246,0
DA:247,0
DA:250,0
DA:251,0
DA:254,0
DA:257,0
LF:64
LH:0
BRDA:22,0,0,0
BRDA:22,0,1,0
BRDA:27,1,0,0
BRDA:27,1,1,0
BRDA:28,2,0,0
BRDA:28,2,1,0
BRDA:38,3,0,0
BRDA:38,3,1,0
BRDA:97,4,0,0
BRDA:97,4,1,0
BRDA:136,5,0,0
BRDA:136,5,1,0
BRDA:136,6,0,0
BRDA:136,6,1,0
BRDA:151,7,0,0
BRDA:151,7,1,0
BRDA:157,8,0,0
BRDA:157,8,1,0
BRDA:179,9,0,0
BRDA:179,9,1,0
BRDA:180,10,0,0
BRDA:180,10,1,0
BRDA:183,11,0,0
BRDA:183,11,1,0
BRDA:186,12,0,0
BRDA:186,12,1,0
BRDA:189,13,0,0
BRDA:189,13,1,0
BRDA:201,14,0,0
BRDA:201,14,1,0
BRDA:220,15,0,0
BRDA:220,15,1,0
BRDA:225,16,0,0
BRDA:225,16,1,0
BRDA:226,17,0,0
BRDA:226,17,1,0
BRDA:227,18,0,0
BRDA:227,18,1,0
BRDA:228,19,0,0
BRDA:228,19,1,0
BRDA:238,20,0,0
BRDA:238,20,1,0
BRDA:250,21,0,0
BRDA:250,21,1,0
BRDA:264,22,0,0
BRDA:264,22,1,0
BRF:46
BRH:0
end_of_record
TN:
SF:src\components\BatchResultCell.js
FN:4,(anonymous_0)
FN:5,(anonymous_1)
FN:15,(anonymous_2)
FN:24,(anonymous_3)
FN:97,(anonymous_4)
FN:117,(anonymous_5)
FN:132,(anonymous_6)
FNF:7
FNH:0
FNDA:0,(anonymous_0)
FNDA:0,(anonymous_1)
FNDA:0,(anonymous_2)
FNDA:0,(anonymous_3)
FNDA:0,(anonymous_4)
FNDA:0,(anonymous_5)
FNDA:0,(anonymous_6)
DA:4,0
DA:5,0
DA:6,0
DA:7,0
DA:8,0
DA:9,0
DA:10,0
DA:11,0
DA:15,0
DA:16,0
DA:17,0
DA:18,0
DA:19,0
DA:21,0
DA:24,0
DA:25,0
DA:27,0
DA:29,0
DA:97,0
DA:98,0
DA:100,0
DA:117,0
DA:118,0
DA:120,0
DA:132,0
DA:142,0
DA:144,0
DA:146,0
DA:149,0
DA:151,0
LF:30
LH:0
BRDA:6,0,0,0
BRDA:6,0,1,0
BRDA:6,0,2,0
BRDA:6,0,3,0
BRDA:6,0,4,0
BRDA:16,1,0,0
BRDA:16,1,1,0
BRDA:18,2,0,0
BRDA:18,2,1,0
BRDA:27,3,0,0
BRDA:27,3,1,0
BRDA:32,4,0,0
BRDA:32,4,1,0
BRDA:42,5,0,0
BRDA:42,5,1,0
BRDA:52,6,0,0
BRDA:52,6,1,0
BRDA:62,7,0,0
BRDA:62,7,1,0
BRDA:72,8,0,0
BRDA:72,8,1,0
BRDA:83,9,0,0
BRDA:83,9,1,0
BRDA:88,10,0,0
BRDA:88,10,1,0
BRDA:107,11,0,0
BRDA:107,11,1,0
BRDA:126,12,0,0
BRDA:126,12,1,0
BRDA:142,13,0,0
BRDA:142,13,1,0
BRDA:142,13,2,0
BRDA:142,13,3,0
BRDA:142,13,4,0
BRF:34
BRH:0
end_of_record
TN:
SF:src\components\CTAButton.js
FN:1,CTAButton
FNF:1
FNH:0
FNDA:0,CTAButton
DA:2,0
LF:1
LH:0
BRDA:1,0,0,0
BRDA:1,1,0,0
BRF:2
BRH:0
end_of_record
TN:
SF:src\components\ConfirmModal.jsx
FN:6,ConfirmModal
FN:21,(anonymous_1)
FN:30,(anonymous_2)
FN:41,(anonymous_3)
FN:51,(anonymous_4)
FN:74,(anonymous_5)
FN:88,(anonymous_6)
FNF:7
FNH:6
FNDA:49,ConfirmModal
FNDA:2,(anonymous_1)
FNDA:94,(anonymous_2)
FNDA:1,(anonymous_3)
FNDA:0,(anonymous_4)
FNDA:94,(anonymous_5)
FNDA:45,(anonymous_6)
DA:18,49
DA:19,49
DA:21,49
DA:22,2
DA:23,1
DA:24,1
DA:28,49
DA:30,94
DA:31,47
DA:32,47
DA:35,47
DA:41,47
DA:42,1
DA:43,1
DA:44,1
DA:45,1
DA:47,1
DA:51,47
DA:52,0
DA:53,0
DA:56,47
DA:75,94
DA:88,45
LF:23
LH:21
BRDA:10,0,0,0
BRDA:11,1,0,0
BRDA:12,2,0,0
BRDA:13,3,0,0
BRDA:14,4,0,0
BRDA:15,5,0,0
BRDA:16,6,0,49
BRDA:22,7,0,1
BRDA:22,7,1,1
BRDA:28,8,0,2
BRDA:28,8,1,47
BRDA:30,9,0,94
BRDA:30,9,1,0
BRDA:31,10,0,47
BRDA:31,10,1,47
BRDA:32,11,0,47
BRDA:32,11,1,47
BRDA:35,12,0,47
BRDA:35,12,1,0
BRDA:37,13,0,0
BRDA:37,13,1,0
BRDA:42,14,0,0
BRDA:42,14,1,1
BRDA:42,15,0,1
BRDA:42,15,1,1
BRDA:52,16,0,0
BRDA:52,16,1,0
BRDA:63,17,0,47
BRDA:63,17,1,47
BRDA:70,18,0,47
BRDA:70,18,1,47
BRDA:71,19,0,47
BRDA:71,19,1,0
BRDA:83,20,0,47
BRDA:83,20,1,0
BRDA:99,21,0,47
BRDA:99,21,1,2
BRDA:102,22,0,1
BRDA:102,22,1,46
BRF:39
BRH:24
end_of_record
TN:
SF:src\components\ErrorBoundary.jsx
FN:4,(anonymous_0)
FN:5,(anonymous_1)
FN:6,(anonymous_2)
FN:7,(anonymous_3)
FNF:4
FNH:0
FNDA:0,(anonymous_0)
FNDA:0,(anonymous_1)
FNDA:0,(anonymous_2)
FNDA:0,(anonymous_3)
DA:4,0
DA:5,0
DA:6,0
DA:8,0
DA:9,0
DA:16,0
LF:6
LH:0
BRDA:8,0,0,0
BRDA:8,0,1,0
BRF:2
BRH:0
end_of_record
TN:
SF:src\components\Header.js
FN:13,(anonymous_0)
FN:20,(anonymous_1)
FN:28,(anonymous_2)
FN:71,(anonymous_3)
FN:95,(anonymous_4)
FN:99,(anonymous_5)
FNF:6
FNH:0
FNDA:0,(anonymous_0)
FNDA:0,(anonymous_1)
FNDA:0,(anonymous_2)
FNDA:0,(anonymous_3)
FNDA:0,(anonymous_4)
FNDA:0,(anonymous_5)
DA:13,0
DA:14,0
DA:15,0
DA:16,0
DA:17,0
DA:18,0
DA:20,0
DA:21,0
DA:22,0
DA:23,0
DA:25,0
DA:28,0
DA:29,0
DA:32,0
DA:38,0
DA:71,0
DA:96,0
DA:99,0
LF:18
LH:0
BRDA:21,0,0,0
BRDA:21,0,1,0
BRDA:61,1,0,0
BRDA:61,1,1,0
BRDA:62,2,0,0
BRDA:62,2,1,0
BRDA:65,3,0,0
BRDA:65,3,1,0
BRDA:76,4,0,0
BRDA:76,4,1,0
BRDA:81,5,0,0
BRDA:81,5,1,0
BRDA:92,6,0,0
BRDA:92,6,1,0
BRDA:101,7,0,0
BRDA:101,7,1,0
BRDA:108,8,0,0
BRDA:108,8,1,0
BRF:18
BRH:0
end_of_record
TN:
SF:src\components\Layout.jsx
FN:9,Layout
FN:14,(anonymous_1)
FN:25,(anonymous_2)
FN:46,(anonymous_3)
FNF:4
FNH:0
FNDA:0,Layout
FNDA:0,(anonymous_1)
FNDA:0,(anonymous_2)
FNDA:0,(anonymous_3)
DA:10,0
DA:11,0
DA:12,0
DA:14,0
DA:15,0
DA:16,0
DA:19,0
DA:25,0
DA:46,0
LF:9
LH:0
BRDA:59,0,0,0
BRDA:59,0,1,0
BRF:2
BRH:0
end_of_record
TN:
SF:src\components\Logo.js
FN:7,(anonymous_0)
FN:42,(anonymous_1)
FN:43,(anonymous_2)
FN:44,(anonymous_3)
FNF:4
FNH:0
FNDA:0,(anonymous_0)
FNDA:0,(anonymous_1)
FNDA:0,(anonymous_2)
FNDA:0,(anonymous_3)
DA:7,0
DA:14,0
DA:21,0
DA:42,0
DA:43,0
DA:44,0
LF:6
LH:0
BRDA:8,0,0,0
BRDA:9,1,0,0
BRDA:10,2,0,0
BRDA:11,3,0,0
BRDA:12,4,0,0
BRDA:14,5,0,0
BRDA:14,5,1,0
BRDA:34,6,0,0
BRDA:34,6,1,0
BRF:9
BRH:0
end_of_record
TN:
SF:src\components\MarketingFooter.js
FN:3,MarketingFooter
FNF:1
FNH:0
FNDA:0,MarketingFooter
DA:4,0
LF:1
LH:0
BRF:0
BRH:0
end_of_record
TN:
SF:src\components\MobileNavDrawer.jsx
FN:5,MobileNavDrawer
FNF:1
FNH:0
FNDA:0,MobileNavDrawer
DA:6,0
LF:1
LH:0
BRDA:8,0,0,0
BRDA:8,0,1,0
BRDA:14,1,0,0
BRDA:14,1,1,0
BRDA:20,2,0,0
BRDA:20,2,1,0
BRF:6
BRH:0
end_of_record
TN:
SF:src\components\PaymentForm.js
FN:5,(anonymous_0)
FN:39,(anonymous_1)
FN:47,(anonymous_2)
FN:66,(anonymous_3)
FN:202,(anonymous_4)
FNF:5
FNH:0
FNDA:0,(anonymous_0)
FNDA:0,(anonymous_1)
FNDA:0,(anonymous_2)
FNDA:0,(anonymous_3)
FNDA:0,(anonymous_4)
DA:5,0
DA:14,0
DA:15,0
DA:16,0
DA:17,0
DA:20,0
DA:39,0
DA:40,0
DA:41,0
DA:44,0
DA:46,0
DA:47,0
DA:48,0
DA:49,0
DA:50,0
DA:52,0
DA:54,0
DA:56,0
DA:59,0
DA:60,0
DA:63,0
DA:66,0
DA:67,0
DA:69,0
DA:70,0
DA:71,0
DA:72,0
DA:75,0
DA:76,0
DA:77,0
DA:78,0
DA:81,0
DA:82,0
DA:84,0
DA:85,0
DA:86,0
DA:87,0
DA:88,0
DA:89,0
DA:92,0
DA:93,0
DA:96,0
DA:107,0
DA:108,0
DA:110,0
DA:111,0
DA:112,0
DA:113,0
DA:114,0
DA:117,0
DA:118,0
DA:121,0
DA:124,0
DA:136,0
DA:137,0
DA:138,0
DA:139,0
DA:140,0
DA:141,0
DA:144,0
DA:145,0
DA:148,0
DA:149,0
DA:160,0
DA:161,0
DA:163,0
DA:164,0
DA:165,0
DA:168,0
DA:170,0
DA:177,0
DA:178,0
DA:181,0
DA:189,0
DA:193,0
DA:194,0
DA:195,0
DA:196,0
DA:198,0
DA:202,0
DA:203,0
DA:204,0
DA:206,0
DA:210,0
DA:212,0
LF:85
LH:0
BRDA:40,0,0,0
BRDA:40,0,1,0
BRDA:44,1,0,0
BRDA:44,1,1,0
BRDA:46,2,0,0
BRDA:46,2,1,0
BRDA:48,3,0,0
BRDA:48,3,1,0
BRDA:48,4,0,0
BRDA:48,4,1,0
BRDA:52,5,0,0
BRDA:52,5,1,0
BRDA:59,6,0,0
BRDA:59,6,1,0
BRDA:69,7,0,0
BRDA:69,7,1,0
BRDA:69,8,0,0
BRDA:69,8,1,0
BRDA:75,9,0,0
BRDA:75,9,1,0
BRDA:85,10,0,0
BRDA:85,10,1,0
BRDA:110,11,0,0
BRDA:110,11,1,0
BRDA:117,12,0,0
BRDA:117,12,1,0
BRDA:136,13,0,0
BRDA:136,13,1,0
BRDA:137,14,0,0
BRDA:137,14,1,0
BRDA:144,15,0,0
BRDA:144,15,1,0
BRDA:163,16,0,0
BRDA:163,16,1,0
BRDA:177,17,0,0
BRDA:177,17,1,0
BRDA:193,18,0,0
BRDA:193,18,1,0
BRDA:203,19,0,0
BRDA:203,19,1,0
BRDA:210,20,0,0
BRDA:210,20,1,0
BRDA:234,21,0,0
BRDA:234,21,1,0
BRDA:250,22,0,0
BRDA:250,22,1,0
BRDA:250,22,2,0
BRDA:278,23,0,0
BRDA:278,23,1,0
BRDA:281,24,0,0
BRDA:281,24,1,0
BRF:51
BRH:0
end_of_record
TN:
SF:src\components\ProtectedRoute.js
FN:6,FullPageLoader
FN:14,ProtectedRoute
FNF:2
FNH:0
FNDA:0,FullPageLoader
FNDA:0,ProtectedRoute
DA:7,0
DA:15,0
DA:17,0
DA:18,0
LF:4
LH:0
BRDA:17,0,0,0
BRDA:17,0,1,0
BRDA:18,1,0,0
BRDA:18,1,1,0
BRF:4
BRH:0
end_of_record
TN:
SF:src\components\SegmentedRadioGroup.jsx
FN:30,colsClass
FN:37,SegmentedRadioGroup
FN:69,(anonymous_2)
FN:81,(anonymous_3)
FNF:4
FNH:0
FNDA:0,colsClass
FNDA:0,SegmentedRadioGroup
FNDA:0,(anonymous_2)
FNDA:0,(anonymous_3)
DA:7,0
DA:32,0
DA:33,0
DA:34,0
DA:49,0
DA:50,0
DA:52,0
DA:70,0
DA:71,0
DA:72,0
DA:81,0
LF:11
LH:0
BRDA:32,0,0,0
BRDA:32,0,1,0
BRDA:33,1,0,0
BRDA:33,1,1,0
BRDA:40,2,0,0
BRDA:43,3,0,0
BRDA:44,4,0,0
BRDA:45,5,0,0
BRDA:46,6,0,0
BRDA:47,7,0,0
BRDA:50,8,0,0
BRDA:50,8,1,0
BRDA:56,9,0,0
BRDA:56,9,1,0
BRDA:58,10,0,0
BRDA:58,10,1,0
BRDA:61,11,0,0
BRDA:61,11,1,0
BRDA:89,12,0,0
BRDA:89,12,1,0
BRDA:93,13,0,0
BRDA:93,13,1,0
BRDA:94,14,0,0
BRDA:94,14,1,0
BRDA:96,15,0,0
BRDA:96,15,1,0
BRF:26
BRH:0
end_of_record
TN:
SF:src\components\Sidebar.js
FN:8,(anonymous_0)
FN:13,(anonymous_1)
FN:29,(anonymous_2)
FN:40,(anonymous_3)
FNF:4
FNH:0
FNDA:0,(anonymous_0)
FNDA:0,(anonymous_1)
FNDA:0,(anonymous_2)
FNDA:0,(anonymous_3)
DA:8,0
DA:9,0
DA:10,0
DA:13,0
DA:14,0
DA:15,0
DA:29,0
DA:30,0
DA:40,0
DA:41,0
DA:43,0
LF:11
LH:0
BRDA:10,0,0,0
BRDA:10,0,1,0
BRDA:20,1,0,0
BRDA:20,1,1,0
BRDA:55,2,0,0
BRDA:55,2,1,0
BRF:6
BRH:0
end_of_record
TN:
SF:src\components\SubscriptionBanner.js
FN:5,(anonymous_0)
FN:43,(anonymous_1)
FNF:2
FNH:0
FNDA:0,(anonymous_0)
FNDA:0,(anonymous_1)
DA:5,0
DA:7,0
DA:8,0
DA:16,0
DA:19,0
DA:40,0
DA:43,0
DA:44,0
DA:45,0
DA:48,0
DA:49,0
DA:51,0
LF:12
LH:0
BRDA:7,0,0,0
BRDA:7,0,1,0
BRDA:40,1,0,0
BRDA:40,1,1,0
BRDA:44,2,0,0
BRDA:44,2,1,0
BRDA:44,3,0,0
BRDA:44,3,1,0
BRDA:56,4,0,0
BRDA:56,4,1,0
BRDA:56,5,0,0
BRDA:56,5,1,0
BRDA:63,6,0,0
BRDA:63,6,1,0
BRDA:64,7,0,0
BRDA:64,7,1,0
BRDA:72,8,0,0
BRDA:72,8,1,0
BRDA:73,9,0,0
BRDA:73,9,1,0
BRDA:83,10,0,0
BRDA:83,10,1,0
BRDA:92,11,0,0
BRDA:92,11,1,0
BRF:24
BRH:0
end_of_record
TN:
SF:src\components\SubscriptionPlanCard.js
FN:5,(anonymous_0)
FN:29,(anonymous_1)
FN:43,(anonymous_2)
FNF:3
FNH:0
FNDA:0,(anonymous_0)
FNDA:0,(anonymous_1)
FNDA:0,(anonymous_2)
DA:5,0
DA:6,0
DA:8,0
DA:30,0
DA:43,0
LF:5
LH:0
BRDA:10,0,0,0
BRDA:10,0,1,0
BRDA:12,1,0,0
BRDA:12,1,1,0
BRDA:46,2,0,0
BRDA:46,2,1,0
BRDA:51,3,0,0
BRDA:51,3,1,0
BRF:8
BRH:0
end_of_record
TN:
SF:src\components\SubscriptionStatusCard.js
FN:5,(anonymous_0)
FN:9,(anonymous_1)
FN:20,(anonymous_2)
FN:29,(anonymous_3)
FN:37,(anonymous_4)
FNF:5
FNH:0
FNDA:0,(anonymous_0)
FNDA:0,(anonymous_1)
FNDA:0,(anonymous_2)
FNDA:0,(anonymous_3)
FNDA:0,(anonymous_4)
DA:5,0
DA:6,0
DA:9,0
DA:10,0
DA:11,0
DA:12,0
DA:20,0
DA:21,0
DA:22,0
DA:25,0
DA:26,0
DA:29,0
DA:30,0
DA:31,0
DA:32,0
DA:33,0
DA:37,0
DA:38,0
DA:39,0
DA:40,0
DA:43,0
LF:21
LH:0
BRDA:5,0,0,0
BRDA:10,1,0,0
BRDA:10,1,1,0
BRDA:21,2,0,0
BRDA:21,2,1,0
BRDA:21,3,0,0
BRDA:21,3,1,0
BRDA:30,4,0,0
BRDA:30,4,1,0
BRDA:30,4,2,0
BRDA:38,5,0,0
BRDA:38,5,1,0
BRDA:39,6,0,0
BRDA:39,6,1,0
BRDA:54,7,0,0
BRDA:54,7,1,0
BRDA:56,8,0,0
BRDA:56,8,1,0
BRDA:62,9,0,0
BRDA:62,9,1,0
BRDA:62,9,2,0
BRDA:77,10,0,0
BRDA:77,10,1,0
BRDA:81,11,0,0
BRDA:81,11,1,0
BRDA:97,12,0,0
BRDA:97,12,1,0
BRDA:101,13,0,0
BRDA:101,13,1,0
BRF:29
BRH:0
end_of_record
TN:
SF:src\components\TranscriptForm.js
FN:5,(anonymous_0)
FN:16,(anonymous_1)
FN:25,(anonymous_2)
FN:46,(anonymous_3)
FN:59,(anonymous_4)
FNF:5
FNH:0
FNDA:0,(anonymous_0)
FNDA:0,(anonymous_1)
FNDA:0,(anonymous_2)
FNDA:0,(anonymous_3)
FNDA:0,(anonymous_4)
DA:5,0
DA:14,0
DA:16,0
DA:25,0
DA:46,0
DA:59,0
LF:6
LH:0
BRDA:69,0,0,0
BRDA:69,0,1,0
BRDA:79,1,0,0
BRDA:79,1,1,0
BRDA:82,2,0,0
BRDA:82,2,1,0
BRF:6
BRH:0
end_of_record
TN:
SF:src\components\TranscriptResult.js
FN:3,(anonymous_0)
FNF:1
FNH:0
FNDA:0,(anonymous_0)
DA:3,0
DA:4,0
LF:2
LH:0
BRF:0
BRH:0
end_of_record
TN:
SF:src\components\UpgradeModal.js
FN:5,(anonymous_0)
FNF:1
FNH:0
FNDA:0,(anonymous_0)
DA:5,0
DA:6,0
DA:8,0
LF:3
LH:0
BRDA:6,0,0,0
BRDA:6,0,1,0
BRF:2
BRH:0
end_of_record
TN:
SF:src\components\debugRegistration.js
FN:6,(anonymous_0)
FN:10,(anonymous_1)
FN:72,(anonymous_2)
FNF:3
FNH:0
FNDA:0,(anonymous_0)
FNDA:0,(anonymous_1)
FNDA:0,(anonymous_2)
DA:6,0
DA:7,0
DA:8,0
DA:10,0
DA:11,0
DA:12,0
DA:14,0
DA:16,0
DA:17,0
DA:18,0
DA:21,0
DA:22,0
DA:23,0
DA:26,0
DA:27,0
DA:33,0
DA:40,0
DA:42,0
DA:51,0
DA:53,0
DA:68,0
DA:72,0
DA:73,0
DA:74,0
DA:76,0
DA:78,0
DA:80,0
DA:81,0
DA:87,0
DA:97,0
DA:101,0
LF:31
LH:0
BRDA:63,0,0,0
BRDA:63,0,1,0
BRDA:64,1,0,0
BRDA:64,1,1,0
BRDA:80,2,0,0
BRDA:80,2,1,0
BRDA:111,3,0,0
BRDA:111,3,1,0
BRDA:119,4,0,0
BRDA:119,4,1,0
BRDA:123,5,0,0
BRDA:123,5,1,0
BRDA:130,6,0,0
BRDA:130,6,1,0
BRDA:130,6,2,0
BRDA:134,7,0,0
BRDA:134,7,1,0
BRDA:135,8,0,0
BRDA:135,8,1,0
BRDA:136,9,0,0
BRDA:136,9,1,0
BRDA:137,10,0,0
BRDA:137,10,1,0
BRDA:138,11,0,0
BRDA:138,11,1,0
BRF:25
BRH:0
end_of_record
TN:
SF:src\config\config.js
FNF:0
FNH:0
DA:3,0
LF:1
LH:0
BRDA:5,0,0,0
BRDA:5,0,1,0
BRDA:11,1,0,0
BRDA:11,1,1,0
BRDA:14,2,0,0
BRDA:14,2,1,0
BRDA:17,3,0,0
BRDA:17,3,1,0
BRDA:42,4,0,0
BRDA:42,4,1,0
BRDA:60,5,0,0
BRDA:60,5,1,0
BRDA:79,6,0,0
BRDA:79,6,1,0
BRF:14
BRH:0
end_of_record
TN:
SF:src\contexts\AuthContext.js
FN:11,(anonymous_0)
FN:17,(anonymous_1)
FN:24,(anonymous_2)
FN:38,(anonymous_3)
FN:44,(anonymous_4)
FN:54,(anonymous_5)
FN:80,(anonymous_6)
FN:81,(anonymous_7)
FN:108,(anonymous_8)
FN:117,(anonymous_9)
FN:146,(anonymous_10)
FN:155,(anonymous_11)
FN:166,(anonymous_12)
FN:170,(anonymous_13)
FN:187,(anonymous_14)
FN:188,(anonymous_15)
FNF:16
FNH:0
FNDA:0,(anonymous_0)
FNDA:0,(anonymous_1)
FNDA:0,(anonymous_2)
FNDA:0,(anonymous_3)
FNDA:0,(anonymous_4)
FNDA:0,(anonymous_5)
FNDA:0,(anonymous_6)
FNDA:0,(anonymous_7)
FNDA:0,(anonymous_8)
FNDA:0,(anonymous_9)
FNDA:0,(anonymous_10)
FNDA:0,(anonymous_11)
FNDA:0,(anonymous_12)
FNDA:0,(anonymous_13)
FNDA:0,(anonymous_14)
FNDA:0,(anonymous_15)
DA:8,0
DA:10,0
DA:11,0
DA:12,0
DA:13,0
DA:14,0
DA:17,0
DA:18,0
DA:19,0
DA:20,0
DA:21,0
DA:22,0
DA:24,0
DA:25,0
DA:26,0
DA:27,0
DA:28,0
DA:29,0
DA:30,0
DA:31,0
DA:32,0
DA:33,0
DA:34,0
DA:38,0
DA:39,0
DA:40,0
DA:41,0
DA:44,0
DA:45,0
DA:46,0
DA:47,0
DA:48,0
DA:50,0
DA:54,0
DA:56,0
DA:57,0
DA:60,0
DA:61,0
DA:62,0
DA:64,0
DA:68,0
DA:69,0
DA:70,0
DA:73,0
DA:74,0
DA:75,0
DA:80,0
DA:81,0
DA:82,0
DA:83,0
DA:84,0
DA:86,0
DA:87,0
DA:88,0
DA:90,0
DA:92,0
DA:93,0
DA:94,0
DA:95,0
DA:98,0
DA:100,0
DA:103,0
DA:108,0
DA:109,0
DA:110,0
DA:111,0
DA:116,0
DA:117,0
DA:118,0
DA:120,0
DA:121,0
DA:123,0
DA:124,0
DA:125,0
DA:128,0
DA:129,0
DA:131,0
DA:132,0
DA:133,0
DA:134,0
DA:137,0
DA:139,0
DA:140,0
DA:142,0
DA:146,0
DA:147,0
DA:148,0
DA:149,0
DA:154,0
DA:155,0
DA:156,0
DA:158,0
DA:160,0
DA:162,0
DA:166,0
DA:167,0
DA:170,0
DA:171,0
DA:172,0
DA:173,0
DA:174,0
DA:177,0
DA:187,0
DA:188,0
DA:191,0
LF:105
LH:0
BRDA:8,0,0,0
BRDA:8,0,1,0
BRDA:13,1,0,0
BRDA:13,1,1,0
BRDA:45,2,0,0
BRDA:45,2,1,0
BRDA:60,3,0,0
BRDA:60,3,1,0
BRDA:62,4,0,0
BRDA:62,4,1,0
BRDA:65,5,0,0
BRDA:65,5,1,0
BRDA:65,5,2,0
BRDA:74,6,0,0
BRDA:74,6,1,0
BRDA:86,7,0,0
BRDA:86,7,1,0
BRDA:86,8,0,0
BRDA:86,8,1,0
BRDA:86,8,2,0
BRDA:90,9,0,0
BRDA:90,9,1,0
BRDA:116,10,0,0
BRDA:116,10,1,0
BRDA:118,11,0,0
BRDA:118,11,1,0
BRDA:129,12,0,0
BRDA:129,12,1,0
BRDA:131,13,0,0
BRDA:131,13,1,0
BRDA:154,14,0,0
BRDA:154,14,1,0
BRDA:156,15,0,0
BRDA:156,15,1,0
BRDA:167,16,0,0
BRDA:167,16,1,0
BRDA:167,17,0,0
BRDA:167,17,1,0
BRDA:171,18,0,0
BRDA:171,18,1,0
BRDA:171,19,0,0
BRDA:171,19,1,0
BRDA:172,20,0,0
BRDA:172,20,1,0
BRF:44
BRH:0
end_of_record
TN:
SF:src\contexts\AuthDebug.js
FN:7,(anonymous_0)
FN:14,(anonymous_1)
FN:15,(anonymous_2)
FN:45,(anonymous_3)
FN:49,(anonymous_4)
FN:132,(anonymous_5)
FN:156,(anonymous_6)
FN:168,(anonymous_7)
FN:224,(anonymous_8)
FN:246,(anonymous_9)
FN:257,(anonymous_10)
FNF:11
FNH:0
FNDA:0,(anonymous_0)
FNDA:0,(anonymous_1)
FNDA:0,(anonymous_2)
FNDA:0,(anonymous_3)
FNDA:0,(anonymous_4)
FNDA:0,(anonymous_5)
FNDA:0,(anonymous_6)
FNDA:0,(anonymous_7)
FNDA:0,(anonymous_8)
FNDA:0,(anonymous_9)
FNDA:0,(anonymous_10)
DA:5,0
DA:7,0
DA:8,0
DA:9,0
DA:10,0
DA:11,0
DA:14,0
DA:15,0
DA:16,0
DA:17,0
DA:19,0
DA:42,0
DA:43,0
DA:45,0
DA:49,0
DA:50,0
DA:51,0
DA:53,0
DA:55,0
DA:56,0
DA:57,0
DA:61,0
DA:67,0
DA:74,0
DA:75,0
DA:76,0
DA:84,0
DA:90,0
DA:97,0
DA:98,0
DA:99,0
DA:100,0
DA:101,0
DA:106,0
DA:116,0
DA:117,0
DA:123,0
DA:124,0
DA:127,0
DA:128,0
DA:132,0
DA:133,0
DA:134,0
DA:136,0
DA:138,0
DA:139,0
DA:140,0
DA:141,0
DA:143,0
DA:149,0
DA:151,0
DA:156,0
DA:157,0
DA:158,0
DA:159,0
DA:163,0
DA:168,0
DA:225,0
DA:246,0
DA:247,0
DA:250,0
DA:251,0
DA:254,0
DA:257,0
LF:64
LH:0
BRDA:22,0,0,0
BRDA:22,0,1,0
BRDA:27,1,0,0
BRDA:27,1,1,0
BRDA:28,2,0,0
BRDA:28,2,1,0
BRDA:38,3,0,0
BRDA:38,3,1,0
BRDA:97,4,0,0
BRDA:97,4,1,0
BRDA:136,5,0,0
BRDA:136,5,1,0
BRDA:136,6,0,0
BRDA:136,6,1,0
BRDA:151,7,0,0
BRDA:151,7,1,0
BRDA:157,8,0,0
BRDA:157,8,1,0
BRDA:179,9,0,0
BRDA:179,9,1,0
BRDA:180,10,0,0
BRDA:180,10,1,0
BRDA:183,11,0,0
BRDA:183,11,1,0
BRDA:186,12,0,0
BRDA:186,12,1,0
BRDA:189,13,0,0
BRDA:189,13,1,0
BRDA:201,14,0,0
BRDA:201,14,1,0
BRDA:220,15,0,0
BRDA:220,15,1,0
BRDA:225,16,0,0
BRDA:225,16,1,0
BRDA:226,17,0,0
BRDA:226,17,1,0
BRDA:227,18,0,0
BRDA:227,18,1,0
BRDA:228,19,0,0
BRDA:228,19,1,0
BRDA:238,20,0,0
BRDA:238,20,1,0
BRDA:250,21,0,0
BRDA:250,21,1,0
BRDA:264,22,0,0
BRDA:264,22,1,0
BRF:46
BRH:0
end_of_record
TN:
SF:src\contexts\SubscriptionContext.js
FN:9,(anonymous_0)
FN:9,(anonymous_1)
FN:12,(anonymous_2)
FN:18,(anonymous_3)
FN:26,(anonymous_4)
FN:47,(anonymous_5)
FN:73,(anonymous_6)
FN:76,(anonymous_7)
FN:149,(anonymous_8)
FN:150,(anonymous_9)
FN:151,(anonymous_10)
FN:152,(anonymous_11)
FN:153,(anonymous_12)
FN:154,(anonymous_13)
FN:155,(anonymous_14)
FN:156,(anonymous_15)
FN:157,(anonymous_16)
FN:159,(anonymous_17)
FNF:18
FNH:0
FNDA:0,(anonymous_0)
FNDA:0,(anonymous_1)
FNDA:0,(anonymous_2)
FNDA:0,(anonymous_3)
FNDA:0,(anonymous_4)
FNDA:0,(anonymous_5)
FNDA:0,(anonymous_6)
FNDA:0,(anonymous_7)
FNDA:0,(anonymous_8)
FNDA:0,(anonymous_9)
FNDA:0,(anonymous_10)
FNDA:0,(anonymous_11)
FNDA:0,(anonymous_12)
FNDA:0,(anonymous_13)
FNDA:0,(anonymous_14)
FNDA:0,(anonymous_15)
FNDA:0,(anonymous_16)
FNDA:0,(anonymous_17)
DA:6,0
DA:9,0
DA:11,0
DA:12,0
DA:13,0
DA:14,0
DA:15,0
DA:18,0
DA:19,0
DA:20,0
DA:21,0
DA:22,0
DA:24,0
DA:26,0
DA:27,0
DA:44,0
DA:47,0
DA:48,0
DA:49,0
DA:51,0
DA:52,0
DA:53,0
DA:56,0
DA:57,0
DA:58,0
DA:59,0
DA:60,0
DA:61,0
DA:63,0
DA:66,0
DA:67,0
DA:69,0
DA:73,0
DA:76,0
DA:77,0
DA:79,0
DA:80,0
DA:81,0
DA:84,0
DA:86,0
DA:87,0
DA:100,0
DA:101,0
DA:103,0
DA:104,0
DA:105,0
DA:107,0
DA:108,0
DA:109,0
DA:110,0
DA:112,0
DA:117,0
DA:118,0
DA:119,0
DA:120,0
DA:121,0
DA:122,0
DA:126,0
DA:129,0
DA:131,0
DA:132,0
DA:136,0
DA:140,0
DA:141,0
DA:143,0
DA:149,0
DA:150,0
DA:151,0
DA:152,0
DA:153,0
DA:154,0
DA:155,0
DA:156,0
DA:157,0
DA:159,0
DA:160,0
DA:161,0
DA:163,0
DA:164,0
DA:168,0
DA:177,0
LF:81
LH:0
BRDA:9,0,0,0
BRDA:9,0,1,0
BRDA:14,1,0,0
BRDA:14,1,1,0
BRDA:26,2,0,0
BRDA:44,3,0,0
BRDA:44,3,1,0
BRDA:48,4,0,0
BRDA:48,4,1,0
BRDA:48,5,0,0
BRDA:48,5,1,0
BRDA:56,6,0,0
BRDA:56,6,1,0
BRDA:58,7,0,0
BRDA:58,7,1,0
BRDA:59,8,0,0
BRDA:59,8,1,0
BRDA:59,9,0,0
BRDA:59,9,1,0
BRDA:61,10,0,0
BRDA:61,10,1,0
BRDA:77,11,0,0
BRDA:77,11,1,0
BRDA:79,12,0,0
BRDA:79,12,1,0
BRDA:80,13,0,0
BRDA:80,13,1,0
BRDA:80,14,0,0
BRDA:80,14,1,0
BRDA:84,15,0,0
BRDA:84,15,1,0
BRDA:100,16,0,0
BRDA:100,16,1,0
BRDA:105,17,0,0
BRDA:105,17,1,0
BRDA:107,18,0,0
BRDA:107,18,1,0
BRDA:109,19,0,0
BRDA:109,19,1,0
BRDA:117,20,0,0
BRDA:117,20,1,0
BRDA:119,21,0,0
BRDA:119,21,1,0
BRDA:121,22,0,0
BRDA:121,22,1,0
BRDA:131,23,0,0
BRDA:131,23,1,0
BRDA:140,24,0,0
BRDA:140,24,1,0
BRDA:149,25,0,0
BRDA:149,25,1,0
BRDA:150,26,0,0
BRDA:150,26,1,0
BRDA:150,26,2,0
BRDA:151,27,0,0
BRDA:151,27,1,0
BRDA:151,27,2,0
BRDA:153,28,0,0
BRDA:153,28,1,0
BRDA:153,29,0,0
BRDA:153,29,1,0
BRDA:154,30,0,0
BRDA:154,30,1,0
BRDA:154,31,0,0
BRDA:154,31,1,0
BRDA:156,32,0,0
BRDA:156,32,1,0
BRDA:156,33,0,0
BRDA:156,33,1,0
BRDA:157,34,0,0
BRDA:157,34,1,0
BRDA:157,35,0,0
BRDA:157,35,1,0
BRDA:157,36,0,0
BRDA:157,36,1,0
BRDA:160,37,0,0
BRDA:160,37,1,0
BRDA:160,38,0,0
BRDA:160,38,1,0
BRF:79
BRH:0
end_of_record
TN:
SF:src\pages\Activity.js
FN:16,(anonymous_0)
FN:16,(anonymous_1)
FN:19,(anonymous_2)
FN:25,(anonymous_3)
FN:37,(anonymous_4)
FN:50,(anonymous_5)
FN:63,(anonymous_6)
FN:64,(anonymous_7)
FN:142,ActivityPage
FN:152,(anonymous_9)
FN:189,(anonymous_10)
FN:229,(anonymous_11)
FN:279,(anonymous_12)
FN:286,(anonymous_13)
FN:298,(anonymous_14)
FN:307,(anonymous_15)
FN:350,(anonymous_16)
FN:356,(anonymous_17)
FN:362,(anonymous_18)
FN:424,(anonymous_19)
FN:471,(anonymous_20)
FN:549,(anonymous_21)
FN:555,(anonymous_22)
FNF:23
FNH:0
FNDA:0,(anonymous_0)
FNDA:0,(anonymous_1)
FNDA:0,(anonymous_2)
FNDA:0,(anonymous_3)
FNDA:0,(anonymous_4)
FNDA:0,(anonymous_5)
FNDA:0,(anonymous_6)
FNDA:0,(anonymous_7)
FNDA:0,ActivityPage
FNDA:0,(anonymous_9)
FNDA:0,(anonymous_10)
FNDA:0,(anonymous_11)
FNDA:0,(anonymous_12)
FNDA:0,(anonymous_13)
FNDA:0,(anonymous_14)
FNDA:0,(anonymous_15)
FNDA:0,(anonymous_16)
FNDA:0,(anonymous_17)
FNDA:0,(anonymous_18)
FNDA:0,(anonymous_19)
FNDA:0,(anonymous_20)
FNDA:0,(anonymous_21)
FNDA:0,(anonymous_22)
DA:11,0
DA:16,0
DA:19,0
DA:20,0
DA:21,0
DA:22,0
DA:25,0
DA:26,0
DA:27,0
DA:28,0
DA:37,0
DA:38,0
DA:39,0
DA:40,0
DA:41,0
DA:42,0
DA:43,0
DA:44,0
DA:45,0
DA:46,0
DA:50,0
DA:51,0
DA:52,0
DA:53,0
DA:54,0
DA:55,0
DA:56,0
DA:57,0
DA:59,0
DA:63,0
DA:64,0
DA:65,0
DA:66,0
DA:68,0
DA:71,0
DA:72,0
DA:73,0
DA:74,0
DA:75,0
DA:77,0
DA:78,0
DA:79,0
DA:80,0
DA:83,0
DA:84,0
DA:85,0
DA:86,0
DA:87,0
DA:89,0
DA:90,0
DA:91,0
DA:92,0
DA:93,0
DA:95,0
DA:96,0
DA:97,0
DA:98,0
DA:99,0
DA:101,0
DA:103,0
DA:104,0
DA:105,0
DA:106,0
DA:108,0
DA:110,0
DA:111,0
DA:112,0
DA:113,0
DA:115,0
DA:116,0
DA:117,0
DA:118,0
DA:121,0
DA:122,0
DA:124,0
DA:125,0
DA:126,0
DA:129,0
DA:143,0
DA:144,0
DA:145,0
DA:146,0
DA:147,0
DA:148,0
DA:149,0
DA:152,0
DA:153,0
DA:155,0
DA:156,0
DA:158,0
DA:163,0
DA:164,0
DA:167,0
DA:172,0
DA:173,0
DA:174,0
DA:175,0
DA:180,0
DA:181,0
DA:182,0
DA:184,0
DA:185,0
DA:188,0
DA:189,0
DA:203,0
DA:204,0
DA:205,0
DA:207,0
DA:209,0
DA:210,0
DA:211,0
DA:215,0
DA:218,0
DA:219,0
DA:221,0
DA:226,0
DA:228,0
DA:229,0
DA:230,0
DA:231,0
DA:232,0
DA:235,0
DA:236,0
DA:237,0
DA:239,0
DA:240,0
DA:246,0
DA:247,0
DA:250,0
DA:251,0
DA:254,0
DA:255,0
DA:256,0
DA:258,0
DA:260,0
DA:261,0
DA:266,0
DA:272,0
DA:274,0
DA:279,0
DA:280,0
DA:281,0
DA:286,0
DA:287,0
DA:288,0
DA:289,0
DA:290,0
DA:294,0
DA:295,0
DA:298,0
DA:299,0
DA:307,0
DA:308,0
DA:310,0
DA:312,0
DA:313,0
DA:315,0
DA:316,0
DA:318,0
DA:319,0
DA:321,0
DA:325,0
DA:328,0
DA:350,0
DA:356,0
DA:362,0
DA:424,0
DA:472,0
DA:549,0
DA:555,0
LF:170
LH:0
BRDA:11,0,0,0
BRDA:11,0,1,0
BRDA:11,0,2,0
BRDA:16,1,0,0
BRDA:16,1,1,0
BRDA:20,2,0,0
BRDA:20,2,1,0
BRDA:21,3,0,0
BRDA:21,3,1,0
BRDA:27,4,0,0
BRDA:27,4,1,0
BRDA:27,5,0,0
BRDA:27,5,1,0
BRDA:39,6,0,0
BRDA:39,6,1,0
BRDA:39,7,0,0
BRDA:39,7,1,0
BRDA:41,8,0,0
BRDA:41,8,1,0
BRDA:42,9,0,0
BRDA:42,9,1,0
BRDA:43,10,0,0
BRDA:43,10,1,0
BRDA:44,11,0,0
BRDA:44,11,1,0
BRDA:45,12,0,0
BRDA:45,12,1,0
BRDA:51,13,0,0
BRDA:51,13,1,0
BRDA:51,14,0,0
BRDA:51,14,1,0
BRDA:55,15,0,0
BRDA:55,15,1,0
BRDA:59,16,0,0
BRDA:59,16,1,0
BRDA:66,17,0,0
BRDA:66,17,1,0
BRDA:66,18,0,0
BRDA:66,18,1,0
BRDA:66,18,2,0
BRDA:71,19,0,0
BRDA:71,19,1,0
BRDA:72,20,0,0
BRDA:72,20,1,0
BRDA:73,21,0,0
BRDA:73,21,1,0
BRDA:75,22,0,0
BRDA:75,22,1,0
BRDA:79,23,0,0
BRDA:79,23,1,0
BRDA:80,24,0,0
BRDA:80,24,1,0
BRDA:83,25,0,0
BRDA:83,25,1,0
BRDA:85,26,0,0
BRDA:85,26,1,0
BRDA:87,27,0,0
BRDA:87,27,1,0
BRDA:89,28,0,0
BRDA:89,28,1,0
BRDA:89,29,0,0
BRDA:89,29,1,0
BRDA:89,29,2,0
BRDA:93,30,0,0
BRDA:93,30,1,0
BRDA:95,31,0,0
BRDA:95,31,1,0
BRDA:95,32,0,0
BRDA:95,32,1,0
BRDA:99,33,0,0
BRDA:99,33,1,0
BRDA:101,34,0,0
BRDA:101,34,1,0
BRDA:101,35,0,0
BRDA:101,35,1,0
BRDA:101,35,2,0
BRDA:106,36,0,0
BRDA:106,36,1,0
BRDA:106,37,0,0
BRDA:106,37,1,0
BRDA:108,38,0,0
BRDA:108,38,1,0
BRDA:108,39,0,0
BRDA:108,39,1,0
BRDA:108,39,2,0
BRDA:113,40,0,0
BRDA:113,40,1,0
BRDA:113,41,0,0
BRDA:113,41,1,0
BRDA:115,42,0,0
BRDA:115,42,1,0
BRDA:117,43,0,0
BRDA:117,43,1,0
BRDA:121,44,0,0
BRDA:121,44,1,0
BRDA:121,45,0,0
BRDA:121,45,1,0
BRDA:124,46,0,0
BRDA:124,46,1,0
BRDA:131,47,0,0
BRDA:131,47,1,0
BRDA:136,48,0,0
BRDA:136,48,1,0
BRDA:136,48,2,0
BRDA:153,49,0,0
BRDA:153,49,1,0
BRDA:180,50,0,0
BRDA:180,50,1,0
BRDA:184,51,0,0
BRDA:184,51,1,0
BRDA:185,52,0,0
BRDA:185,52,1,0
BRDA:188,53,0,0
BRDA:188,53,1,0
BRDA:190,54,0,0
BRDA:190,54,1,0
BRDA:191,55,0,0
BRDA:191,55,1,0
BRDA:192,56,0,0
BRDA:192,56,1,0
BRDA:192,57,0,0
BRDA:192,57,1,0
BRDA:193,58,0,0
BRDA:193,58,1,0
BRDA:199,59,0,0
BRDA:199,59,1,0
BRDA:203,60,0,0
BRDA:203,60,1,0
BRDA:207,61,0,0
BRDA:207,61,1,0
BRDA:210,62,0,0
BRDA:210,62,1,0
BRDA:218,63,0,0
BRDA:218,63,1,0
BRDA:226,64,0,0
BRDA:226,64,1,0
BRDA:230,65,0,0
BRDA:230,65,1,0
BRDA:231,66,0,0
BRDA:231,66,1,0
BRDA:239,67,0,0
BRDA:239,67,1,0
BRDA:258,68,0,0
BRDA:258,68,1,0
BRDA:260,69,0,0
BRDA:260,69,1,0
BRDA:280,70,0,0
BRDA:280,70,1,0
BRDA:280,71,0,0
BRDA:280,71,1,0
BRDA:287,72,0,0
BRDA:287,72,1,0
BRDA:308,73,0,0
BRDA:308,73,1,0
BRDA:310,74,0,0
BRDA:310,74,1,0
BRDA:310,74,2,0
BRDA:310,74,3,0
BRDA:341,75,0,0
BRDA:341,75,1,0
BRDA:344,76,0,0
BRDA:344,76,1,0
BRDA:372,77,0,0
BRDA:372,77,1,0
BRDA:378,78,0,0
BRDA:378,78,1,0
BRDA:399,79,0,0
BRDA:399,79,1,0
BRDA:407,80,0,0
BRDA:407,80,1,0
BRDA:407,81,0,0
BRDA:407,81,1,0
BRDA:415,82,0,0
BRDA:415,82,1,0
BRDA:444,83,0,0
BRDA:444,83,1,0
BRDA:447,84,0,0
BRDA:447,84,1,0
BRDA:485,85,0,0
BRDA:485,85,1,0
BRDA:487,86,0,0
BRDA:487,86,1,0
BRDA:489,87,0,0
BRDA:489,87,1,0
BRDA:503,88,0,0
BRDA:503,88,1,0
BRDA:508,89,0,0
BRDA:508,89,1,0
BRDA:513,90,0,0
BRDA:513,90,1,0
BRDA:513,90,2,0
BRDA:518,91,0,0
BRDA:518,91,1,0
BRDA:523,92,0,0
BRDA:523,92,1,0
BRDA:565,93,0,0
BRDA:565,93,1,0
BRF:197
BRH:0
end_of_record
TN:
SF:src\pages\BatchJobs.js
FN:15,(anonymous_0)
FN:15,(anonymous_1)
FN:23,(anonymous_2)
FN:24,(anonymous_3)
FN:35,(anonymous_4)
FN:52,(anonymous_5)
FN:62,(anonymous_6)
FN:72,(anonymous_7)
FN:107,(anonymous_8)
FN:135,(anonymous_9)
FN:138,(anonymous_10)
FN:157,(anonymous_11)
FN:271,(anonymous_12)
FN:310,(anonymous_13)
FN:333,(anonymous_14)
FN:351,(anonymous_15)
FN:353,(anonymous_16)
FN:368,(anonymous_17)
FN:375,(anonymous_18)
FN:378,(anonymous_19)
FN:384,(anonymous_20)
FN:388,(anonymous_21)
FN:426,(anonymous_22)
FN:465,(anonymous_23)
FN:501,BatchJobs
FN:537,(anonymous_25)
FN:565,(anonymous_26)
FN:611,(anonymous_27)
FN:641,(anonymous_28)
FN:683,(anonymous_29)
FN:687,(anonymous_30)
FN:690,(anonymous_31)
FN:693,(anonymous_32)
FN:698,(anonymous_33)
FN:698,(anonymous_34)
FN:699,(anonymous_35)
FN:707,(anonymous_36)
FN:709,(anonymous_37)
FN:720,(anonymous_38)
FN:740,(anonymous_39)
FN:759,(anonymous_40)
FN:767,(anonymous_41)
FN:793,(anonymous_42)
FN:800,(anonymous_43)
FN:812,(anonymous_44)
FN:839,(anonymous_45)
FN:868,(anonymous_46)
FN:870,(anonymous_47)
FN:881,(anonymous_48)
FN:883,(anonymous_49)
FN:885,(anonymous_50)
FN:885,(anonymous_51)
FN:892,(anonymous_52)
FN:893,(anonymous_53)
FN:894,(anonymous_54)
FN:939,(anonymous_55)
FN:941,(anonymous_56)
FN:941,(anonymous_57)
FN:953,(anonymous_58)
FN:999,(anonymous_59)
FN:1032,(anonymous_60)
FN:1039,(anonymous_61)
FN:1051,(anonymous_62)
FN:1074,(anonymous_63)
FN:1077,(anonymous_64)
FN:1105,(anonymous_65)
FN:1119,(anonymous_66)
FN:1133,(anonymous_67)
FN:1147,(anonymous_68)
FN:1153,(anonymous_69)
FN:1169,(anonymous_70)
FN:1175,(anonymous_71)
FN:1197,(anonymous_72)
FN:1221,(anonymous_73)
FN:1291,(anonymous_74)
FN:1362,(anonymous_75)
FN:1371,(anonymous_76)
FNF:77
FNH:0
FNDA:0,(anonymous_0)
FNDA:0,(anonymous_1)
FNDA:0,(anonymous_2)
FNDA:0,(anonymous_3)
FNDA:0,(anonymous_4)
FNDA:0,(anonymous_5)
FNDA:0,(anonymous_6)
FNDA:0,(anonymous_7)
FNDA:0,(anonymous_8)
FNDA:0,(anonymous_9)
FNDA:0,(anonymous_10)
FNDA:0,(anonymous_11)
FNDA:0,(anonymous_12)
FNDA:0,(anonymous_13)
FNDA:0,(anonymous_14)
FNDA:0,(anonymous_15)
FNDA:0,(anonymous_16)
FNDA:0,(anonymous_17)
FNDA:0,(anonymous_18)
FNDA:0,(anonymous_19)
FNDA:0,(anonymous_20)
FNDA:0,(anonymous_21)
FNDA:0,(anonymous_22)
FNDA:0,(anonymous_23)
FNDA:0,BatchJobs
FNDA:0,(anonymous_25)
FNDA:0,(anonymous_26)
FNDA:0,(anonymous_27)
FNDA:0,(anonymous_28)
FNDA:0,(anonymous_29)
FNDA:0,(anonymous_30)
FNDA:0,(anonymous_31)
FNDA:0,(anonymous_32)
FNDA:0,(anonymous_33)
FNDA:0,(anonymous_34)
FNDA:0,(anonymous_35)
FNDA:0,(anonymous_36)
FNDA:0,(anonymous_37)
FNDA:0,(anonymous_38)
FNDA:0,(anonymous_39)
FNDA:0,(anonymous_40)
FNDA:0,(anonymous_41)
FNDA:0,(anonymous_42)
FNDA:0,(anonymous_43)
FNDA:0,(anonymous_44)
FNDA:0,(anonymous_45)
FNDA:0,(anonymous_46)
FNDA:0,(anonymous_47)
FNDA:0,(anonymous_48)
FNDA:0,(anonymous_49)
FNDA:0,(anonymous_50)
FNDA:0,(anonymous_51)
FNDA:0,(anonymous_52)
FNDA:0,(anonymous_53)
FNDA:0,(anonymous_54)
FNDA:0,(anonymous_55)
FNDA:0,(anonymous_56)
FNDA:0,(anonymous_57)
FNDA:0,(anonymous_58)
FNDA:0,(anonymous_59)
FNDA:0,(anonymous_60)
FNDA:0,(anonymous_61)
FNDA:0,(anonymous_62)
FNDA:0,(anonymous_63)
FNDA:0,(anonymous_64)
FNDA:0,(anonymous_65)
FNDA:0,(anonymous_66)
FNDA:0,(anonymous_67)
FNDA:0,(anonymous_68)
FNDA:0,(anonymous_69)
FNDA:0,(anonymous_70)
FNDA:0,(anonymous_71)
FNDA:0,(anonymous_72)
FNDA:0,(anonymous_73)
FNDA:0,(anonymous_74)
FNDA:0,(anonymous_75)
FNDA:0,(anonymous_76)
DA:12,0
DA:15,0
DA:18,0
DA:19,0
DA:20,0
DA:23,0
DA:24,0
DA:25,0
DA:27,0
DA:28,0
DA:29,0
DA:30,0
DA:31,0
DA:35,0
DA:36,0
DA:37,0
DA:38,0
DA:39,0
DA:41,0
DA:45,0
DA:46,0
DA:52,0
DA:62,0
DA:72,0
DA:94,0
DA:95,0
DA:107,0
DA:117,0
DA:135,0
DA:136,0
DA:138,0
DA:139,0
DA:140,0
DA:141,0
DA:142,0
DA:143,0
DA:144,0
DA:145,0
DA:146,0
DA:147,0
DA:148,0
DA:149,0
DA:151,0
DA:152,0
DA:157,0
DA:158,0
DA:160,0
DA:161,0
DA:162,0
DA:163,0
DA:167,0
DA:168,0
DA:169,0
DA:170,0
DA:171,0
DA:172,0
DA:173,0
DA:174,0
DA:175,0
DA:177,0
DA:178,0
DA:180,0
DA:181,0
DA:183,0
DA:187,0
DA:190,0
DA:194,0
DA:195,0
DA:196,0
DA:197,0
DA:208,0
DA:210,0
DA:213,0
DA:218,0
DA:271,0
DA:272,0
DA:274,0
DA:275,0
DA:276,0
DA:277,0
DA:279,0
DA:311,0
DA:312,0
DA:333,0
DA:334,0
DA:335,0
DA:342,0
DA:343,0
DA:344,0
DA:346,0
DA:347,0
DA:351,0
DA:352,0
DA:353,0
DA:355,0
DA:358,0
DA:366,0
DA:368,0
DA:369,0
DA:372,0
DA:375,0
DA:378,0
DA:381,0
DA:384,0
DA:385,0
DA:388,0
DA:389,0
DA:391,0
DA:392,0
DA:393,0
DA:394,0
DA:397,0
DA:398,0
DA:399,0
DA:406,0
DA:408,0
DA:409,0
DA:411,0
DA:412,0
DA:413,0
DA:414,0
DA:420,0
DA:421,0
DA:422,0
DA:426,0
DA:427,0
DA:428,0
DA:429,0
DA:430,0
DA:432,0
DA:433,0
DA:435,0
DA:436,0
DA:438,0
DA:439,0
DA:442,0
DA:443,0
DA:445,0
DA:447,0
DA:448,0
DA:449,0
DA:451,0
DA:452,0
DA:457,0
DA:458,0
DA:461,0
DA:465,0
DA:466,0
DA:467,0
DA:470,0
DA:471,0
DA:472,0
DA:476,0
DA:478,0
DA:480,0
DA:481,0
DA:483,0
DA:484,0
DA:486,0
DA:487,0
DA:489,0
DA:493,0
DA:496,0
DA:497,0
DA:502,0
DA:503,0
DA:504,0
DA:506,0
DA:507,0
DA:508,0
DA:509,0
DA:510,0
DA:511,0
DA:512,0
DA:513,0
DA:514,0
DA:517,0
DA:524,0
DA:529,0
DA:530,0
DA:531,0
DA:533,0
DA:534,0
DA:537,0
DA:538,0
DA:539,0
DA:541,0
DA:565,0
DA:567,0
DA:569,0
DA:571,0
DA:574,0
DA:575,0
DA:576,0
DA:582,0
DA:585,0
DA:586,0
DA:587,0
DA:593,0
DA:596,0
DA:597,0
DA:598,0
DA:604,0
DA:607,0
DA:611,0
DA:612,0
DA:614,0
DA:615,0
DA:616,0
DA:618,0
DA:619,0
DA:641,0
DA:654,0
DA:658,0
DA:659,0
DA:680,0
DA:683,0
DA:684,0
DA:687,0
DA:688,0
DA:690,0
DA:693,0
DA:694,0
DA:698,0
DA:699,0
DA:700,0
DA:701,0
DA:702,0
DA:707,0
DA:708,0
DA:709,0
DA:710,0
DA:711,0
DA:718,0
DA:719,0
DA:720,0
DA:737,0
DA:740,0
DA:741,0
DA:744,0
DA:745,0
DA:746,0
DA:748,0
DA:749,0
DA:754,0
DA:759,0
DA:760,0
DA:761,0
DA:767,0
DA:768,0
DA:769,0
DA:776,0
DA:777,0
DA:778,0
DA:785,0
DA:788,0
DA:789,0
DA:793,0
DA:794,0
DA:800,0
DA:802,0
DA:803,0
DA:804,0
DA:805,0
DA:806,0
DA:812,0
DA:813,0
DA:815,0
DA:816,0
DA:817,0
DA:818,0
DA:821,0
DA:822,0
DA:823,0
DA:825,0
DA:826,0
DA:827,0
DA:831,0
DA:833,0
DA:834,0
DA:835,0
DA:839,0
DA:840,0
DA:842,0
DA:843,0
DA:844,0
DA:848,0
DA:849,0
DA:850,0
DA:852,0
DA:853,0
DA:855,0
DA:858,0
DA:859,0
DA:863,0
DA:864,0
DA:868,0
DA:870,0
DA:879,0
DA:881,0
DA:882,0
DA:883,0
DA:885,0
DA:892,0
DA:893,0
DA:894,0
DA:895,0
DA:896,0
DA:897,0
DA:898,0
DA:900,0
DA:901,0
DA:906,0
DA:907,0
DA:908,0
DA:912,0
DA:913,0
DA:919,0
DA:930,0
DA:936,0
DA:939,0
DA:940,0
DA:941,0
DA:953,0
DA:954,0
DA:955,0
DA:957,0
DA:958,0
DA:959,0
DA:960,0
DA:964,0
DA:965,0
DA:966,0
DA:967,0
DA:970,0
DA:972,0
DA:973,0
DA:979,0
DA:980,0
DA:981,0
DA:982,0
DA:985,0
DA:994,0
DA:996,0
DA:999,0
DA:1016,0
DA:1017,0
DA:1018,0
DA:1019,0
DA:1022,0
DA:1024,0
DA:1025,0
DA:1026,0
DA:1028,0
DA:1032,0
DA:1033,0
DA:1034,0
DA:1035,0
DA:1036,0
DA:1037,0
DA:1038,0
DA:1039,0
DA:1040,0
DA:1041,0
DA:1042,0
DA:1045,0
DA:1046,0
DA:1051,0
DA:1052,0
DA:1055,0
DA:1056,0
DA:1058,0
DA:1061,0
DA:1063,0
DA:1074,0
DA:1077,0
DA:1105,0
DA:1119,0
DA:1133,0
DA:1148,0
DA:1153,0
DA:1170,0
DA:1175,0
DA:1197,0
DA:1221,0
DA:1292,0
DA:1362,0
DA:1371,0
LF:388
LH:0
BRDA:12,0,0,0
BRDA:12,0,1,0
BRDA:12,0,2,0
BRDA:15,1,0,0
BRDA:15,1,1,0
BRDA:18,2,0,0
BRDA:18,2,1,0
BRDA:19,3,0,0
BRDA:19,3,1,0
BRDA:25,4,0,0
BRDA:25,4,1,0
BRDA:25,4,2,0
BRDA:25,4,3,0
BRDA:25,4,4,0
BRDA:25,4,5,0
BRDA:36,5,0,0
BRDA:36,5,1,0
BRDA:38,6,0,0
BRDA:38,6,1,0
BRDA:45,7,0,0
BRDA:45,7,1,0
BRDA:45,8,0,0
BRDA:45,8,1,0
BRDA:50,9,0,0
BRDA:50,9,1,0
BRDA:52,10,0,0
BRDA:52,10,1,0
BRDA:60,11,0,0
BRDA:60,11,1,0
BRDA:62,12,0,0
BRDA:62,12,1,0
BRDA:70,13,0,0
BRDA:70,13,1,0
BRDA:72,14,0,0
BRDA:72,14,1,0
BRDA:79,15,0,0
BRDA:79,15,1,0
BRDA:84,16,0,0
BRDA:84,16,1,0
BRDA:94,17,0,0
BRDA:94,17,1,0
BRDA:101,18,0,0
BRDA:101,18,1,0
BRDA:124,19,0,0
BRDA:124,19,1,0
BRDA:136,20,0,0
BRDA:136,20,1,0
BRDA:160,21,0,0
BRDA:160,21,1,0
BRDA:160,22,0,0
BRDA:160,22,1,0
BRDA:180,23,0,0
BRDA:180,23,1,0
BRDA:194,24,0,0
BRDA:194,24,1,0
BRDA:196,25,0,0
BRDA:196,25,1,0
BRDA:226,26,0,0
BRDA:226,26,1,0
BRDA:272,27,0,0
BRDA:272,27,1,0
BRDA:272,28,0,0
BRDA:272,28,1,0
BRDA:275,29,0,0
BRDA:275,29,1,0
BRDA:276,30,0,0
BRDA:276,30,1,0
BRDA:277,31,0,0
BRDA:277,31,1,0
BRDA:286,32,0,0
BRDA:286,32,1,0
BRDA:293,33,0,0
BRDA:293,33,1,0
BRDA:298,34,0,0
BRDA:298,34,1,0
BRDA:308,35,0,0
BRDA:308,35,1,0
BRDA:315,36,0,0
BRDA:315,36,1,0
BRDA:334,37,0,0
BRDA:334,37,1,0
BRDA:344,38,0,0
BRDA:344,38,1,0
BRDA:344,39,0,0
BRDA:344,39,1,0
BRDA:346,40,0,0
BRDA:346,40,1,0
BRDA:355,41,0,0
BRDA:355,41,1,0
BRDA:369,42,0,0
BRDA:369,42,1,0
BRDA:385,43,0,0
BRDA:385,43,1,0
BRDA:385,44,0,0
BRDA:385,44,1,0
BRDA:393,45,0,0
BRDA:393,45,1,0
BRDA:393,46,0,0
BRDA:393,46,1,0
BRDA:397,47,0,0
BRDA:397,47,1,0
BRDA:411,48,0,0
BRDA:411,48,1,0
BRDA:411,49,0,0
BRDA:411,49,1,0
BRDA:435,50,0,0
BRDA:435,50,1,0
BRDA:436,51,0,0
BRDA:436,51,1,0
BRDA:436,52,0,0
BRDA:436,52,1,0
BRDA:436,52,2,0
BRDA:445,53,0,0
BRDA:445,53,1,0
BRDA:445,54,0,0
BRDA:445,54,1,0
BRDA:457,55,0,0
BRDA:457,55,1,0
BRDA:457,56,0,0
BRDA:457,56,1,0
BRDA:471,57,0,0
BRDA:471,57,1,0
BRDA:478,58,0,0
BRDA:478,58,1,0
BRDA:481,59,0,0
BRDA:481,59,1,0
BRDA:484,60,0,0
BRDA:484,60,1,0
BRDA:487,61,0,0
BRDA:487,61,1,0
BRDA:533,62,0,0
BRDA:533,62,1,0
BRDA:538,63,0,0
BRDA:538,63,1,0
BRDA:539,64,0,0
BRDA:539,64,1,0
BRDA:543,65,0,0
BRDA:543,65,1,0
BRDA:544,66,0,0
BRDA:544,66,1,0
BRDA:545,67,0,0
BRDA:545,67,1,0
BRDA:545,68,0,0
BRDA:545,68,1,0
BRDA:548,69,0,0
BRDA:548,69,1,0
BRDA:549,70,0,0
BRDA:549,70,1,0
BRDA:550,71,0,0
BRDA:550,71,1,0
BRDA:550,72,0,0
BRDA:550,72,1,0
BRDA:553,73,0,0
BRDA:553,73,1,0
BRDA:554,74,0,0
BRDA:554,74,1,0
BRDA:555,75,0,0
BRDA:555,75,1,0
BRDA:555,76,0,0
BRDA:555,76,1,0
BRDA:558,77,0,0
BRDA:558,77,1,0
BRDA:559,78,0,0
BRDA:559,78,1,0
BRDA:560,79,0,0
BRDA:560,79,1,0
BRDA:560,80,0,0
BRDA:560,80,1,0
BRDA:567,81,0,0
BRDA:567,81,1,0
BRDA:571,82,0,0
BRDA:571,82,1,0
BRDA:571,82,2,0
BRDA:575,83,0,0
BRDA:575,83,1,0
BRDA:586,84,0,0
BRDA:586,84,1,0
BRDA:597,85,0,0
BRDA:597,85,1,0
BRDA:612,86,0,0
BRDA:612,86,1,0
BRDA:612,87,0,0
BRDA:612,87,1,0
BRDA:615,88,0,0
BRDA:615,88,1,0
BRDA:618,89,0,0
BRDA:618,89,1,0
BRDA:634,90,0,0
BRDA:634,90,1,0
BRDA:654,91,0,0
BRDA:654,91,1,0
BRDA:655,92,0,0
BRDA:655,92,1,0
BRDA:658,93,0,0
BRDA:658,93,1,0
BRDA:658,94,0,0
BRDA:658,94,1,0
BRDA:684,95,0,0
BRDA:684,95,1,0
BRDA:688,96,0,0
BRDA:688,96,1,0
BRDA:693,97,0,0
BRDA:693,97,1,0
BRDA:701,98,0,0
BRDA:701,98,1,0
BRDA:708,99,0,0
BRDA:708,99,1,0
BRDA:708,100,0,0
BRDA:708,100,1,0
BRDA:718,101,0,0
BRDA:718,101,1,0
BRDA:720,102,0,0
BRDA:720,102,1,0
BRDA:723,103,0,0
BRDA:723,103,1,0
BRDA:724,104,0,0
BRDA:724,104,1,0
BRDA:725,105,0,0
BRDA:725,105,1,0
BRDA:726,106,0,0
BRDA:726,106,1,0
BRDA:733,107,0,0
BRDA:733,107,1,0
BRDA:734,108,0,0
BRDA:734,108,1,0
BRDA:741,109,0,0
BRDA:741,109,1,0
BRDA:741,109,2,0
BRDA:744,110,0,0
BRDA:744,110,1,0
BRDA:748,111,0,0
BRDA:748,111,1,0
BRDA:760,112,0,0
BRDA:760,112,1,0
BRDA:776,113,0,0
BRDA:776,113,1,0
BRDA:780,114,0,0
BRDA:780,114,1,0
BRDA:782,115,0,0
BRDA:782,115,1,0
BRDA:802,116,0,0
BRDA:802,116,1,0
BRDA:803,117,0,0
BRDA:803,117,1,0
BRDA:804,118,0,0
BRDA:804,118,1,0
BRDA:813,119,0,0
BRDA:813,119,1,0
BRDA:818,120,0,0
BRDA:818,120,1,0
BRDA:821,121,0,0
BRDA:821,121,1,0
BRDA:822,122,0,0
BRDA:822,122,1,0
BRDA:823,123,0,0
BRDA:823,123,1,0
BRDA:825,124,0,0
BRDA:825,124,1,0
BRDA:825,125,0,0
BRDA:825,125,1,0
BRDA:825,125,2,0
BRDA:833,126,0,0
BRDA:833,126,1,0
BRDA:839,127,0,0
BRDA:839,127,1,0
BRDA:842,128,0,0
BRDA:842,128,1,0
BRDA:848,129,0,0
BRDA:848,129,1,0
BRDA:858,130,0,0
BRDA:858,130,1,0
BRDA:885,131,0,0
BRDA:885,131,1,0
BRDA:895,132,0,0
BRDA:895,132,1,0
BRDA:897,133,0,0
BRDA:897,133,1,0
BRDA:900,134,0,0
BRDA:900,134,1,0
BRDA:907,135,0,0
BRDA:907,135,1,0
BRDA:912,136,0,0
BRDA:912,136,1,0
BRDA:924,137,0,0
BRDA:924,137,1,0
BRDA:925,138,0,0
BRDA:925,138,1,0
BRDA:941,139,0,0
BRDA:941,139,1,0
BRDA:954,140,0,0
BRDA:954,140,1,0
BRDA:955,141,0,0
BRDA:955,141,1,0
BRDA:958,142,0,0
BRDA:958,142,1,0
BRDA:958,143,0,0
BRDA:958,143,1,0
BRDA:965,144,0,0
BRDA:965,144,1,0
BRDA:979,145,0,0
BRDA:979,145,1,0
BRDA:981,146,0,0
BRDA:981,146,1,0
BRDA:994,147,0,0
BRDA:994,147,1,0
BRDA:999,148,0,0
BRDA:999,148,1,0
BRDA:1002,149,0,0
BRDA:1002,149,1,0
BRDA:1003,150,0,0
BRDA:1003,150,1,0
BRDA:1004,151,0,0
BRDA:1004,151,1,0
BRDA:1005,152,0,0
BRDA:1005,152,1,0
BRDA:1011,153,0,0
BRDA:1011,153,1,0
BRDA:1011,154,0,0
BRDA:1011,154,1,0
BRDA:1012,155,0,0
BRDA:1012,155,1,0
BRDA:1013,156,0,0
BRDA:1013,156,1,0
BRDA:1041,157,0,0
BRDA:1041,157,1,0
BRDA:1045,158,0,0
BRDA:1045,158,1,0
BRDA:1052,159,0,0
BRDA:1052,159,1,0
BRDA:1052,160,0,0
BRDA:1052,160,1,0
BRDA:1052,160,2,0
BRDA:1055,161,0,0
BRDA:1055,161,1,0
BRDA:1081,162,0,0
BRDA:1081,162,1,0
BRDA:1086,163,0,0
BRDA:1086,163,1,0
BRDA:1099,164,0,0
BRDA:1099,164,1,0
BRDA:1113,165,0,0
BRDA:1113,165,1,0
BRDA:1127,166,0,0
BRDA:1127,166,1,0
BRDA:1142,167,0,0
BRDA:1142,167,1,0
BRDA:1164,168,0,0
BRDA:1164,168,1,0
BRDA:1204,169,0,0
BRDA:1204,169,1,0
BRDA:1204,169,2,0
BRDA:1238,170,0,0
BRDA:1238,170,1,0
BRDA:1240,171,0,0
BRDA:1240,171,1,0
BRDA:1241,172,0,0
BRDA:1241,172,1,0
BRDA:1245,173,0,0
BRDA:1245,173,1,0
BRDA:1246,174,0,0
BRDA:1246,174,1,0
BRDA:1247,175,0,0
BRDA:1247,175,1,0
BRDA:1266,176,0,0
BRDA:1266,176,1,0
BRDA:1271,177,0,0
BRDA:1271,177,1,0
BRDA:1297,178,0,0
BRDA:1297,178,1,0
BRDA:1297,179,0,0
BRDA:1297,179,1,0
BRDA:1299,180,0,0
BRDA:1299,180,1,0
BRDA:1301,181,0,0
BRDA:1301,181,1,0
BRDA:1305,182,0,0
BRDA:1305,182,1,0
BRDA:1305,183,0,0
BRDA:1305,183,1,0
BRDA:1306,184,0,0
BRDA:1306,184,1,0
BRDA:1307,185,0,0
BRDA:1307,185,1,0
BRDA:1315,186,0,0
BRDA:1315,186,1,0
BRDA:1316,187,0,0
BRDA:1316,187,1,0
BRDA:1316,188,0,0
BRDA:1316,188,1,0
BRDA:1318,189,0,0
BRDA:1318,189,1,0
BRDA:1325,190,0,0
BRDA:1325,190,1,0
BRDA:1340,191,0,0
BRDA:1340,191,1,0
BRDA:1340,191,2,0
BRF:396
BRH:0
end_of_record
TN:
SF:src\pages\DashboardPage.js
FN:17,(anonymous_0)
FN:24,(anonymous_1)
FN:38,(anonymous_2)
FN:76,(anonymous_3)
FN:109,DashboardPage
FN:123,(anonymous_5)
FN:145,(anonymous_6)
FN:159,(anonymous_7)
FN:175,(anonymous_8)
FN:191,(anonymous_9)
FN:205,(anonymous_10)
FN:215,(anonymous_11)
FN:251,(anonymous_12)
FN:306,(anonymous_13)
FN:315,(anonymous_14)
FN:324,(anonymous_15)
FN:337,(anonymous_16)
FN:354,(anonymous_17)
FN:376,(anonymous_18)
FN:410,(anonymous_19)
FNF:20
FNH:0
FNDA:0,(anonymous_0)
FNDA:0,(anonymous_1)
FNDA:0,(anonymous_2)
FNDA:0,(anonymous_3)
FNDA:0,DashboardPage
FNDA:0,(anonymous_5)
FNDA:0,(anonymous_6)
FNDA:0,(anonymous_7)
FNDA:0,(anonymous_8)
FNDA:0,(anonymous_9)
FNDA:0,(anonymous_10)
FNDA:0,(anonymous_11)
FNDA:0,(anonymous_12)
FNDA:0,(anonymous_13)
FNDA:0,(anonymous_14)
FNDA:0,(anonymous_15)
FNDA:0,(anonymous_16)
FNDA:0,(anonymous_17)
FNDA:0,(anonymous_18)
FNDA:0,(anonymous_19)
DA:14,0
DA:17,0
DA:18,0
DA:19,0
DA:21,0
DA:22,0
DA:24,0
DA:25,0
DA:26,0
DA:27,0
DA:30,0
DA:31,0
DA:32,0
DA:34,0
DA:38,0
DA:39,0
DA:40,0
DA:41,0
DA:45,0
DA:47,0
DA:76,0
DA:110,0
DA:111,0
DA:112,0
DA:114,0
DA:115,0
DA:116,0
DA:117,0
DA:119,0
DA:120,0
DA:123,0
DA:124,0
DA:126,0
DA:127,0
DA:134,0
DA:135,0
DA:136,0
DA:139,0
DA:141,0
DA:145,0
DA:146,0
DA:147,0
DA:148,0
DA:151,0
DA:154,0
DA:155,0
DA:159,0
DA:160,0
DA:161,0
DA:162,0
DA:166,0
DA:168,0
DA:170,0
DA:175,0
DA:176,0
DA:177,0
DA:185,0
DA:186,0
DA:191,0
DA:192,0
DA:193,0
DA:196,0
DA:197,0
DA:200,0
DA:201,0
DA:205,0
DA:206,0
DA:207,0
DA:209,0
DA:210,0
DA:212,0
DA:215,0
DA:216,0
DA:217,0
DA:219,0
DA:220,0
DA:223,0
DA:225,0
DA:226,0
DA:227,0
DA:230,0
DA:232,0
DA:251,0
DA:306,0
DA:315,0
DA:324,0
DA:337,0
DA:354,0
DA:377,0
DA:410,0
LF:90
LH:0
BRDA:14,0,0,0
BRDA:14,0,1,0
BRDA:14,0,2,0
BRDA:25,1,0,0
BRDA:25,1,1,0
BRDA:39,2,0,0
BRDA:39,2,1,0
BRDA:45,3,0,0
BRDA:45,3,1,0
BRDA:87,4,0,0
BRDA:87,4,1,0
BRDA:89,5,0,0
BRDA:89,5,1,0
BRDA:89,6,0,0
BRDA:89,6,1,0
BRDA:94,7,0,0
BRDA:94,7,1,0
BRDA:124,8,0,0
BRDA:124,8,1,0
BRDA:134,9,0,0
BRDA:134,9,1,0
BRDA:136,10,0,0
BRDA:136,10,1,0
BRDA:146,11,0,0
BRDA:146,11,1,0
BRDA:154,12,0,0
BRDA:154,12,1,0
BRDA:185,13,0,0
BRDA:185,13,1,0
BRDA:197,14,0,0
BRDA:197,14,1,0
BRDA:201,15,0,0
BRDA:201,15,1,0
BRDA:206,16,0,0
BRDA:206,16,1,0
BRDA:209,17,0,0
BRDA:209,17,1,0
BRDA:209,18,0,0
BRDA:209,18,1,0
BRDA:212,19,0,0
BRDA:212,19,1,0
BRDA:216,20,0,0
BRDA:216,20,1,0
BRDA:219,21,0,0
BRDA:219,21,1,0
BRDA:219,22,0,0
BRDA:219,22,1,0
BRDA:223,23,0,0
BRDA:223,23,1,0
BRDA:225,24,0,0
BRDA:225,24,1,0
BRDA:226,25,0,0
BRDA:226,25,1,0
BRDA:230,26,0,0
BRDA:230,26,1,0
BRDA:268,27,0,0
BRDA:268,27,1,0
BRDA:277,28,0,0
BRDA:277,28,1,0
BRDA:290,29,0,0
BRDA:290,29,1,0
BRDA:290,29,2,0
BRDA:290,30,0,0
BRDA:290,30,1,0
BRDA:334,31,0,0
BRDA:334,31,1,0
BRDA:363,32,0,0
BRDA:363,32,1,0
BRDA:368,33,0,0
BRDA:368,33,1,0
BRDA:379,34,0,0
BRDA:379,34,1,0
BRDA:380,35,0,0
BRDA:380,35,1,0
BRDA:381,36,0,0
BRDA:381,36,1,0
BRDA:385,37,0,0
BRDA:385,37,1,0
BRDA:391,38,0,0
BRDA:391,38,1,0
BRDA:403,39,0,0
BRDA:403,39,1,0
BRDA:403,40,0,0
BRDA:403,40,1,0
BRF:84
BRH:0
end_of_record
TN:
SF:src\pages\Download.js
FN:17,(anonymous_0)
FN:22,DownloadPage
FN:58,(anonymous_2)
FN:62,(anonymous_3)
FN:67,(anonymous_4)
FN:71,(anonymous_5)
FN:78,(anonymous_6)
FN:85,(anonymous_7)
FN:100,(anonymous_8)
FN:117,(anonymous_9)
FN:118,(anonymous_10)
FN:121,(anonymous_11)
FN:135,(anonymous_12)
FN:145,(anonymous_13)
FN:165,(anonymous_14)
FN:178,(anonymous_15)
FN:217,(anonymous_16)
FN:264,(anonymous_17)
FN:273,(anonymous_18)
FN:294,(anonymous_19)
FN:313,(anonymous_20)
FN:321,(anonymous_21)
FN:333,(anonymous_22)
FN:337,(anonymous_23)
FN:340,(anonymous_24)
FN:349,(anonymous_25)
FN:350,(anonymous_26)
FN:350,(anonymous_27)
FN:357,(anonymous_28)
FN:411,(anonymous_29)
FN:429,(anonymous_30)
FN:447,(anonymous_31)
FN:484,(anonymous_32)
FN:598,(anonymous_33)
FN:613,(anonymous_34)
FN:619,(anonymous_35)
FN:625,(anonymous_36)
FN:635,(anonymous_37)
FN:642,(anonymous_38)
FN:649,(anonymous_39)
FN:656,(anonymous_40)
FN:754,(anonymous_41)
FN:792,(anonymous_42)
FN:805,(anonymous_43)
FN:811,(anonymous_44)
FNF:45
FNH:0
FNDA:0,(anonymous_0)
FNDA:0,DownloadPage
FNDA:0,(anonymous_2)
FNDA:0,(anonymous_3)
FNDA:0,(anonymous_4)
FNDA:0,(anonymous_5)
FNDA:0,(anonymous_6)
FNDA:0,(anonymous_7)
FNDA:0,(anonymous_8)
FNDA:0,(anonymous_9)
FNDA:0,(anonymous_10)
FNDA:0,(anonymous_11)
FNDA:0,(anonymous_12)
FNDA:0,(anonymous_13)
FNDA:0,(anonymous_14)
FNDA:0,(anonymous_15)
FNDA:0,(anonymous_16)
FNDA:0,(anonymous_17)
FNDA:0,(anonymous_18)
FNDA:0,(anonymous_19)
FNDA:0,(anonymous_20)
FNDA:0,(anonymous_21)
FNDA:0,(anonymous_22)
FNDA:0,(anonymous_23)
FNDA:0,(anonymous_24)
FNDA:0,(anonymous_25)
FNDA:0,(anonymous_26)
FNDA:0,(anonymous_27)
FNDA:0,(anonymous_28)
FNDA:0,(anonymous_29)
FNDA:0,(anonymous_30)
FNDA:0,(anonymous_31)
FNDA:0,(anonymous_32)
FNDA:0,(anonymous_33)
FNDA:0,(anonymous_34)
FNDA:0,(anonymous_35)
FNDA:0,(anonymous_36)
FNDA:0,(anonymous_37)
FNDA:0,(anonymous_38)
FNDA:0,(anonymous_39)
FNDA:0,(anonymous_40)
FNDA:0,(anonymous_41)
FNDA:0,(anonymous_42)
FNDA:0,(anonymous_43)
FNDA:0,(anonymous_44)
DA:14,0
DA:15,0
DA:17,0
DA:18,0
DA:23,0
DA:24,0
DA:25,0
DA:26,0
DA:27,0
DA:28,0
DA:30,0
DA:31,0
DA:32,0
DA:34,0
DA:35,0
DA:36,0
DA:37,0
DA:38,0
DA:39,0
DA:40,0
DA:41,0
DA:43,0
DA:44,0
DA:46,0
DA:54,0
DA:56,0
DA:58,0
DA:59,0
DA:62,0
DA:63,0
DA:64,0
DA:65,0
DA:67,0
DA:71,0
DA:72,0
DA:73,0
DA:74,0
DA:78,0
DA:79,0
DA:80,0
DA:81,0
DA:85,0
DA:86,0
DA:87,0
DA:88,0
DA:89,0
DA:90,0
DA:92,0
DA:93,0
DA:95,0
DA:100,0
DA:101,0
DA:108,0
DA:109,0
DA:110,0
DA:112,0
DA:115,0
DA:117,0
DA:118,0
DA:120,0
DA:122,0
DA:123,0
DA:124,0
DA:125,0
DA:126,0
DA:131,0
DA:132,0
DA:133,0
DA:135,0
DA:136,0
DA:137,0
DA:138,0
DA:140,0
DA:141,0
DA:142,0
DA:145,0
DA:146,0
DA:147,0
DA:148,0
DA:152,0
DA:153,0
DA:157,0
DA:158,0
DA:162,0
DA:165,0
DA:166,0
DA:167,0
DA:168,0
DA:169,0
DA:178,0
DA:179,0
DA:180,0
DA:181,0
DA:182,0
DA:183,0
DA:184,0
DA:185,0
DA:186,0
DA:187,0
DA:188,0
DA:189,0
DA:191,0
DA:192,0
DA:193,0
DA:196,0
DA:197,0
DA:198,0
DA:203,0
DA:204,0
DA:205,0
DA:207,0
DA:208,0
DA:211,0
DA:216,0
DA:217,0
DA:218,0
DA:221,0
DA:223,0
DA:224,0
DA:225,0
DA:226,0
DA:227,0
DA:229,0
DA:230,0
DA:238,0
DA:239,0
DA:241,0
DA:242,0
DA:244,0
DA:245,0
DA:246,0
DA:247,0
DA:249,0
DA:250,0
DA:251,0
DA:252,0
DA:253,0
DA:254,0
DA:255,0
DA:256,0
DA:258,0
DA:259,0
DA:260,0
DA:264,0
DA:266,0
DA:267,0
DA:269,0
DA:273,0
DA:274,0
DA:275,0
DA:276,0
DA:277,0
DA:278,0
DA:280,0
DA:281,0
DA:282,0
DA:283,0
DA:284,0
DA:285,0
DA:286,0
DA:287,0
DA:288,0
DA:290,0
DA:294,0
DA:295,0
DA:296,0
DA:297,0
DA:298,0
DA:299,0
DA:300,0
DA:301,0
DA:302,0
DA:303,0
DA:304,0
DA:305,0
DA:306,0
DA:307,0
DA:309,0
DA:313,0
DA:314,0
DA:315,0
DA:316,0
DA:317,0
DA:321,0
DA:322,0
DA:323,0
DA:324,0
DA:325,0
DA:326,0
DA:328,0
DA:333,0
DA:334,0
DA:336,0
DA:337,0
DA:338,0
DA:341,0
DA:349,0
DA:350,0
DA:351,0
DA:353,0
DA:354,0
DA:358,0
DA:359,0
DA:364,0
DA:365,0
DA:370,0
DA:371,0
DA:377,0
DA:383,0
DA:384,0
DA:385,0
DA:386,0
DA:387,0
DA:388,0
DA:389,0
DA:390,0
DA:391,0
DA:392,0
DA:393,0
DA:394,0
DA:395,0
DA:396,0
DA:397,0
DA:399,0
DA:401,0
DA:402,0
DA:403,0
DA:404,0
DA:407,0
DA:412,0
DA:422,0
DA:430,0
DA:431,0
DA:447,0
DA:448,0
DA:451,0
DA:456,0
DA:483,0
DA:484,0
DA:485,0
DA:486,0
DA:487,0
DA:488,0
DA:489,0
DA:492,0
DA:499,0
DA:509,0
DA:598,0
DA:613,0
DA:619,0
DA:625,0
DA:635,0
DA:642,0
DA:650,0
DA:656,0
DA:755,0
DA:756,0
DA:757,0
DA:758,0
DA:759,0
DA:760,0
DA:761,0
DA:762,0
DA:763,0
DA:764,0
DA:792,0
DA:805,0
DA:811,0
LF:268
LH:0
BRDA:14,0,0,0
BRDA:14,0,1,0
BRDA:19,1,0,0
BRDA:19,1,1,0
BRDA:59,2,0,0
BRDA:59,2,1,0
BRDA:63,3,0,0
BRDA:63,3,1,0
BRDA:63,4,0,0
BRDA:63,4,1,0
BRDA:72,5,0,0
BRDA:72,5,1,0
BRDA:73,6,0,0
BRDA:73,6,1,0
BRDA:79,7,0,0
BRDA:79,7,1,0
BRDA:79,8,0,0
BRDA:79,8,1,0
BRDA:86,9,0,0
BRDA:86,9,1,0
BRDA:110,10,0,0
BRDA:110,10,1,0
BRDA:110,11,0,0
BRDA:110,11,1,0
BRDA:117,12,0,0
BRDA:117,12,1,0
BRDA:118,13,0,0
BRDA:118,13,1,0
BRDA:122,14,0,0
BRDA:122,14,1,0
BRDA:124,15,0,0
BRDA:124,15,1,0
BRDA:125,16,0,0
BRDA:125,16,1,0
BRDA:125,17,0,0
BRDA:125,17,1,0
BRDA:125,17,2,0
BRDA:125,17,3,0
BRDA:136,18,0,0
BRDA:136,18,1,0
BRDA:137,19,0,0
BRDA:137,19,1,0
BRDA:138,20,0,0
BRDA:138,20,1,0
BRDA:140,21,0,0
BRDA:140,21,1,0
BRDA:140,22,0,0
BRDA:140,22,1,0
BRDA:141,23,0,0
BRDA:141,23,1,0
BRDA:141,24,0,0
BRDA:141,24,1,0
BRDA:146,25,0,0
BRDA:146,25,1,0
BRDA:147,26,0,0
BRDA:147,26,1,0
BRDA:148,27,0,0
BRDA:148,27,1,0
BRDA:148,28,0,0
BRDA:148,28,1,0
BRDA:152,29,0,0
BRDA:152,29,1,0
BRDA:153,30,0,0
BRDA:153,30,1,0
BRDA:153,31,0,0
BRDA:153,31,1,0
BRDA:157,32,0,0
BRDA:157,32,1,0
BRDA:158,33,0,0
BRDA:158,33,1,0
BRDA:158,34,0,0
BRDA:158,34,1,0
BRDA:167,35,0,0
BRDA:167,35,1,0
BRDA:167,36,0,0
BRDA:167,36,1,0
BRDA:168,37,0,0
BRDA:168,37,1,0
BRDA:168,38,0,0
BRDA:168,38,1,0
BRDA:170,39,0,0
BRDA:170,39,1,0
BRDA:171,40,0,0
BRDA:171,40,1,0
BRDA:193,41,0,0
BRDA:193,41,1,0
BRDA:193,42,0,0
BRDA:193,42,1,0
BRDA:196,43,0,0
BRDA:196,43,1,0
BRDA:201,44,0,0
BRDA:201,44,1,0
BRDA:203,45,0,0
BRDA:203,45,1,0
BRDA:216,46,0,0
BRDA:216,46,1,0
BRDA:218,47,0,0
BRDA:218,47,1,0
BRDA:223,48,0,0
BRDA:223,48,1,0
BRDA:227,49,0,0
BRDA:227,49,1,0
BRDA:231,50,0,0
BRDA:231,50,1,0
BRDA:232,51,0,0
BRDA:232,51,1,0
BRDA:233,52,0,0
BRDA:233,52,1,0
BRDA:241,53,0,0
BRDA:241,53,1,0
BRDA:242,54,0,0
BRDA:242,54,1,0
BRDA:244,55,0,0
BRDA:244,55,1,0
BRDA:244,56,0,0
BRDA:244,56,1,0
BRDA:244,56,2,0
BRDA:246,57,0,0
BRDA:246,57,1,0
BRDA:251,58,0,0
BRDA:251,58,1,0
BRDA:264,59,0,0
BRDA:264,59,1,0
BRDA:275,60,0,0
BRDA:275,60,1,0
BRDA:275,61,0,0
BRDA:275,61,1,0
BRDA:295,62,0,0
BRDA:295,62,1,0
BRDA:297,63,0,0
BRDA:297,63,1,0
BRDA:314,64,0,0
BRDA:314,64,1,0
BRDA:322,65,0,0
BRDA:322,65,1,0
BRDA:323,66,0,0
BRDA:323,66,1,0
BRDA:323,67,0,0
BRDA:323,67,1,0
BRDA:324,68,0,0
BRDA:324,68,1,0
BRDA:326,69,0,0
BRDA:326,69,1,0
BRDA:326,70,0,0
BRDA:326,70,1,0
BRDA:334,71,0,0
BRDA:334,71,1,0
BRDA:334,72,0,0
BRDA:334,72,1,0
BRDA:336,73,0,0
BRDA:336,73,1,0
BRDA:350,74,0,0
BRDA:350,74,1,0
BRDA:353,75,0,0
BRDA:353,75,1,0
BRDA:358,76,0,0
BRDA:358,76,1,0
BRDA:358,77,0,0
BRDA:358,77,1,0
BRDA:358,77,2,0
BRDA:364,78,0,0
BRDA:364,78,1,0
BRDA:370,79,0,0
BRDA:370,79,1,0
BRDA:383,80,0,0
BRDA:383,80,1,0
BRDA:388,81,0,0
BRDA:388,81,1,0
BRDA:389,82,0,0
BRDA:389,82,1,0
BRDA:392,83,0,0
BRDA:392,83,1,0
BRDA:401,84,0,0
BRDA:401,84,1,0
BRDA:401,85,0,0
BRDA:401,85,1,0
BRDA:431,86,0,0
BRDA:431,86,1,0
BRDA:448,87,0,0
BRDA:448,87,1,0
BRDA:448,88,0,0
BRDA:448,88,1,0
BRDA:452,89,0,0
BRDA:452,89,1,0
BRDA:459,90,0,0
BRDA:459,90,1,0
BRDA:461,91,0,0
BRDA:461,91,1,0
BRDA:464,92,0,0
BRDA:464,92,1,0
BRDA:466,93,0,0
BRDA:466,93,1,0
BRDA:469,94,0,0
BRDA:469,94,1,0
BRDA:483,95,0,0
BRDA:483,95,1,0
BRDA:485,96,0,0
BRDA:485,96,1,0
BRDA:485,97,0,0
BRDA:485,97,1,0
BRDA:486,98,0,0
BRDA:486,98,1,0
BRDA:486,99,0,0
BRDA:486,99,1,0
BRDA:487,100,0,0
BRDA:487,100,1,0
BRDA:487,101,0,0
BRDA:487,101,1,0
BRDA:487,101,2,0
BRDA:488,102,0,0
BRDA:488,102,1,0
BRDA:492,103,0,0
BRDA:492,103,1,0
BRDA:492,103,2,0
BRDA:492,103,3,0
BRDA:492,103,4,0
BRDA:492,103,5,0
BRDA:492,103,6,0
BRDA:492,103,7,0
BRDA:492,103,8,0
BRDA:492,103,9,0
BRDA:500,104,0,0
BRDA:500,104,1,0
BRDA:502,105,0,0
BRDA:502,105,1,0
BRDA:504,106,0,0
BRDA:504,106,1,0
BRDA:520,107,0,0
BRDA:520,107,1,0
BRDA:526,108,0,0
BRDA:526,108,1,0
BRDA:535,109,0,0
BRDA:535,109,1,0
BRDA:537,110,0,0
BRDA:537,110,1,0
BRDA:542,111,0,0
BRDA:542,111,1,0
BRDA:544,112,0,0
BRDA:544,112,1,0
BRDA:553,113,0,0
BRDA:553,113,1,0
BRDA:560,114,0,0
BRDA:560,114,1,0
BRDA:603,115,0,0
BRDA:603,115,1,0
BRDA:603,115,2,0
BRDA:612,116,0,0
BRDA:612,116,1,0
BRDA:618,117,0,0
BRDA:618,117,1,0
BRDA:624,118,0,0
BRDA:624,118,1,0
BRDA:632,119,0,0
BRDA:632,119,1,0
BRDA:634,120,0,0
BRDA:634,120,1,0
BRDA:641,121,0,0
BRDA:641,121,1,0
BRDA:647,122,0,0
BRDA:647,122,1,0
BRDA:648,123,0,0
BRDA:648,123,1,0
BRDA:650,124,0,0
BRDA:650,124,1,0
BRDA:669,125,0,0
BRDA:669,125,1,0
BRDA:672,126,0,0
BRDA:672,126,1,0
BRDA:696,127,0,0
BRDA:696,127,1,0
BRDA:699,128,0,0
BRDA:699,128,1,0
BRDA:724,129,0,0
BRDA:724,129,1,0
BRDA:730,130,0,0
BRDA:730,130,1,0
BRDA:744,131,0,0
BRDA:744,131,1,0
BRDA:746,132,0,0
BRDA:746,132,1,0
BRDA:748,133,0,0
BRDA:748,133,1,0
BRDA:772,134,0,0
BRDA:772,134,1,0
BRDA:772,134,2,0
BRDA:775,135,0,0
BRDA:775,135,1,0
BRDA:775,136,0,0
BRDA:775,136,1,0
BRDA:776,137,0,0
BRDA:776,137,1,0
BRDA:776,137,2,0
BRDA:781,138,0,0
BRDA:781,138,1,0
BRDA:783,139,0,0
BRDA:783,139,1,0
BRF:296
BRH:0
end_of_record
TN:
SF:src\pages\History.js
FN:15,(anonymous_0)
FN:15,(anonymous_1)
FN:18,(anonymous_2)
FN:32,(anonymous_3)
FN:52,(anonymous_4)
FN:80,(anonymous_5)
FN:87,(anonymous_6)
FN:96,(anonymous_7)
FN:107,(anonymous_8)
FN:114,(anonymous_9)
FN:115,(anonymous_10)
FN:149,History
FN:161,(anonymous_12)
FN:166,(anonymous_13)
FN:167,(anonymous_14)
FN:172,(anonymous_15)
FN:175,(anonymous_16)
FN:183,(anonymous_17)
FN:241,(anonymous_18)
FN:277,(anonymous_19)
FN:284,(anonymous_20)
FN:290,(anonymous_21)
FN:293,(anonymous_22)
FN:323,(anonymous_23)
FN:324,(anonymous_24)
FN:327,(anonymous_25)
FN:380,(anonymous_26)
FN:386,(anonymous_27)
FN:392,(anonymous_28)
FN:408,(anonymous_29)
FN:411,(anonymous_30)
FN:454,(anonymous_31)
FN:489,(anonymous_32)
FN:496,(anonymous_33)
FN:506,(anonymous_34)
FN:594,(anonymous_35)
FN:600,(anonymous_36)
FNF:37
FNH:0
FNDA:0,(anonymous_0)
FNDA:0,(anonymous_1)
FNDA:0,(anonymous_2)
FNDA:0,(anonymous_3)
FNDA:0,(anonymous_4)
FNDA:0,(anonymous_5)
FNDA:0,(anonymous_6)
FNDA:0,(anonymous_7)
FNDA:0,(anonymous_8)
FNDA:0,(anonymous_9)
FNDA:0,(anonymous_10)
FNDA:0,History
FNDA:0,(anonymous_12)
FNDA:0,(anonymous_13)
FNDA:0,(anonymous_14)
FNDA:0,(anonymous_15)
FNDA:0,(anonymous_16)
FNDA:0,(anonymous_17)
FNDA:0,(anonymous_18)
FNDA:0,(anonymous_19)
FNDA:0,(anonymous_20)
FNDA:0,(anonymous_21)
FNDA:0,(anonymous_22)
FNDA:0,(anonymous_23)
FNDA:0,(anonymous_24)
FNDA:0,(anonymous_25)
FNDA:0,(anonymous_26)
FNDA:0,(anonymous_27)
FNDA:0,(anonymous_28)
FNDA:0,(anonymous_29)
FNDA:0,(anonymous_30)
FNDA:0,(anonymous_31)
FNDA:0,(anonymous_32)
FNDA:0,(anonymous_33)
FNDA:0,(anonymous_34)
FNDA:0,(anonymous_35)
FNDA:0,(anonymous_36)
DA:10,0
DA:15,0
DA:18,0
DA:19,0
DA:20,0
DA:21,0
DA:24,0
DA:32,0
DA:33,0
DA:34,0
DA:36,0
DA:37,0
DA:40,0
DA:42,0
DA:44,0
DA:46,0
DA:48,0
DA:52,0
DA:53,0
DA:54,0
DA:57,0
DA:58,0
DA:62,0
DA:63,0
DA:64,0
DA:66,0
DA:70,0
DA:71,0
DA:74,0
DA:75,0
DA:76,0
DA:77,0
DA:79,0
DA:80,0
DA:83,0
DA:87,0
DA:88,0
DA:89,0
DA:90,0
DA:91,0
DA:92,0
DA:93,0
DA:96,0
DA:97,0
DA:98,0
DA:99,0
DA:100,0
DA:101,0
DA:102,0
DA:103,0
DA:104,0
DA:107,0
DA:108,0
DA:109,0
DA:110,0
DA:114,0
DA:115,0
DA:116,0
DA:117,0
DA:119,0
DA:122,0
DA:123,0
DA:124,0
DA:126,0
DA:128,0
DA:131,0
DA:150,0
DA:151,0
DA:153,0
DA:154,0
DA:155,0
DA:156,0
DA:157,0
DA:158,0
DA:159,0
DA:161,0
DA:162,0
DA:166,0
DA:167,0
DA:168,0
DA:171,0
DA:172,0
DA:175,0
DA:176,0
DA:183,0
DA:184,0
DA:186,0
DA:187,0
DA:189,0
DA:194,0
DA:195,0
DA:198,0
DA:199,0
DA:204,0
DA:205,0
DA:206,0
DA:208,0
DA:212,0
DA:213,0
DA:214,0
DA:220,0
DA:221,0
DA:222,0
DA:223,0
DA:225,0
DA:227,0
DA:228,0
DA:230,0
DA:235,0
DA:236,0
DA:238,0
DA:241,0
DA:242,0
DA:243,0
DA:244,0
DA:247,0
DA:248,0
DA:249,0
DA:252,0
DA:253,0
DA:256,0
DA:257,0
DA:260,0
DA:261,0
DA:262,0
DA:264,0
DA:265,0
DA:270,0
DA:272,0
DA:277,0
DA:278,0
DA:279,0
DA:284,0
DA:285,0
DA:286,0
DA:290,0
DA:291,0
DA:293,0
DA:294,0
DA:295,0
DA:296,0
DA:298,0
DA:300,0
DA:307,0
DA:312,0
DA:317,0
DA:323,0
DA:324,0
DA:325,0
DA:327,0
DA:328,0
DA:329,0
DA:330,0
DA:332,0
DA:334,0
DA:335,0
DA:337,0
DA:338,0
DA:340,0
DA:344,0
DA:347,0
DA:348,0
DA:350,0
DA:356,0
DA:357,0
DA:359,0
DA:380,0
DA:386,0
DA:392,0
DA:409,0
DA:411,0
DA:454,0
DA:489,0
DA:496,0
DA:507,0
DA:594,0
DA:600,0
LF:177
LH:0
BRDA:10,0,0,0
BRDA:10,0,1,0
BRDA:10,0,2,0
BRDA:15,1,0,0
BRDA:15,1,1,0
BRDA:19,2,0,0
BRDA:19,2,1,0
BRDA:20,3,0,0
BRDA:20,3,1,0
BRDA:33,4,0,0
BRDA:33,4,1,0
BRDA:34,5,0,0
BRDA:34,5,1,0
BRDA:36,6,0,0
BRDA:36,6,1,0
BRDA:36,7,0,0
BRDA:36,7,1,0
BRDA:37,8,0,0
BRDA:37,8,1,0
BRDA:37,9,0,0
BRDA:37,9,1,0
BRDA:40,10,0,0
BRDA:40,10,1,0
BRDA:40,11,0,0
BRDA:40,11,1,0
BRDA:42,12,0,0
BRDA:42,12,1,0
BRDA:44,13,0,0
BRDA:44,13,1,0
BRDA:53,14,0,0
BRDA:53,14,1,0
BRDA:54,15,0,0
BRDA:54,15,1,0
BRDA:57,16,0,0
BRDA:57,16,1,0
BRDA:58,17,0,0
BRDA:58,17,1,0
BRDA:62,18,0,0
BRDA:62,18,1,0
BRDA:63,19,0,0
BRDA:63,19,1,0
BRDA:63,20,0,0
BRDA:63,20,1,0
BRDA:70,21,0,0
BRDA:70,21,1,0
BRDA:71,22,0,0
BRDA:71,22,1,0
BRDA:74,23,0,0
BRDA:74,23,1,0
BRDA:74,24,0,0
BRDA:74,24,1,0
BRDA:75,25,0,0
BRDA:75,25,1,0
BRDA:75,26,0,0
BRDA:75,26,1,0
BRDA:76,27,0,0
BRDA:76,27,1,0
BRDA:76,28,0,0
BRDA:76,28,1,0
BRDA:77,29,0,0
BRDA:77,29,1,0
BRDA:77,30,0,0
BRDA:77,30,1,0
BRDA:79,31,0,0
BRDA:79,31,1,0
BRDA:88,32,0,0
BRDA:88,32,1,0
BRDA:88,33,0,0
BRDA:88,33,1,0
BRDA:92,34,0,0
BRDA:92,34,1,0
BRDA:93,35,0,0
BRDA:93,35,1,0
BRDA:98,36,0,0
BRDA:98,36,1,0
BRDA:98,37,0,0
BRDA:98,37,1,0
BRDA:100,38,0,0
BRDA:100,38,1,0
BRDA:101,39,0,0
BRDA:101,39,1,0
BRDA:102,40,0,0
BRDA:102,40,1,0
BRDA:103,41,0,0
BRDA:103,41,1,0
BRDA:108,42,0,0
BRDA:108,42,1,0
BRDA:110,43,0,0
BRDA:110,43,1,0
BRDA:117,44,0,0
BRDA:117,44,1,0
BRDA:117,45,0,0
BRDA:117,45,1,0
BRDA:122,46,0,0
BRDA:122,46,1,0
BRDA:123,47,0,0
BRDA:123,47,1,0
BRDA:124,48,0,0
BRDA:124,48,1,0
BRDA:125,49,0,0
BRDA:125,49,1,0
BRDA:125,50,0,0
BRDA:125,50,1,0
BRDA:126,51,0,0
BRDA:126,51,1,0
BRDA:128,52,0,0
BRDA:128,52,1,0
BRDA:129,53,0,0
BRDA:129,53,1,0
BRDA:137,54,0,0
BRDA:137,54,1,0
BRDA:140,55,0,0
BRDA:140,55,1,0
BRDA:142,56,0,0
BRDA:142,56,1,0
BRDA:162,57,0,0
BRDA:162,57,1,0
BRDA:184,58,0,0
BRDA:184,58,1,0
BRDA:204,59,0,0
BRDA:204,59,1,0
BRDA:208,60,0,0
BRDA:208,60,1,0
BRDA:209,61,0,0
BRDA:209,61,1,0
BRDA:210,62,0,0
BRDA:210,62,1,0
BRDA:212,63,0,0
BRDA:212,63,1,0
BRDA:220,64,0,0
BRDA:220,64,1,0
BRDA:222,65,0,0
BRDA:222,65,1,0
BRDA:227,66,0,0
BRDA:227,66,1,0
BRDA:235,67,0,0
BRDA:235,67,1,0
BRDA:242,68,0,0
BRDA:242,68,1,0
BRDA:243,69,0,0
BRDA:243,69,1,0
BRDA:264,70,0,0
BRDA:264,70,1,0
BRDA:278,71,0,0
BRDA:278,71,1,0
BRDA:278,72,0,0
BRDA:278,72,1,0
BRDA:291,73,0,0
BRDA:291,73,1,0
BRDA:294,74,0,0
BRDA:294,74,1,0
BRDA:295,75,0,0
BRDA:295,75,1,0
BRDA:296,76,0,0
BRDA:296,76,1,0
BRDA:298,77,0,0
BRDA:298,77,1,0
BRDA:298,77,2,0
BRDA:298,77,3,0
BRDA:300,78,0,0
BRDA:300,78,1,0
BRDA:300,78,2,0
BRDA:300,78,3,0
BRDA:300,78,4,0
BRDA:307,79,0,0
BRDA:307,79,1,0
BRDA:307,79,2,0
BRDA:312,80,0,0
BRDA:312,80,1,0
BRDA:312,80,2,0
BRDA:328,81,0,0
BRDA:328,81,1,0
BRDA:329,82,0,0
BRDA:329,82,1,0
BRDA:330,83,0,0
BRDA:330,83,1,0
BRDA:332,84,0,0
BRDA:332,84,1,0
BRDA:332,85,0,0
BRDA:332,85,1,0
BRDA:332,85,2,0
BRDA:332,85,3,0
BRDA:332,85,4,0
BRDA:335,86,0,0
BRDA:335,86,1,0
BRDA:335,87,0,0
BRDA:335,87,1,0
BRDA:335,87,2,0
BRDA:338,88,0,0
BRDA:338,88,1,0
BRDA:338,89,0,0
BRDA:338,89,1,0
BRDA:338,89,2,0
BRDA:372,90,0,0
BRDA:372,90,1,0
BRDA:402,91,0,0
BRDA:402,91,1,0
BRDA:413,92,0,0
BRDA:413,92,1,0
BRDA:418,93,0,0
BRDA:418,93,1,0
BRDA:425,94,0,0
BRDA:425,94,1,0
BRDA:438,95,0,0
BRDA:438,95,1,0
BRDA:440,96,0,0
BRDA:440,96,1,0
BRDA:451,97,0,0
BRDA:451,97,1,0
BRDA:467,98,0,0
BRDA:467,98,1,0
BRDA:467,99,0,0
BRDA:467,99,1,0
BRDA:475,100,0,0
BRDA:475,100,1,0
BRDA:479,101,0,0
BRDA:479,101,1,0
BRDA:482,102,0,0
BRDA:482,102,1,0
BRDA:494,103,0,0
BRDA:494,103,1,0
BRDA:522,104,0,0
BRDA:522,104,1,0
BRDA:529,105,0,0
BRDA:529,105,1,0
BRDA:531,106,0,0
BRDA:531,106,1,0
BRDA:535,107,0,0
BRDA:535,107,1,0
BRDA:539,108,0,0
BRDA:539,108,1,0
BRDA:546,109,0,0
BRDA:546,109,1,0
BRDA:552,110,0,0
BRDA:552,110,1,0
BRDA:557,111,0,0
BRDA:557,111,1,0
BRDA:562,112,0,0
BRDA:562,112,1,0
BRDA:580,113,0,0
BRDA:580,113,1,0
BRDA:615,114,0,0
BRDA:615,114,1,0
BRF:243
BRH:0
end_of_record
TN:
SF:src\pages\LoginPage.js
FN:8,LoginPage
FN:16,(anonymous_1)
FN:50,(anonymous_2)
FN:64,(anonymous_3)
FN:72,(anonymous_4)
FN:72,(anonymous_5)
FNF:6
FNH:0
FNDA:0,LoginPage
FNDA:0,(anonymous_1)
FNDA:0,(anonymous_2)
FNDA:0,(anonymous_3)
FNDA:0,(anonymous_4)
FNDA:0,(anonymous_5)
DA:9,0
DA:10,0
DA:11,0
DA:12,0
DA:13,0
DA:14,0
DA:16,0
DA:17,0
DA:18,0
DA:19,0
DA:20,0
DA:21,0
DA:22,0
DA:23,0
DA:25,0
DA:27,0
DA:31,0
DA:50,0
DA:64,0
DA:72,0
LF:20
LH:0
BRDA:18,0,0,0
BRDA:18,0,1,0
BRDA:18,1,0,0
BRDA:18,1,1,0
BRDA:25,2,0,0
BRDA:25,2,1,0
BRDA:62,3,0,0
BRDA:62,3,1,0
BRDA:74,4,0,0
BRDA:74,4,1,0
BRDA:76,5,0,0
BRDA:76,5,1,0
BRDA:88,6,0,0
BRDA:88,6,1,0
BRF:14
BRH:0
end_of_record
TN:
SF:src\pages\Register.js
FN:9,RegisterPage
FN:17,(anonymous_1)
FN:17,(anonymous_2)
FN:17,(anonymous_3)
FN:19,(anonymous_4)
FN:88,(anonymous_5)
FN:88,(anonymous_6)
FN:111,(anonymous_7)
FN:111,(anonymous_8)
FNF:9
FNH:0
FNDA:0,RegisterPage
FNDA:0,(anonymous_1)
FNDA:0,(anonymous_2)
FNDA:0,(anonymous_3)
FNDA:0,(anonymous_4)
FNDA:0,(anonymous_5)
FNDA:0,(anonymous_6)
FNDA:0,(anonymous_7)
FNDA:0,(anonymous_8)
DA:10,0
DA:11,0
DA:12,0
DA:13,0
DA:14,0
DA:15,0
DA:17,0
DA:19,0
DA:20,0
DA:21,0
DA:22,0
DA:23,0
DA:24,0
DA:25,0
DA:26,0
DA:27,0
DA:28,0
DA:30,0
DA:32,0
DA:36,0
DA:88,0
DA:111,0
LF:22
LH:0
BRDA:21,0,0,0
BRDA:21,0,1,0
BRDA:21,1,0,0
BRDA:21,1,1,0
BRDA:21,1,2,0
BRDA:22,2,0,0
BRDA:22,2,1,0
BRDA:30,3,0,0
BRDA:30,3,1,0
BRDA:78,4,0,0
BRDA:78,4,1,0
BRDA:90,5,0,0
BRDA:90,5,1,0
BRDA:92,6,0,0
BRDA:92,6,1,0
BRDA:101,7,0,0
BRDA:101,7,1,0
BRDA:113,8,0,0
BRDA:113,8,1,0
BRDA:115,9,0,0
BRDA:115,9,1,0
BRDA:127,10,0,0
BRDA:127,10,1,0
BRF:23
BRH:0
end_of_record
TN:
SF:src\pages\SubscriptionPage.js
FN:26,fetchBillingConfig
FN:42,SubscriptionPage
FN:55,(anonymous_2)
FN:56,(anonymous_3)
FN:58,(anonymous_4)
FN:72,(anonymous_5)
FN:102,(anonymous_6)
FN:110,(anonymous_7)
FN:120,(anonymous_8)
FN:159,(anonymous_9)
FN:184,(anonymous_10)
FN:189,(anonymous_11)
FN:202,(anonymous_12)
FN:209,(anonymous_13)
FN:211,(anonymous_14)
FN:214,(anonymous_15)
FN:222,(anonymous_16)
FN:224,(anonymous_17)
FN:237,(anonymous_18)
FN:261,(anonymous_19)
FN:301,(anonymous_20)
FN:303,(anonymous_21)
FN:338,(anonymous_22)
FN:341,(anonymous_23)
FN:380,(anonymous_24)
FN:399,(anonymous_25)
FN:415,(anonymous_26)
FN:439,(anonymous_27)
FNF:28
FNH:0
FNDA:0,fetchBillingConfig
FNDA:0,SubscriptionPage
FNDA:0,(anonymous_2)
FNDA:0,(anonymous_3)
FNDA:0,(anonymous_4)
FNDA:0,(anonymous_5)
FNDA:0,(anonymous_6)
FNDA:0,(anonymous_7)
FNDA:0,(anonymous_8)
FNDA:0,(anonymous_9)
FNDA:0,(anonymous_10)
FNDA:0,(anonymous_11)
FNDA:0,(anonymous_12)
FNDA:0,(anonymous_13)
FNDA:0,(anonymous_14)
FNDA:0,(anonymous_15)
FNDA:0,(anonymous_16)
FNDA:0,(anonymous_17)
FNDA:0,(anonymous_18)
FNDA:0,(anonymous_19)
FNDA:0,(anonymous_20)
FNDA:0,(anonymous_21)
FNDA:0,(anonymous_22)
FNDA:0,(anonymous_23)
FNDA:0,(anonymous_24)
FNDA:0,(anonymous_25)
FNDA:0,(anonymous_26)
FNDA:0,(anonymous_27)
DA:15,0
DA:19,0
DA:27,0
DA:28,0
DA:29,0
DA:30,0
DA:31,0
DA:38,0
DA:43,0
DA:44,0
DA:45,0
DA:46,0
DA:48,0
DA:49,0
DA:50,0
DA:51,0
DA:52,0
DA:53,0
DA:55,0
DA:56,0
DA:58,0
DA:59,0
DA:60,0
DA:62,0
DA:63,0
DA:64,0
DA:66,0
DA:68,0
DA:69,0
DA:70,0
DA:72,0
DA:73,0
DA:74,0
DA:75,0
DA:76,0
DA:77,0
DA:78,0
DA:79,0
DA:80,0
DA:81,0
DA:83,0
DA:85,0
DA:86,0
DA:87,0
DA:90,0
DA:92,0
DA:93,0
DA:94,0
DA:98,0
DA:102,0
DA:103,0
DA:104,0
DA:105,0
DA:107,0
DA:110,0
DA:111,0
DA:112,0
DA:113,0
DA:117,0
DA:118,0
DA:120,0
DA:121,0
DA:122,0
DA:123,0
DA:125,0
DA:130,0
DA:132,0
DA:133,0
DA:135,0
DA:136,0
DA:137,0
DA:138,0
DA:139,0
DA:140,0
DA:141,0
DA:142,0
DA:143,0
DA:144,0
DA:145,0
DA:147,0
DA:148,0
DA:151,0
DA:152,0
DA:153,0
DA:155,0
DA:159,0
DA:160,0
DA:162,0
DA:163,0
DA:164,0
DA:165,0
DA:168,0
DA:169,0
DA:170,0
DA:171,0
DA:172,0
DA:173,0
DA:175,0
DA:176,0
DA:177,0
DA:179,0
DA:184,0
DA:185,0
DA:186,0
DA:189,0
DA:190,0
DA:194,0
DA:195,0
DA:197,0
DA:198,0
DA:199,0
DA:202,0
DA:203,0
DA:204,0
DA:205,0
DA:206,0
DA:209,0
DA:211,0
DA:213,0
DA:214,0
DA:222,0
DA:224,0
DA:225,0
DA:226,0
DA:227,0
DA:228,0
DA:230,0
DA:231,0
DA:233,0
DA:234,0
DA:235,0
DA:237,0
DA:245,0
DA:248,0
DA:250,0
DA:261,0
DA:301,0
DA:303,0
DA:338,0
DA:341,0
DA:380,0
DA:400,0
DA:416,0
DA:439,0
LF:144
LH:0
BRDA:15,0,0,0
BRDA:15,0,1,0
BRDA:15,0,2,0
BRDA:29,1,0,0
BRDA:29,1,1,0
BRDA:32,2,0,0
BRDA:32,2,1,0
BRDA:34,3,0,0
BRDA:34,3,1,0
BRDA:34,4,0,0
BRDA:34,4,1,0
BRDA:62,5,0,0
BRDA:62,5,1,0
BRDA:62,6,0,0
BRDA:62,6,1,0
BRDA:62,6,2,0
BRDA:75,7,0,0
BRDA:75,7,1,0
BRDA:76,8,0,0
BRDA:76,8,1,0
BRDA:83,9,0,0
BRDA:83,9,1,0
BRDA:90,10,0,0
BRDA:90,10,1,0
BRDA:103,11,0,0
BRDA:103,11,1,0
BRDA:111,12,0,0
BRDA:111,12,1,0
BRDA:111,13,0,0
BRDA:111,13,1,0
BRDA:132,14,0,0
BRDA:132,14,1,0
BRDA:132,15,0,0
BRDA:132,15,1,0
BRDA:136,16,0,0
BRDA:136,16,1,0
BRDA:136,17,0,0
BRDA:136,17,1,0
BRDA:138,18,0,0
BRDA:138,18,1,0
BRDA:140,19,0,0
BRDA:140,19,1,0
BRDA:142,20,0,0
BRDA:142,20,1,0
BRDA:144,21,0,0
BRDA:144,21,1,0
BRDA:160,22,0,0
BRDA:160,22,1,0
BRDA:162,23,0,0
BRDA:162,23,1,0
BRDA:176,24,0,0
BRDA:176,24,1,0
BRDA:177,25,0,0
BRDA:177,25,1,0
BRDA:185,26,0,0
BRDA:185,26,1,0
BRDA:195,27,0,0
BRDA:195,27,1,0
BRDA:195,28,0,0
BRDA:195,28,1,0
BRDA:198,29,0,0
BRDA:198,29,1,0
BRDA:203,30,0,0
BRDA:203,30,1,0
BRDA:205,31,0,0
BRDA:205,31,1,0
BRDA:205,32,0,0
BRDA:205,32,1,0
BRDA:206,33,0,0
BRDA:206,33,1,0
BRDA:209,34,0,0
BRDA:209,34,1,0
BRDA:211,35,0,0
BRDA:211,35,1,0
BRDA:222,36,0,0
BRDA:222,36,1,0
BRDA:222,36,2,0
BRDA:222,36,3,0
BRDA:226,37,0,0
BRDA:226,37,1,0
BRDA:227,38,0,0
BRDA:227,38,1,0
BRDA:230,39,0,0
BRDA:230,39,1,0
BRDA:231,40,0,0
BRDA:231,40,1,0
BRDA:231,41,0,0
BRDA:231,41,1,0
BRDA:233,42,0,0
BRDA:233,42,1,0
BRDA:238,43,0,0
BRDA:238,43,1,0
BRDA:239,44,0,0
BRDA:239,44,1,0
BRDA:239,45,0,0
BRDA:239,45,1,0
BRDA:239,46,0,0
BRDA:239,46,1,0
BRDA:241,47,0,0
BRDA:241,47,1,0
BRDA:241,48,0,0
BRDA:241,48,1,0
BRDA:248,49,0,0
BRDA:248,49,1,0
BRDA:269,50,0,0
BRDA:269,50,1,0
BRDA:287,51,0,0
BRDA:287,51,1,0
BRDA:297,52,0,0
BRDA:297,52,1,0
BRDA:297,53,0,0
BRDA:297,53,1,0
BRDA:302,54,0,0
BRDA:302,54,1,0
BRDA:302,54,2,0
BRDA:318,55,0,0
BRDA:318,55,1,0
BRDA:336,56,0,0
BRDA:336,56,1,0
BRDA:338,57,0,0
BRDA:338,57,1,0
BRDA:338,58,0,0
BRDA:338,58,1,0
BRDA:338,59,0,0
BRDA:338,59,1,0
BRDA:339,60,0,0
BRDA:339,60,1,0
BRDA:339,61,0,0
BRDA:339,61,1,0
BRDA:341,62,0,0
BRDA:341,62,1,0
BRDA:341,63,0,0
BRDA:341,63,1,0
BRDA:341,64,0,0
BRDA:341,64,1,0
BRDA:342,65,0,0
BRDA:342,65,1,0
BRDA:342,66,0,0
BRDA:342,66,1,0
BRDA:350,67,0,0
BRDA:350,67,1,0
BRDA:352,68,0,0
BRDA:352,68,1,0
BRDA:356,69,0,0
BRDA:356,69,1,0
BRDA:356,70,0,0
BRDA:356,70,1,0
BRDA:368,71,0,0
BRDA:368,71,1,0
BRDA:368,71,2,0
BRDA:370,72,0,0
BRDA:370,72,1,0
BRDA:374,73,0,0
BRDA:374,73,1,0
BRDA:380,74,0,0
BRDA:380,74,1,0
BRDA:383,75,0,0
BRDA:383,75,1,0
BRDA:387,76,0,0
BRDA:387,76,1,0
BRDA:400,77,0,0
BRDA:400,77,1,0
BRDA:400,78,0,0
BRDA:400,78,1,0
BRDA:401,79,0,0
BRDA:401,79,1,0
BRDA:401,79,2,0
BRDA:402,80,0,0
BRDA:402,80,1,0
BRDA:403,81,0,0
BRDA:403,81,1,0
BRDA:406,82,0,0
BRDA:406,82,1,0
BRDA:406,83,0,0
BRDA:406,83,1,0
BRDA:411,84,0,0
BRDA:411,84,1,0
BRDA:432,85,0,0
BRDA:432,85,1,0
BRDA:432,86,0,0
BRDA:432,86,1,0
BRDA:455,87,0,0
BRDA:455,87,1,0
BRF:183
BRH:0
end_of_record
TN:
SF:src\pages\newFile.js
FNF:0
FNH:0
LF:0
LH:0
BRF:0
BRH:0
end_of_record
TN:
SF:src\utils\userDisplay.js
FN:4,(anonymous_0)
FN:7,(anonymous_1)
FN:17,(anonymous_2)
FN:46,(anonymous_3)
FNF:4
FNH:0
FNDA:0,(anonymous_0)
FNDA:0,(anonymous_1)
FNDA:0,(anonymous_2)
FNDA:0,(anonymous_3)
DA:4,0
DA:5,0
DA:7,0
DA:8,0
DA:9,0
DA:10,0
DA:11,0
DA:13,0
DA:17,0
DA:20,0
DA:24,0
DA:27,0
DA:28,0
DA:29,0
DA:30,0
DA:31,0
DA:36,0
DA:37,0
DA:38,0
DA:39,0
DA:43,0
DA:46,0
DA:48,0
DA:53,0
DA:56,0
DA:57,0
LF:26
LH:0
BRDA:5,0,0,0
BRDA:5,0,1,0
BRDA:20,1,0,0
BRDA:20,1,1,0
BRDA:20,1,2,0
BRDA:20,1,3,0
BRDA:24,2,0,0
BRDA:24,2,1,0
BRDA:29,3,0,0
BRDA:29,3,1,0
BRDA:31,4,0,0
BRDA:31,4,1,0
BRDA:37,5,0,0
BRDA:37,5,1,0
BRDA:39,6,0,0
BRDA:39,6,1,0
BRDA:48,7,0,0
BRDA:48,7,1,0
BRDA:48,7,2,0
BRDA:48,7,3,0
BRDA:53,8,0,0
BRDA:53,8,1,0
BRDA:53,9,0,0
BRDA:53,9,1,0
BRDA:57,10,0,0
BRDA:57,10,1,0
BRDA:57,11,0,0
BRDA:57,11,1,0
BRF:28
BRH:0
end_of_record
